{
  "seleniumLog": [
    {
      "commandName": "navigateToURL",
      "args": [
        "[http://amtrak.com]"
      ],
      "result": "success",
      "subLogs": [
        {
          "commandName": "get",
          "args": [
            "{url=http://amtrak.com}"
          ],
          "result": "null",
          "subLogs": [],
          "duration": 302
        }
      ],
      "duration": -1
    },
    {
      "commandName": "iClick",
      "args": [
        "[train.status]"
      ],
      "result": "success",
      "subLogs": [
        {
          "commandName": "findElement",
          "args": [
            "{value=//*[text()=\"Train Status\"], using=xpath}"
          ],
          "result": "id: 16",
          "subLogs": [],
          "duration": 591
        },
        {
          "commandName": "clickElement",
          "args": [
            "By.xpath: //*[text()=\"Train Status\"]",
            "{\"id\":\"16\"}"
          ],
          "result": "clickElement:null",
          "subLogs": [],
          "duration": 384
        }
      ],
      "duration": -1
    },
    {
      "commandName": "iClick",
      "args": [
        "[find.Station]"
      ],
      "result": "fail",
      "subLogs": [
        {
          "commandName": "findElement",
          "args": [
            "{value=(//*[@value='Find a Station' and @type='submit'])[2], using=xpath}"
          ],
          "result": "Element with by xpath '(//*[@value='Find a Station' and @type='submit'])[2]' wasn't found.\nFor documentation on this error, please visit: http://seleniumhq.org/exceptions/no_such_element.html\nBuild info: version: '2.48.2', revision: '41bccdd10cf2c0560f637404c2d96164b67d9d67', time: '2015-10-09 13:08:06'\nSystem info: host: 'Beta-MCM', ip: '1.1.95.10', os.name: 'Windows Server 2008 R2', os.arch: 'amd64', os.version: '6.1', java.version: '1.8.0_102'\nDriver info: driver.version: EventFiringWebDriver\nCommand duration or timeout: 30.43 seconds\nFor documentation on this error, please visit: http://seleniumhq.org/exceptions/no_such_element.html\nBuild info: version: '2.53.0', revision: '35ae25b1534ae328c771e0856c93e187490ca824', time: '2016-03-15 10:43:46'\nSystem info: host: 'UziMac', ip: '192.168.43.133', os.name: 'Mac OS X', os.arch: 'x86_64', os.version: '10.11.1', java.version: '1.8.0_45'\nDriver info: com.qmetry.qaf.automation.ui.webdriver.QAFExtendedWebDriver\nCapabilities [{rotatable=true, testGridReportUrl=https://beta.reporting-01.perfectomobile.com?externalId[0]=uzie@perfectomobile.com_RemoteWebDriver_16-10-25_10_44_04_5432, entityType=remote_web_driver, deviceName=988667325047395643, serverConnector=, platform=ANY, executionId=uzie@perfectomobile.com_RemoteWebDriver_16-10-25_10_44_04_5432, password=, webdriver.remote.sessionid=2aca9c3c-87e2-41e2-8e5a-7629b6e1782e, automationName=Appium, host=beta.perfectomobile.com, singleTestReportUrl=https://beta.perfectomobile.com/nexperience/singletest/report/?reportRepositoryKey=PRIVATE:RemoteWebDriver/161025/RemoteWebDriver_16-10-25_10_44_04_5432.xml&ownerId=uzie@perfectomobile.com&sharingCode=8b29fdba-f2dc-4021-bbf2-5e96bc3f8373, locationContextEnabled=true, takesScreenshot=true, browserName=MobileOS, scriptName=RemoteWebDriver, javascriptEnabled=true, reportKey=PRIVATE:RemoteWebDriver/161025/RemoteWebDriver_16-10-25_10_44_04_5432.xml, windTunnelReportUrl=https://beta.perfectomobile.com/nexperience/singletest/report/?reportRepositoryKey=PRIVATE:RemoteWebDriver/161025/RemoteWebDriver_16-10-25_10_44_04_5432.xml&ownerId=uzie@perfectomobile.com&sharingCode=8b29fdba-f2dc-4021-bbf2-5e96bc3f8373, user=, cssSelectorsEnabled=true}]\nSession ID: 2aca9c3c-87e2-41e2-8e5a-7629b6e1782e\n*** Element info: {Using=xpath, value=(//*[@value='Find a Station' and @type='submit'])[2]}",
          "subLogs": [],
          "duration": 30429
        },
        {
          "commandName": "clickElement",
          "args": [
            "By.xpath: (//*[@value='Find a Station' and @type='submit'])[2]",
            "{\"id\":\"-1\"}"
          ],
          "result": "Timed out after 30 seconds waiting for presence of element located by: By.xpath: (//*[@value='Find a Station' and @type='submit'])[2]\nBuild info: version: '2.53.0', revision: '35ae25b1534ae328c771e0856c93e187490ca824', time: '2016-03-15 10:43:46'\nSystem info: host: 'UziMac', ip: '192.168.43.133', os.name: 'Mac OS X', os.arch: 'x86_64', os.version: '10.11.1', java.version: '1.8.0_45'\nDriver info: driver.version: QAFExtendedWebDriver",
          "subLogs": [],
          "duration": -76407274
        }
      ],
      "duration": -1
    },
    {
      "commandName": "Then I click on \"Station.abl\"",
      "args": [
        "[Station.abl]"
      ],
      "result": "Not Run",
      "subLogs": [],
      "duration": -1
    },
    {
      "commandName": "Then I enter \"${number}\" to \"bus.number\"",
      "args": [
        "[30, bus.number]"
      ],
      "result": "Not Run",
      "subLogs": [],
      "duration": -1
    },
    {
      "commandName": "Then I click on \"status.button\"",
      "args": [
        "[status.button]"
      ],
      "result": "Not Run",
      "subLogs": [],
      "duration": -1
    }
  ],
  "checkPoints": [
    {
      "message": "Given I open browser to webpage \"http://amtrak.com\"",
      "type": "TestStepPass",
      "duration": 303,
      "threshold": 0,
      "subCheckPoints": []
    },
    {
      "message": "Then I click on \"train.status\"",
      "type": "TestStepPass",
      "duration": 977,
      "threshold": 0,
      "subCheckPoints": []
    },
    {
      "message": "Then I click on \"find.Station\"",
      "type": "TestStepFail",
      "screenshot": "img/Amtrak-DT_t8z60qp89pb521480.png",
      "duration": 30430,
      "threshold": 0,
      "subCheckPoints": [
        {
          "message": "Timed out after 30 seconds waiting for presence of element located by: By.xpath: (//*[@value='Find a Station' and @type='submit'])[2]\nBuild info: version: '2.53.0', revision: '35ae25b1534ae328c771e0856c93e187490ca824', time: '2016-03-15 10:43:46'\nSystem info: host: 'UziMac', ip: '192.168.43.133', os.name: 'Mac OS X', os.arch: 'x86_64', os.version: '10.11.1', java.version: '1.8.0_45'\nDriver info: driver.version: QAFExtendedWebDriver",
          "type": "Fail",
          "duration": 0,
          "threshold": 0,
          "subCheckPoints": []
        }
      ]
    },
    {
      "message": "Then I click on \"Station.abl\"",
      "type": "TestStep",
      "duration": 0,
      "threshold": 0,
      "subCheckPoints": []
    },
    {
      "message": "Then I enter \"${number}\" to \"bus.number\"",
      "type": "TestStep",
      "duration": 0,
      "threshold": 0,
      "subCheckPoints": []
    },
    {
      "message": "Then I click on \"status.button\"",
      "type": "TestStep",
      "duration": 0,
      "threshold": 0,
      "subCheckPoints": []
    }
  ],
  "errorTrace": "org.openqa.selenium.TimeoutException: Timed out after 30 seconds waiting for presence of element located by: By.xpath: (//*[@value='Find a Station' and @type='submit'])[2]\nBuild info: version: '2.53.0', revision: '35ae25b1534ae328c771e0856c93e187490ca824', time: '2016-03-15 10:43:46'\nSystem info: host: 'UziMac', ip: '192.168.43.133', os.name: 'Mac OS X', os.arch: 'x86_64', os.version: '10.11.1', java.version: '1.8.0_45'\nDriver info: driver.version: QAFExtendedWebDriver\n\tat .Then I click on \"find.Station\"(scenarios/Amtrak.feature:30)\n\tat org.openqa.selenium.support.ui.FluentWait.timeoutException(FluentWait.java:292)\n\tat org.openqa.selenium.support.ui.FluentWait.until(FluentWait.java:261)\n\tat com.qmetry.qaf.automation.ui.webdriver.QAFExtendedWebDriver.load(QAFExtendedWebDriver.java:202)\n\tat com.qmetry.qaf.automation.ui.webdriver.QAFExtendedWebElement.load(QAFExtendedWebElement.java:272)\n\tat com.qmetry.qaf.automation.ui.webdriver.QAFExtendedWebElement.execute(QAFExtendedWebElement.java:227)\n\tat org.openqa.selenium.remote.RemoteWebElement.click(RemoteWebElement.java:85)\n\tat com.qmetry.qaf.automation.step.CommonStep.click(CommonStep.java:612)\n\tat com.sample.automation.common.steps.PerfectoApplicationSteps.iClick(PerfectoApplicationSteps.java:223)\n\tat com.qmetry.qaf.automation.step.JavaStep.doExecute(JavaStep.java:154)\n\tat com.qmetry.qaf.automation.step.BaseTestStep.execute(BaseTestStep.java:148)\n\tat com.qmetry.qaf.automation.step.StringTestStep.execute(StringTestStep.java:130)\n\tat com.qmetry.qaf.automation.step.client.Scenario.execute(Scenario.java:148)\n\tat com.qmetry.qaf.automation.step.client.DataDrivenScenario.scenario(DataDrivenScenario.java:84)\n\tat java.util.concurrent.FutureTask.run(FutureTask.java:266)\n\tat java.util.concurrent.ThreadPoolExecutor.runWorker(ThreadPoolExecutor.java:1142)\n\tat java.util.concurrent.ThreadPoolExecutor$Worker.run(ThreadPoolExecutor.java:617)\n\tat java.lang.Thread.run(Thread.java:745)\nCaused by: org.openqa.selenium.NoSuchElementException: Element with by xpath '(//*[@value='Find a Station' and @type='submit'])[2]' wasn't found.\nFor documentation on this error, please visit: http://seleniumhq.org/exceptions/no_such_element.html\nBuild info: version: '2.48.2', revision: '41bccdd10cf2c0560f637404c2d96164b67d9d67', time: '2015-10-09 13:08:06'\nSystem info: host: 'Beta-MCM', ip: '1.1.95.10', os.name: 'Windows Server 2008 R2', os.arch: 'amd64', os.version: '6.1', java.version: '1.8.0_102'\nDriver info: driver.version: EventFiringWebDriver\nCommand duration or timeout: 30.43 seconds\nFor documentation on this error, please visit: http://seleniumhq.org/exceptions/no_such_element.html\nBuild info: version: '2.53.0', revision: '35ae25b1534ae328c771e0856c93e187490ca824', time: '2016-03-15 10:43:46'\nSystem info: host: 'UziMac', ip: '192.168.43.133', os.name: 'Mac OS X', os.arch: 'x86_64', os.version: '10.11.1', java.version: '1.8.0_45'\nDriver info: com.qmetry.qaf.automation.ui.webdriver.QAFExtendedWebDriver\nCapabilities [{rotatable=true, testGridReportUrl=https://beta.reporting-01.perfectomobile.com?externalId[0]=uzie@perfectomobile.com_RemoteWebDriver_16-10-25_10_44_04_5432, entityType=remote_web_driver, deviceName=988667325047395643, serverConnector=, platform=ANY, executionId=uzie@perfectomobile.com_RemoteWebDriver_16-10-25_10_44_04_5432, password=, webdriver.remote.sessionid=2aca9c3c-87e2-41e2-8e5a-7629b6e1782e, automationName=Appium, host=beta.perfectomobile.com, singleTestReportUrl=https://beta.perfectomobile.com/nexperience/singletest/report/?reportRepositoryKey=PRIVATE:RemoteWebDriver/161025/RemoteWebDriver_16-10-25_10_44_04_5432.xml&ownerId=uzie@perfectomobile.com&sharingCode=8b29fdba-f2dc-4021-bbf2-5e96bc3f8373, locationContextEnabled=true, takesScreenshot=true, browserName=MobileOS, scriptName=RemoteWebDriver, javascriptEnabled=true, reportKey=PRIVATE:RemoteWebDriver/161025/RemoteWebDriver_16-10-25_10_44_04_5432.xml, windTunnelReportUrl=https://beta.perfectomobile.com/nexperience/singletest/report/?reportRepositoryKey=PRIVATE:RemoteWebDriver/161025/RemoteWebDriver_16-10-25_10_44_04_5432.xml&ownerId=uzie@perfectomobile.com&sharingCode=8b29fdba-f2dc-4021-bbf2-5e96bc3f8373, user=, cssSelectorsEnabled=true}]\nSession ID: 2aca9c3c-87e2-41e2-8e5a-7629b6e1782e\n*** Element info: {Using=xpath, value=(//*[@value='Find a Station' and @type='submit'])[2]}\n\tat sun.reflect.NativeConstructorAccessorImpl.newInstance0(Native Method)\n\tat sun.reflect.NativeConstructorAccessorImpl.newInstance(NativeConstructorAccessorImpl.java:62)\n\tat sun.reflect.DelegatingConstructorAccessorImpl.newInstance(DelegatingConstructorAccessorImpl.java:45)\n\tat java.lang.reflect.Constructor.newInstance(Constructor.java:422)\n\tat org.openqa.selenium.remote.ErrorHandler.createThrowable(ErrorHandler.java:206)\n\tat org.openqa.selenium.remote.ErrorHandler.throwIfResponseFailed(ErrorHandler.java:158)\n\tat org.openqa.selenium.remote.RemoteWebDriver.execute(RemoteWebDriver.java:678)\n\tat com.qmetry.qaf.automation.ui.webdriver.QAFExtendedWebDriver.execute(QAFExtendedWebDriver.java:222)\n\tat org.openqa.selenium.remote.RemoteWebDriver.findElement(RemoteWebDriver.java:363)\n\tat org.openqa.selenium.remote.RemoteWebDriver.findElementByXPath(RemoteWebDriver.java:500)\n\tat com.qmetry.qaf.automation.ui.webdriver.QAFExtendedWebDriver.findElementByXPath(QAFExtendedWebDriver.java:384)\n\tat com.qmetry.qaf.automation.ui.webdriver.QAFExtendedWebDriver.findElementByXPath(QAFExtendedWebDriver.java:1)\n\tat org.openqa.selenium.By$ByXPath.findElement(By.java:361)\n\tat org.openqa.selenium.remote.RemoteWebDriver.findElement(RemoteWebDriver.java:355)\n\tat com.qmetry.qaf.automation.ui.webdriver.QAFExtendedWebDriver.findElement(QAFExtendedWebDriver.java:157)\n\tat com.qmetry.qaf.automation.ui.webdriver.QAFExtendedWebDriver.findElement(QAFExtendedWebDriver.java:1)\n\tat org.openqa.selenium.support.ui.ExpectedConditions.findElement(ExpectedConditions.java:899)\n\tat org.openqa.selenium.support.ui.ExpectedConditions.access$000(ExpectedConditions.java:41)\n\tat org.openqa.selenium.support.ui.ExpectedConditions$6.apply(ExpectedConditions.java:181)\n\tat org.openqa.selenium.support.ui.ExpectedConditions$6.apply(ExpectedConditions.java:178)\n\tat org.openqa.selenium.support.ui.FluentWait.until(FluentWait.java:238)\n\tat com.qmetry.qaf.automation.ui.webdriver.QAFExtendedWebDriver.load(QAFExtendedWebDriver.java:202)\n\tat com.qmetry.qaf.automation.ui.webdriver.QAFExtendedWebElement.load(QAFExtendedWebElement.java:272)\n\tat com.qmetry.qaf.automation.ui.webdriver.QAFExtendedWebElement.execute(QAFExtendedWebElement.java:227)\n\tat org.openqa.selenium.remote.RemoteWebElement.click(RemoteWebElement.java:85)\n\tat com.qmetry.qaf.automation.step.CommonStep.click(CommonStep.java:612)\n\tat com.sample.automation.common.steps.PerfectoApplicationSteps.iClick(PerfectoApplicationSteps.java:223)\n\tat sun.reflect.GeneratedMethodAccessor3.invoke(Unknown Source)\n\tat sun.reflect.DelegatingMethodAccessorImpl.invoke(DelegatingMethodAccessorImpl.java:43)\n\tat java.lang.reflect.Method.invoke(Method.java:497)\n\tat com.qmetry.qaf.automation.step.JavaStep.doExecute(JavaStep.java:154)\n\tat com.qmetry.qaf.automation.step.BaseTestStep.execute(BaseTestStep.java:148)\n\tat com.qmetry.qaf.automation.step.StringTestStep.execute(StringTestStep.java:130)\n\tat com.qmetry.qaf.automation.step.client.Scenario.execute(Scenario.java:148)\n\tat com.qmetry.qaf.automation.step.client.DataDrivenScenario.scenario(DataDrivenScenario.java:84)\n\tat sun.reflect.NativeMethodAccessorImpl.invoke0(Native Method)\n\tat sun.reflect.NativeMethodAccessorImpl.invoke(NativeMethodAccessorImpl.java:62)\n\tat sun.reflect.DelegatingMethodAccessorImpl.invoke(DelegatingMethodAccessorImpl.java:43)\n\tat java.lang.reflect.Method.invoke(Method.java:497)\n\tat org.testng.internal.MethodInvocationHelper.invokeMethod(MethodInvocationHelper.java:86)\n\tat org.testng.internal.Invoker.invokeMethod(Invoker.java:643)\n\tat org.testng.internal.Invoker.invokeTestMethod(Invoker.java:820)\n\tat org.testng.internal.Invoker.invokeTestMethods(Invoker.java:1128)\n\tat org.testng.internal.TestMethodWorker.invokeTestMethods(TestMethodWorker.java:129)\n\tat org.testng.internal.TestMethodWorker.run(TestMethodWorker.java:112)\n\tat org.testng.TestRunner.privateRun(TestRunner.java:806)\n\tat org.testng.TestRunner.run(TestRunner.java:656)\n\tat org.testng.SuiteRunner.runTest(SuiteRunner.java:366)\n\tat org.testng.SuiteRunner.access$000(SuiteRunner.java:39)\n\tat org.testng.SuiteRunner$SuiteWorker.run(SuiteRunner.java:400)\n\tat org.testng.internal.thread.ThreadUtil$2.call(ThreadUtil.java:64)\n\t... 4 more\nCaused by: org.openqa.selenium.remote.ScreenshotException: Screen shot has been taken\nBuild info: version: '2.53.0', revision: '35ae25b1534ae328c771e0856c93e187490ca824', time: '2016-03-15 10:43:46'\nSystem info: host: 'UziMac', ip: '192.168.43.133', os.name: 'Mac OS X', os.arch: 'x86_64', os.version: '10.11.1', java.version: '1.8.0_45'\nDriver info: driver.version: QAFExtendedWebDriver\n\tat org.openqa.selenium.remote.ErrorHandler.throwIfResponseFailed(ErrorHandler.java:138)\n\t... 49 more\nCaused by: org.openqa.selenium.NoSuchElementException: Element with by xpath '(//*[@value='Find a Station' and @type='submit'])[2]' wasn't found.\nFor documentation on this error, please visit: http://seleniumhq.org/exceptions/no_such_element.html\nBuild info: version: '2.48.2', revision: '41bccdd10cf2c0560f637404c2d96164b67d9d67', time: '2015-10-09 13:08:06'\nSystem info: host: 'Beta-MCM', ip: '1.1.95.10', os.name: 'Windows Server 2008 R2', os.arch: 'amd64', os.version: '6.1', java.version: '1.8.0_102'\nDriver info: driver.version: EventFiringWebDriver\nFor documentation on this error, please visit: http://seleniumhq.org/exceptions/no_such_element.html\nBuild info: version: '2.53.0', revision: '35ae25b1534ae328c771e0856c93e187490ca824', time: '2016-03-15 10:43:46'\nSystem info: host: 'UziMac', ip: '192.168.43.133', os.name: 'Mac OS X', os.arch: 'x86_64', os.version: '10.11.1', java.version: '1.8.0_45'\nDriver info: driver.version: EventFiringWebDriver\n\tat com.perfectomobile.selenium.MobileApplication.getSingleElement(MobileApplication.java:369)\n\tat com.perfectomobile.selenium.MobileApplication.findElementByXPath(MobileApplication.java:211)\n\tat org.openqa.selenium.By$ByXPath.findElement(By.java:361)\n\tat com.perfectomobile.selenium.MobileApplication.findElement(MobileApplication.java:150)\n\tat com.perfectomobile.selenium.server.PerfectoMobileDriver.findElement(PerfectoMobileDriver.java:612)\n\tat sun.reflect.GeneratedMethodAccessor1180.invoke(Unknown Source)\n\tat sun.reflect.DelegatingMethodAccessorImpl.invoke(DelegatingMethodAccessorImpl.java:43)\n\tat java.lang.reflect.Method.invoke(Method.java:498)\n\tat org.openqa.selenium.support.events.EventFiringWebDriver$2.invoke(EventFiringWebDriver.java:102)\n\tat com.sun.proxy.$Proxy279.findElement(Unknown Source)\n\tat org.openqa.selenium.support.events.EventFiringWebDriver.findElement(EventFiringWebDriver.java:187)\n\tat org.openqa.selenium.remote.server.handler.FindElement.call(FindElement.java:48)\n\tat org.openqa.selenium.remote.server.handler.FindElement.call(FindElement.java:33)\n\tat java.util.concurrent.FutureTask.run(FutureTask.java:266)\n\tat org.openqa.selenium.remote.server.MobileDefaultSession$1.run(MobileDefaultSession.java:182)\n\t... 3 more\n"
}