{
  "seleniumLog": [
    {
      "commandName": "I_am_on_Google_Search_Page",
      "args": [
        "[]"
      ],
      "result": "success",
      "subLogs": [
        {
          "commandName": "get",
          "args": [
            "{url=http://www.google.com/}"
          ],
          "result": "null",
          "subLogs": [],
          "duration": 2193
        }
      ],
      "duration": -1
    },
    {
      "commandName": "I_search_for",
      "args": [
        "[git qmetry]"
      ],
      "result": "fail",
      "subLogs": [
        {
          "commandName": "findElement",
          "args": [
            "{value=q, using=name}"
          ],
          "result": "Element with by name 'q' wasn't found.\nFor documentation on this error, please visit: http://seleniumhq.org/exceptions/no_such_element.html\nBuild info: version: '2.48.2', revision: '41bccdd10cf2c0560f637404c2d96164b67d9d67', time: '2015-10-09 13:08:06'\nSystem info: host: 'Beta-MCM', ip: '1.1.95.10', os.name: 'Windows Server 2008 R2', os.arch: 'amd64', os.version: '6.1', java.version: '1.8.0_102'\nDriver info: driver.version: EventFiringWebDriver\nCommand duration or timeout: 30.31 seconds\nFor documentation on this error, please visit: http://seleniumhq.org/exceptions/no_such_element.html\nBuild info: version: '2.53.0', revision: '35ae25b1534ae328c771e0856c93e187490ca824', time: '2016-03-15 10:43:46'\nSystem info: host: 'UziMac.local', ip: '172.21.31.20', os.name: 'Mac OS X', os.arch: 'x86_64', os.version: '10.11.1', java.version: '1.8.0_45'\nDriver info: com.qmetry.qaf.automation.ui.webdriver.QAFExtendedWebDriver\nCapabilities [{rotatable=true, testGridReportUrl=https://beta.reporting-01.perfectomobile.com?externalId[0]=uzie@perfectomobile.com_RemoteWebDriver_16-10-21_17_42_07_5187, entityType=remote_web_driver, serverConnector=, deviceName=900E4DDB, platform=ANY, executionId=uzie@perfectomobile.com_RemoteWebDriver_16-10-21_17_42_07_5187, password=, webdriver.remote.sessionid=bd21f207-c418-415e-9838-ef35ad834305, automationName=Appium, host=beta.perfectomobile.com, singleTestReportUrl=https://beta.perfectomobile.com/nexperience/singletest/report/?reportRepositoryKey=PRIVATE:RemoteWebDriver/161021/RemoteWebDriver_16-10-21_17_42_07_5187.xml&ownerId=uzie@perfectomobile.com&sharingCode=d2a4f304-23ec-49aa-96fd-ba62e47da199, locationContextEnabled=true, takesScreenshot=true, browserName=MobileOS, scriptName=RemoteWebDriver, javascriptEnabled=true, reportKey=PRIVATE:RemoteWebDriver/161021/RemoteWebDriver_16-10-21_17_42_07_5187.xml, windTunnelReportUrl=https://beta.perfectomobile.com/nexperience/singletest/report/?reportRepositoryKey=PRIVATE:RemoteWebDriver/161021/RemoteWebDriver_16-10-21_17_42_07_5187.xml&ownerId=uzie@perfectomobile.com&sharingCode=d2a4f304-23ec-49aa-96fd-ba62e47da199, user=, cssSelectorsEnabled=true}]\nSession ID: bd21f207-c418-415e-9838-ef35ad834305\n*** Element info: {Using=name, value=q}",
          "subLogs": [],
          "duration": 30310
        },
        {
          "commandName": "clearElement",
          "args": [
            "By.name: q",
            "{\"id\":\"-1\"}"
          ],
          "result": "Timed out after 5 seconds waiting for presence of element located by: By.name: q\nBuild info: version: '2.53.0', revision: '35ae25b1534ae328c771e0856c93e187490ca824', time: '2016-03-15 10:43:46'\nSystem info: host: 'UziMac.local', ip: '172.21.31.20', os.name: 'Mac OS X', os.arch: 'x86_64', os.version: '10.11.1', java.version: '1.8.0_45'\nDriver info: driver.version: QAFExtendedWebDriver",
          "subLogs": [],
          "duration": -396979536
        }
      ],
      "duration": -1
    },
    {
      "commandName": "Then it should have \"QMetry Automation Framework\" in search results",
      "args": [
        "[QMetry Automation Framework]"
      ],
      "result": "Not Run",
      "subLogs": [],
      "duration": -1
    }
  ],
  "checkPoints": [
    {
      "message": "Given I am on Google Search Page",
      "type": "TestStepPass",
      "duration": 2194,
      "threshold": 0,
      "subCheckPoints": []
    },
    {
      "message": "When I search for \"git qmetry\"",
      "type": "TestStepFail",
      "screenshot": "img/Search QMetry_3zujbtoq9waw42157.png",
      "duration": 30311,
      "threshold": 0,
      "subCheckPoints": [
        {
          "message": "Timed out after 5 seconds waiting for presence of element located by: By.name: q\nBuild info: version: '2.53.0', revision: '35ae25b1534ae328c771e0856c93e187490ca824', time: '2016-03-15 10:43:46'\nSystem info: host: 'UziMac.local', ip: '172.21.31.20', os.name: 'Mac OS X', os.arch: 'x86_64', os.version: '10.11.1', java.version: '1.8.0_45'\nDriver info: driver.version: QAFExtendedWebDriver",
          "type": "Fail",
          "duration": 0,
          "threshold": 0,
          "subCheckPoints": []
        }
      ]
    },
    {
      "message": "Then it should have \"QMetry Automation Framework\" in search results",
      "type": "TestStep",
      "duration": 0,
      "threshold": 0,
      "subCheckPoints": []
    }
  ],
  "errorTrace": "org.openqa.selenium.TimeoutException: Timed out after 5 seconds waiting for presence of element located by: By.name: q\nBuild info: version: '2.53.0', revision: '35ae25b1534ae328c771e0856c93e187490ca824', time: '2016-03-15 10:43:46'\nSystem info: host: 'UziMac.local', ip: '172.21.31.20', os.name: 'Mac OS X', os.arch: 'x86_64', os.version: '10.11.1', java.version: '1.8.0_45'\nDriver info: driver.version: QAFExtendedWebDriver\n\tat .When I search for \"git qmetry\"(scenarios/goolge.feature:6)\n\tat org.openqa.selenium.support.ui.FluentWait.timeoutException(FluentWait.java:292)\n\tat org.openqa.selenium.support.ui.FluentWait.until(FluentWait.java:261)\n\tat com.qmetry.qaf.automation.ui.webdriver.QAFExtendedWebDriver.load(QAFExtendedWebDriver.java:202)\n\tat com.qmetry.qaf.automation.ui.webdriver.QAFExtendedWebElement.load(QAFExtendedWebElement.java:272)\n\tat com.qmetry.qaf.automation.ui.webdriver.QAFExtendedWebElement.execute(QAFExtendedWebElement.java:227)\n\tat org.openqa.selenium.remote.RemoteWebElement.clear(RemoteWebElement.java:140)\n\tat com.qmetry.qaf.examples.steps.cucumber.GoogleStepDefs.I_search_for(GoogleStepDefs.java:24)\n\tat com.qmetry.qaf.automation.step.JavaStep.doExecute(JavaStep.java:154)\n\tat com.qmetry.qaf.automation.step.BaseTestStep.execute(BaseTestStep.java:148)\n\tat com.qmetry.qaf.automation.step.StringTestStep.execute(StringTestStep.java:130)\n\tat com.qmetry.qaf.automation.step.client.Scenario.execute(Scenario.java:148)\n\tat com.qmetry.qaf.automation.step.client.Scenario.scenario(Scenario.java:196)\n\tat java.util.concurrent.ThreadPoolExecutor.runWorker(ThreadPoolExecutor.java:1142)\n\tat java.util.concurrent.ThreadPoolExecutor$Worker.run(ThreadPoolExecutor.java:617)\n\tat java.lang.Thread.run(Thread.java:745)\nCaused by: org.openqa.selenium.NoSuchElementException: Element with by name 'q' wasn't found.\nFor documentation on this error, please visit: http://seleniumhq.org/exceptions/no_such_element.html\nBuild info: version: '2.48.2', revision: '41bccdd10cf2c0560f637404c2d96164b67d9d67', time: '2015-10-09 13:08:06'\nSystem info: host: 'Beta-MCM', ip: '1.1.95.10', os.name: 'Windows Server 2008 R2', os.arch: 'amd64', os.version: '6.1', java.version: '1.8.0_102'\nDriver info: driver.version: EventFiringWebDriver\nCommand duration or timeout: 30.31 seconds\nFor documentation on this error, please visit: http://seleniumhq.org/exceptions/no_such_element.html\nBuild info: version: '2.53.0', revision: '35ae25b1534ae328c771e0856c93e187490ca824', time: '2016-03-15 10:43:46'\nSystem info: host: 'UziMac.local', ip: '172.21.31.20', os.name: 'Mac OS X', os.arch: 'x86_64', os.version: '10.11.1', java.version: '1.8.0_45'\nDriver info: com.qmetry.qaf.automation.ui.webdriver.QAFExtendedWebDriver\nCapabilities [{rotatable=true, testGridReportUrl=https://beta.reporting-01.perfectomobile.com?externalId[0]=uzie@perfectomobile.com_RemoteWebDriver_16-10-21_17_42_07_5187, entityType=remote_web_driver, serverConnector=, deviceName=900E4DDB, platform=ANY, executionId=uzie@perfectomobile.com_RemoteWebDriver_16-10-21_17_42_07_5187, password=, webdriver.remote.sessionid=bd21f207-c418-415e-9838-ef35ad834305, automationName=Appium, host=beta.perfectomobile.com, singleTestReportUrl=https://beta.perfectomobile.com/nexperience/singletest/report/?reportRepositoryKey=PRIVATE:RemoteWebDriver/161021/RemoteWebDriver_16-10-21_17_42_07_5187.xml&ownerId=uzie@perfectomobile.com&sharingCode=d2a4f304-23ec-49aa-96fd-ba62e47da199, locationContextEnabled=true, takesScreenshot=true, browserName=MobileOS, scriptName=RemoteWebDriver, javascriptEnabled=true, reportKey=PRIVATE:RemoteWebDriver/161021/RemoteWebDriver_16-10-21_17_42_07_5187.xml, windTunnelReportUrl=https://beta.perfectomobile.com/nexperience/singletest/report/?reportRepositoryKey=PRIVATE:RemoteWebDriver/161021/RemoteWebDriver_16-10-21_17_42_07_5187.xml&ownerId=uzie@perfectomobile.com&sharingCode=d2a4f304-23ec-49aa-96fd-ba62e47da199, user=, cssSelectorsEnabled=true}]\nSession ID: bd21f207-c418-415e-9838-ef35ad834305\n*** Element info: {Using=name, value=q}\n\tat sun.reflect.NativeConstructorAccessorImpl.newInstance0(Native Method)\n\tat sun.reflect.NativeConstructorAccessorImpl.newInstance(NativeConstructorAccessorImpl.java:62)\n\tat sun.reflect.DelegatingConstructorAccessorImpl.newInstance(DelegatingConstructorAccessorImpl.java:45)\n\tat java.lang.reflect.Constructor.newInstance(Constructor.java:422)\n\tat org.openqa.selenium.remote.ErrorHandler.createThrowable(ErrorHandler.java:206)\n\tat org.openqa.selenium.remote.ErrorHandler.throwIfResponseFailed(ErrorHandler.java:158)\n\tat org.openqa.selenium.remote.RemoteWebDriver.execute(RemoteWebDriver.java:678)\n\tat com.qmetry.qaf.automation.ui.webdriver.QAFExtendedWebDriver.execute(QAFExtendedWebDriver.java:222)\n\tat org.openqa.selenium.remote.RemoteWebDriver.findElement(RemoteWebDriver.java:363)\n\tat org.openqa.selenium.remote.RemoteWebDriver.findElementByName(RemoteWebDriver.java:461)\n\tat com.qmetry.qaf.automation.ui.webdriver.QAFExtendedWebDriver.findElementByName(QAFExtendedWebDriver.java:369)\n\tat com.qmetry.qaf.automation.ui.webdriver.QAFExtendedWebDriver.findElementByName(QAFExtendedWebDriver.java:1)\n\tat org.openqa.selenium.By$ByName.findElement(By.java:303)\n\tat org.openqa.selenium.remote.RemoteWebDriver.findElement(RemoteWebDriver.java:355)\n\tat com.qmetry.qaf.automation.ui.webdriver.QAFExtendedWebDriver.findElement(QAFExtendedWebDriver.java:157)\n\tat com.qmetry.qaf.automation.ui.webdriver.QAFExtendedWebDriver.findElement(QAFExtendedWebDriver.java:1)\n\tat org.openqa.selenium.support.ui.ExpectedConditions.findElement(ExpectedConditions.java:899)\n\tat org.openqa.selenium.support.ui.ExpectedConditions.access$000(ExpectedConditions.java:41)\n\tat org.openqa.selenium.support.ui.ExpectedConditions$6.apply(ExpectedConditions.java:181)\n\tat org.openqa.selenium.support.ui.ExpectedConditions$6.apply(ExpectedConditions.java:178)\n\tat org.openqa.selenium.support.ui.FluentWait.until(FluentWait.java:238)\n\tat com.qmetry.qaf.automation.ui.webdriver.QAFExtendedWebDriver.load(QAFExtendedWebDriver.java:202)\n\tat com.qmetry.qaf.automation.ui.webdriver.QAFExtendedWebElement.load(QAFExtendedWebElement.java:272)\n\tat com.qmetry.qaf.automation.ui.webdriver.QAFExtendedWebElement.execute(QAFExtendedWebElement.java:227)\n\tat org.openqa.selenium.remote.RemoteWebElement.clear(RemoteWebElement.java:140)\n\tat com.qmetry.qaf.examples.steps.cucumber.GoogleStepDefs.I_search_for(GoogleStepDefs.java:24)\n\tat sun.reflect.NativeMethodAccessorImpl.invoke0(Native Method)\n\tat sun.reflect.NativeMethodAccessorImpl.invoke(NativeMethodAccessorImpl.java:62)\n\tat sun.reflect.DelegatingMethodAccessorImpl.invoke(DelegatingMethodAccessorImpl.java:43)\n\tat java.lang.reflect.Method.invoke(Method.java:497)\n\tat com.qmetry.qaf.automation.step.JavaStep.doExecute(JavaStep.java:154)\n\tat com.qmetry.qaf.automation.step.BaseTestStep.execute(BaseTestStep.java:148)\n\tat com.qmetry.qaf.automation.step.StringTestStep.execute(StringTestStep.java:130)\n\tat com.qmetry.qaf.automation.step.client.Scenario.execute(Scenario.java:148)\n\tat com.qmetry.qaf.automation.step.client.Scenario.scenario(Scenario.java:196)\n\tat sun.reflect.NativeMethodAccessorImpl.invoke0(Native Method)\n\tat sun.reflect.NativeMethodAccessorImpl.invoke(NativeMethodAccessorImpl.java:62)\n\tat sun.reflect.DelegatingMethodAccessorImpl.invoke(DelegatingMethodAccessorImpl.java:43)\n\tat java.lang.reflect.Method.invoke(Method.java:497)\n\tat org.testng.internal.MethodInvocationHelper.invokeMethod(MethodInvocationHelper.java:86)\n\tat org.testng.internal.Invoker.invokeMethod(Invoker.java:643)\n\tat org.testng.internal.Invoker.invokeTestMethod(Invoker.java:820)\n\tat org.testng.internal.Invoker.invokeTestMethods(Invoker.java:1128)\n\tat org.testng.internal.TestMethodWorker.invokeTestMethods(TestMethodWorker.java:129)\n\tat org.testng.internal.TestMethodWorker.run(TestMethodWorker.java:112)\n\t... 3 more\nCaused by: org.openqa.selenium.remote.ScreenshotException: Screen shot has been taken\nBuild info: version: '2.53.0', revision: '35ae25b1534ae328c771e0856c93e187490ca824', time: '2016-03-15 10:43:46'\nSystem info: host: 'UziMac.local', ip: '172.21.31.20', os.name: 'Mac OS X', os.arch: 'x86_64', os.version: '10.11.1', java.version: '1.8.0_45'\nDriver info: driver.version: QAFExtendedWebDriver\n\tat org.openqa.selenium.remote.ErrorHandler.throwIfResponseFailed(ErrorHandler.java:138)\n\t... 42 more\nCaused by: org.openqa.selenium.NoSuchElementException: Element with by name 'q' wasn't found.\nFor documentation on this error, please visit: http://seleniumhq.org/exceptions/no_such_element.html\nBuild info: version: '2.48.2', revision: '41bccdd10cf2c0560f637404c2d96164b67d9d67', time: '2015-10-09 13:08:06'\nSystem info: host: 'Beta-MCM', ip: '1.1.95.10', os.name: 'Windows Server 2008 R2', os.arch: 'amd64', os.version: '6.1', java.version: '1.8.0_102'\nDriver info: driver.version: EventFiringWebDriver\nFor documentation on this error, please visit: http://seleniumhq.org/exceptions/no_such_element.html\nBuild info: version: '2.53.0', revision: '35ae25b1534ae328c771e0856c93e187490ca824', time: '2016-03-15 10:43:46'\nSystem info: host: 'UziMac.local', ip: '172.21.31.20', os.name: 'Mac OS X', os.arch: 'x86_64', os.version: '10.11.1', java.version: '1.8.0_45'\nDriver info: driver.version: EventFiringWebDriver\n\tat com.perfectomobile.selenium.MobileApplication.getSingleElement(MobileApplication.java:369)\n\tat com.perfectomobile.selenium.MobileApplication.findElementByName(MobileApplication.java:178)\n\tat org.openqa.selenium.By$ByName.findElement(By.java:303)\n\tat com.perfectomobile.selenium.MobileApplication.findElement(MobileApplication.java:150)\n\tat com.perfectomobile.selenium.server.PerfectoMobileDriver.findElement(PerfectoMobileDriver.java:612)\n\tat sun.reflect.GeneratedMethodAccessor1180.invoke(Unknown Source)\n\tat sun.reflect.DelegatingMethodAccessorImpl.invoke(DelegatingMethodAccessorImpl.java:43)\n\tat java.lang.reflect.Method.invoke(Method.java:498)\n\tat org.openqa.selenium.support.events.EventFiringWebDriver$2.invoke(EventFiringWebDriver.java:102)\n\tat com.sun.proxy.$Proxy279.findElement(Unknown Source)\n\tat org.openqa.selenium.support.events.EventFiringWebDriver.findElement(EventFiringWebDriver.java:187)\n\tat org.openqa.selenium.remote.server.handler.FindElement.call(FindElement.java:48)\n\tat org.openqa.selenium.remote.server.handler.FindElement.call(FindElement.java:33)\n\tat java.util.concurrent.FutureTask.run(FutureTask.java:266)\n\tat org.openqa.selenium.remote.server.MobileDefaultSession$1.run(MobileDefaultSession.java:182)\n\t... 3 more\n"
}