<html>
<head>
<title>TestNG:  GherkinTest</title>
<link href="../testng.css" rel="stylesheet" type="text/css" />
<link href="../my-testng.css" rel="stylesheet" type="text/css" />

<style type="text/css">
.log { display: none;} 
.stack-trace { display: none;} 
</style>
<script type="text/javascript">
<!--
function flip(e) {
  current = e.style.display;
  if (current == 'block') {
    e.style.display = 'none';
    return 0;
  }
  else {
    e.style.display = 'block';
    return 1;
  }
}

function toggleBox(szDivId, elem, msg1, msg2)
{
  var res = -1;  if (document.getElementById) {
    res = flip(document.getElementById(szDivId));
  }
  else if (document.all) {
    // this is the way old msie versions work
    res = flip(document.all[szDivId]);
  }
  if(elem) {
    if(res == 0) elem.innerHTML = msg1; else elem.innerHTML = msg2;
  }

}

function toggleAllBoxes() {
  if (document.getElementsByTagName) {
    d = document.getElementsByTagName('div');
    for (i = 0; i < d.length; i++) {
      if (d[i].className == 'log') {
        flip(d[i]);
      }
    }
  }
}

// -->
</script>

</head>
<body>
<h2 align='center'>GherkinTest</h2><table border='1' align="center">
<tr>
<td>Tests passed/Failed/Skipped:</td><td>3/1/0</td>
</tr><tr>
<td>Started on:</td><td>Thu Oct 20 14:19:28 EDT 2016</td>
</tr>
<tr><td>Total time:</td><td>73 seconds (73819 ms)</td>
</tr><tr>
<td>Included groups:</td><td>@Web </td>
</tr><tr>
<td>Excluded groups:</td><td></td>
</tr>
</table><p/>
<small><i>(Hover the method name to see the test class name)</i></small><p/>
<table width='100%' border='1' class='invocation-failed'>
<tr><td colspan='4' align='center'><b>FAILED TESTS</b></td></tr>
<tr><td><b>Test method</b></td>
<td width="30%"><b>Exception</b></td>
<td width="10%"><b>Time (seconds)</b></td>
<td><b>Instance</b></td>
</tr>
<tr>
<td title='com.qmetry.qaf.automation.step.client.Scenario.Search QMetry()'><b>Search QMetry</b><br>Test class: com.qmetry.qaf.automation.step.client.Scenario (Search QMetry)<br/>
<a href="#Output-372094738" onClick='toggleBox("Output-372094738", this, "Show output", "Hide output");'>Show output</a>

<a href="#Output-372094738" onClick="toggleAllBoxes();">Show all outputs</a>
<div class='log' id="Output-372094738">
<div style="display:block;margin-left:10px;"><div  class="teststeppass"><span class="teststeppass-label">T </span>Given I am on Google Search Page</div><div  class="teststepfail"><span class="teststepfail-label">T </span>When I search for "git qmetry" <a href="../img/Search QMetry_1iyt84ctv6ih857231.png" target="_blank">[View Screenshot]</a> </div><div style="display:block;margin-left:10px;"><div  class="fail"><span class="fail-label">F </span>Failed to execute command webpage.element find: findElements command failed. Reason: handset server: timeout expired.
Command duration or timeout: 30.52 seconds
Build info: version: '2.53.0', revision: '35ae25b1534ae328c771e0856c93e187490ca824', time: '2016-03-15 10:43:46'
System info: host: 'UziMac.local', ip: '172.21.31.20', os.name: 'Mac OS X', os.arch: 'x86_64', os.version: '10.11.1', java.version: '1.8.0_45'
Driver info: com.qmetry.qaf.automation.ui.webdriver.QAFExtendedWebDriver
Capabilities [{rotatable=true, testGridReportUrl=https://beta.reporting-01.perfectomobile.com?externalId[0]=uzie@perfectomobile.com_RemoteWebDriver_16-10-20_18_19_29_5113, entityType=remote_web_driver, serverConnector=, deviceName=18023FA6, platform=ANY, executionId=uzie@perfectomobile.com_RemoteWebDriver_16-10-20_18_19_29_5113, password=, webdriver.remote.sessionid=e97ed2b4-e0d7-42dc-bb39-ca388656cee3, automationName=Appium, host=beta.perfectomobile.com, singleTestReportUrl=https://beta.perfectomobile.com/nexperience/singletest/report/?reportRepositoryKey=PRIVATE:RemoteWebDriver/161020/RemoteWebDriver_16-10-20_18_19_29_5113.xml&ownerId=uzie@perfectomobile.com&sharingCode=a78b077b-b970-45ea-95ab-e4b991cbe82c, locationContextEnabled=true, takesScreenshot=true, browserName=MobileOS, scriptName=RemoteWebDriver, javascriptEnabled=true, reportKey=PRIVATE:RemoteWebDriver/161020/RemoteWebDriver_16-10-20_18_19_29_5113.xml, windTunnelReportUrl=https://beta.perfectomobile.com/nexperience/singletest/report/?reportRepositoryKey=PRIVATE:RemoteWebDriver/161020/RemoteWebDriver_16-10-20_18_19_29_5113.xml&ownerId=uzie@perfectomobile.com&sharingCode=a78b077b-b970-45ea-95ab-e4b991cbe82c, user=, cssSelectorsEnabled=true}]
Session ID: e97ed2b4-e0d7-42dc-bb39-ca388656cee3
*** Element info: {Using=name, value=q}</div></div><div  class="teststep"><span class="teststep-label">T </span>Then it should have "QMetry Automation Framework" in search results</div></div><br/>
</div>
</td>
<td><div><pre>org.openqa.selenium.WebDriverException: Failed to execute command webpage.element find: findElements command failed. Reason: handset server: timeout expired.
Command duration or timeout: 30.52 seconds
Build info: version: &apos;2.53.0&apos;, revision: &apos;35ae25b1534ae328c771e0856c93e187490ca824&apos;, time: &apos;2016-03-15 10:43:46&apos;
System info: host: &apos;UziMac.local&apos;, ip: &apos;172.21.31.20&apos;, os.name: &apos;Mac OS X&apos;, os.arch: &apos;x86_64&apos;, os.version: &apos;10.11.1&apos;, java.version: &apos;1.8.0_45&apos;
Driver info: com.qmetry.qaf.automation.ui.webdriver.QAFExtendedWebDriver
Capabilities [{rotatable=true, testGridReportUrl=https://beta.reporting-01.perfectomobile.com?externalId[0]=uzie@perfectomobile.com_RemoteWebDriver_16-10-20_18_19_29_5113, entityType=remote_web_driver, serverConnector=, deviceName=18023FA6, platform=ANY, executionId=uzie@perfectomobile.com_RemoteWebDriver_16-10-20_18_19_29_5113, password=, webdriver.remote.sessionid=e97ed2b4-e0d7-42dc-bb39-ca388656cee3, automationName=Appium, host=beta.perfectomobile.com, singleTestReportUrl=https://beta.perfectomobile.com/nexperience/singletest/report/?reportRepositoryKey=PRIVATE:RemoteWebDriver/161020/RemoteWebDriver_16-10-20_18_19_29_5113.xml&amp;ownerId=uzie@perfectomobile.com&amp;sharingCode=a78b077b-b970-45ea-95ab-e4b991cbe82c, locationContextEnabled=true, takesScreenshot=true, browserName=MobileOS, scriptName=RemoteWebDriver, javascriptEnabled=true, reportKey=PRIVATE:RemoteWebDriver/161020/RemoteWebDriver_16-10-20_18_19_29_5113.xml, windTunnelReportUrl=https://beta.perfectomobile.com/nexperience/singletest/report/?reportRepositoryKey=PRIVATE:RemoteWebDriver/161020/RemoteWebDriver_16-10-20_18_19_29_5113.xml&amp;ownerId=uzie@perfectomobile.com&amp;sharingCode=a78b077b-b970-45ea-95ab-e4b991cbe82c, user=, cssSelectorsEnabled=true}]
Session ID: e97ed2b4-e0d7-42dc-bb39-ca388656cee3
*** Element info: {Using=name, value=q}
	at .When I search for &quot;git qmetry&quot;(scenarios/goolge.feature:6)
	at org.openqa.selenium.remote.ErrorHandler.createThrowable(ErrorHandler.java:206)
	at org.openqa.selenium.remote.ErrorHandler.throwIfResponseFailed(ErrorHandler.java:158)
	at org.openqa.selenium.remote.RemoteWebDriver.execute(RemoteWebDriver.java:678)
	at com.qmetry.qaf.automation.ui.webdriver.QAFExtendedWebDriver.execute(QAFExtendedWebDriver.java:223)
	at org.openqa.selenium.remote.RemoteWebDriver.findElement(RemoteWebDriver.java:363)
	at org.openqa.selenium.remote.RemoteWebDriver.findElementByName(RemoteWebDriver.java:461)
	at com.qmetry.qaf.automation.ui.webdriver.QAFExtendedWebDriver.findElementByName(QAFExtendedWebDriver.java:370)
	at com.qmetry.qaf.automation.ui.webdriver.QAFExtendedWebDriver.findElementByName(QAFExtendedWebDriver.java:1)
	at org.openqa.selenium.By$ByName.findElement(By.java:303)
	at org.openqa.selenium.remote.RemoteWebDriver.findElement(RemoteWebDriver.java:355)
	at com.qmetry.qaf.automation.ui.webdriver.QAFExtendedWebDriver.findElement(QAFExtendedWebDriver.java:158)
	at com.qmetry.qaf.automation.ui.webdriver.QAFExtendedWebDriver.findElement(QAFExtendedWebDriver.java:1)
	at org.openqa.selenium.support.ui.ExpectedConditions.findElement(ExpectedConditions.java:899)
	at org.openqa.selenium.support.ui.ExpectedConditions.access$000(ExpectedConditions.java:41)
	at org.openqa.selenium.support.ui.ExpectedConditions$6.apply(ExpectedConditions.java:181)
	at org.openqa.selenium.support.ui.ExpectedConditions$6.apply(ExpectedConditions.java:178)
	at org.openqa.selenium.support.ui.FluentWait.until(FluentWait.java:238)
	at com.qmetry.qaf.automation.ui.webdriver.QAFExtendedWebDriver.load(QAFExtendedWebDriver.java:203)
	at com.qmetry.qaf.automation.ui.webdriver.QAFExtendedWebElement.load(QAFExtendedWebElement.java:253)
	at com.qmetry.qaf.automation.ui.webdriver.QAFExtendedWebElement.execute(QAFExtendedWebElement.java:208)
	at org.openqa.selenium.remote.RemoteWebElement.clear(RemoteWebElement.java:140)
	at com.qmetry.qaf.examples.steps.cucumber.GoogleStepDefs.I_search_for(GoogleStepDefs.java:24)
	at com.qmetry.qaf.automation.step.JavaStep.doExecute(JavaStep.java:149)
	at com.qmetry.qaf.automation.step.BaseTestStep.execute(BaseTestStep.java:148)
	at com.qmetry.qaf.automation.step.StringTestStep.execute(StringTestStep.java:130)
	at com.qmetry.qaf.automation.step.client.Scenario.execute(Scenario.java:148)
	at com.qmetry.qaf.automation.step.client.Scenario.scenario(Scenario.java:196)
	at java.util.concurrent.ThreadPoolExecutor.runWorker(ThreadPoolExecutor.java:1142)
	at java.util.concurrent.ThreadPoolExecutor$Worker.run(ThreadPoolExecutor.java:617)
	at java.lang.Thread.run(Thread.java:745)
Caused by: org.openqa.selenium.remote.ScreenshotException: Screen shot has been taken
Build info: version: &apos;2.53.0&apos;, revision: &apos;35ae25b1534ae328c771e0856c93e187490ca824&apos;, time: &apos;2016-03-15 10:43:46&apos;
System info: host: &apos;UziMac.local&apos;, ip: &apos;172.21.31.20&apos;, os.name: &apos;Mac OS X&apos;, os.arch: &apos;x86_64&apos;, os.version: &apos;10.11.1&apos;, java.version: &apos;1.8.0_45&apos;
Driver info: driver.version: QAFExtendedWebDriver
	at org.openqa.selenium.remote.ErrorHandler.throwIfResponseFailed(ErrorHandler.java:138)
	at org.openqa.selenium.remote.RemoteWebDriver.execute(RemoteWebDriver.java:678)
	at com.qmetry.qaf.automation.ui.webdriver.QAFExtendedWebDriver.execute(QAFExtendedWebDriver.java:223)
	at org.openqa.selenium.remote.RemoteWebDriver.findElement(RemoteWebDriver.java:363)
	at org.openqa.selenium.remote.RemoteWebDriver.findElementByName(RemoteWebDriver.java:461)
	at com.qmetry.qaf.automation.ui.webdriver.QAFExtendedWebDriver.findElementByName(QAFExtendedWebDriver.java:370)
	at com.qmetry.qaf.automation.ui.webdriver.QAFExtendedWebDriver.findElementByName(QAFExtendedWebDriver.java:1)
	at org.openqa.selenium.By$ByName.findElement(By.java:303)
	at org.openqa.selenium.remote.RemoteWebDriver.findElement(RemoteWebDriver.java:355)
	at com.qmetry.qaf.automation.ui.webdriver.QAFExtendedWebDriver.findElement(QAFExtendedWebDriver.java:158)
	at com.qmetry.qaf.automation.ui.webdriver.QAFExtendedWebDriver.findElement(QAFExtendedWebDriver.java:1)
	at org.openqa.selenium.support.ui.ExpectedConditions.findElement(ExpectedConditions.java:899)
	at org.openqa.selenium.support.ui.ExpectedConditions.access$000(ExpectedConditions.java:41)
	at org.openqa.selenium.support.ui.ExpectedConditions$6.apply(ExpectedConditions.java:181)
	at org.openqa.selenium.support.ui.ExpectedConditions$6.apply(ExpectedConditions.java:178)
	at org.openqa.selenium.support.ui.FluentWait.until(FluentWait.java:238)
	at com.qmetry.qaf.automation.ui.webdriver.QAFExtendedWebDriver.load(QAFExtendedWebDriver.java:203)
	at com.qmetry.qaf.automation.ui.webdriver.QAFExtendedWebElement.load(QAFExtendedWebElement.java:253)
	at com.qmetry.qaf.automation.ui.webdriver.QAFExtendedWebElement.execute(QAFExtendedWebElement.java:208)
	at org.openqa.selenium.remote.RemoteWebElement.clear(RemoteWebElement.java:140)
	at com.qmetry.qaf.examples.steps.cucumber.GoogleStepDefs.I_search_for(GoogleStepDefs.java:24)
	at com.qmetry.qaf.automation.step.JavaStep.doExecute(JavaStep.java:149)
	at com.qmetry.qaf.automation.step.BaseTestStep.execute(BaseTestStep.java:148)
	at com.qmetry.qaf.automation.step.StringTestStep.execute(StringTestStep.java:130)
	at com.qmetry.qaf.automation.step.client.Scenario.execute(Scenario.java:148)
	at com.qmetry.qaf.automation.step.client.Scenario.scenario(Scenario.java:196)
	... 3 more
Caused by: java.lang.RuntimeException: Failed to execute command webpage.element find: findElements command failed. Reason: handset server: timeout expired.
	at com.perfectomobile.selenium.MobileEntity.processCommonResponse(MobileEntity.java:98)
	at com.perfectomobile.selenium.MobileDevice.processResponse(MobileDevice.java:510)
	at com.perfectomobile.selenium.MobileApplication.processResponse(MobileApplication.java:54)
	at com.perfectomobile.selenium.dom.MobileDOMApplication.processResponse(MobileDOMApplication.java:463)
	at com.perfectomobile.selenium.MobileEntity.executeCommand(MobileEntity.java:57)
	at com.perfectomobile.selenium.MobileEntity.executeCommand(MobileEntity.java:50)
	at com.perfectomobile.selenium.MobileApplication.findElementsImpl(MobileApplication.java:290)
	at com.perfectomobile.selenium.dom.MobileDOMApplication.findElementsImpl(MobileDOMApplication.java:485)
	at com.perfectomobile.selenium.MobileApplication.findElementsImpl(MobileApplication.java:270)
	at com.perfectomobile.selenium.MobileApplication.findElementsByName(MobileApplication.java:184)
	at com.perfectomobile.selenium.MobileApplication.findElementByName(MobileApplication.java:177)
	at org.openqa.selenium.By$ByName.findElement(By.java:303)
	at com.perfectomobile.selenium.MobileApplication.findElement(MobileApplication.java:150)
	at com.perfectomobile.selenium.server.PerfectoMobileDriver.findElement(PerfectoMobileDriver.java:612)
	at org.openqa.selenium.support.events.EventFiringWebDriver$2.invoke(EventFiringWebDriver.java:102)
	at com.sun.proxy.$Proxy279.findElement(Unknown Source)
	at org.openqa.selenium.support.events.EventFiringWebDriver.findElement(EventFiringWebDriver.java:187)
	at org.openqa.selenium.remote.server.handler.FindElement.call(FindElement.java:48)
	at org.openqa.selenium.remote.server.handler.FindElement.call(FindElement.java:33)
	at java.util.concurrent.FutureTask.run(FutureTask.java:266)
	at org.openqa.selenium.remote.server.MobileDefaultSession$1.run(MobileDefaultSession.java:182)
	... 3 more
... Removed 17 stack frames</pre></div><a href='#' onClick='toggleBox("stack-trace372094738", this, "Click to show all stack frames", "Click to hide stack frames")'>Click to show all stack frames</a>
<div class='stack-trace' id='stack-trace372094738'><pre>org.openqa.selenium.WebDriverException: Failed to execute command webpage.element find: findElements command failed. Reason: handset server: timeout expired.
Command duration or timeout: 30.52 seconds
Build info: version: &apos;2.53.0&apos;, revision: &apos;35ae25b1534ae328c771e0856c93e187490ca824&apos;, time: &apos;2016-03-15 10:43:46&apos;
System info: host: &apos;UziMac.local&apos;, ip: &apos;172.21.31.20&apos;, os.name: &apos;Mac OS X&apos;, os.arch: &apos;x86_64&apos;, os.version: &apos;10.11.1&apos;, java.version: &apos;1.8.0_45&apos;
Driver info: com.qmetry.qaf.automation.ui.webdriver.QAFExtendedWebDriver
Capabilities [{rotatable=true, testGridReportUrl=https://beta.reporting-01.perfectomobile.com?externalId[0]=uzie@perfectomobile.com_RemoteWebDriver_16-10-20_18_19_29_5113, entityType=remote_web_driver, serverConnector=, deviceName=18023FA6, platform=ANY, executionId=uzie@perfectomobile.com_RemoteWebDriver_16-10-20_18_19_29_5113, password=, webdriver.remote.sessionid=e97ed2b4-e0d7-42dc-bb39-ca388656cee3, automationName=Appium, host=beta.perfectomobile.com, singleTestReportUrl=https://beta.perfectomobile.com/nexperience/singletest/report/?reportRepositoryKey=PRIVATE:RemoteWebDriver/161020/RemoteWebDriver_16-10-20_18_19_29_5113.xml&amp;ownerId=uzie@perfectomobile.com&amp;sharingCode=a78b077b-b970-45ea-95ab-e4b991cbe82c, locationContextEnabled=true, takesScreenshot=true, browserName=MobileOS, scriptName=RemoteWebDriver, javascriptEnabled=true, reportKey=PRIVATE:RemoteWebDriver/161020/RemoteWebDriver_16-10-20_18_19_29_5113.xml, windTunnelReportUrl=https://beta.perfectomobile.com/nexperience/singletest/report/?reportRepositoryKey=PRIVATE:RemoteWebDriver/161020/RemoteWebDriver_16-10-20_18_19_29_5113.xml&amp;ownerId=uzie@perfectomobile.com&amp;sharingCode=a78b077b-b970-45ea-95ab-e4b991cbe82c, user=, cssSelectorsEnabled=true}]
Session ID: e97ed2b4-e0d7-42dc-bb39-ca388656cee3
*** Element info: {Using=name, value=q}
	at .When I search for &quot;git qmetry&quot;(scenarios/goolge.feature:6)
	at org.openqa.selenium.remote.ErrorHandler.createThrowable(ErrorHandler.java:206)
	at org.openqa.selenium.remote.ErrorHandler.throwIfResponseFailed(ErrorHandler.java:158)
	at org.openqa.selenium.remote.RemoteWebDriver.execute(RemoteWebDriver.java:678)
	at com.qmetry.qaf.automation.ui.webdriver.QAFExtendedWebDriver.execute(QAFExtendedWebDriver.java:223)
	at org.openqa.selenium.remote.RemoteWebDriver.findElement(RemoteWebDriver.java:363)
	at org.openqa.selenium.remote.RemoteWebDriver.findElementByName(RemoteWebDriver.java:461)
	at com.qmetry.qaf.automation.ui.webdriver.QAFExtendedWebDriver.findElementByName(QAFExtendedWebDriver.java:370)
	at com.qmetry.qaf.automation.ui.webdriver.QAFExtendedWebDriver.findElementByName(QAFExtendedWebDriver.java:1)
	at org.openqa.selenium.By$ByName.findElement(By.java:303)
	at org.openqa.selenium.remote.RemoteWebDriver.findElement(RemoteWebDriver.java:355)
	at com.qmetry.qaf.automation.ui.webdriver.QAFExtendedWebDriver.findElement(QAFExtendedWebDriver.java:158)
	at com.qmetry.qaf.automation.ui.webdriver.QAFExtendedWebDriver.findElement(QAFExtendedWebDriver.java:1)
	at org.openqa.selenium.support.ui.ExpectedConditions.findElement(ExpectedConditions.java:899)
	at org.openqa.selenium.support.ui.ExpectedConditions.access$000(ExpectedConditions.java:41)
	at org.openqa.selenium.support.ui.ExpectedConditions$6.apply(ExpectedConditions.java:181)
	at org.openqa.selenium.support.ui.ExpectedConditions$6.apply(ExpectedConditions.java:178)
	at org.openqa.selenium.support.ui.FluentWait.until(FluentWait.java:238)
	at com.qmetry.qaf.automation.ui.webdriver.QAFExtendedWebDriver.load(QAFExtendedWebDriver.java:203)
	at com.qmetry.qaf.automation.ui.webdriver.QAFExtendedWebElement.load(QAFExtendedWebElement.java:253)
	at com.qmetry.qaf.automation.ui.webdriver.QAFExtendedWebElement.execute(QAFExtendedWebElement.java:208)
	at org.openqa.selenium.remote.RemoteWebElement.clear(RemoteWebElement.java:140)
	at com.qmetry.qaf.examples.steps.cucumber.GoogleStepDefs.I_search_for(GoogleStepDefs.java:24)
	at com.qmetry.qaf.automation.step.JavaStep.doExecute(JavaStep.java:149)
	at com.qmetry.qaf.automation.step.BaseTestStep.execute(BaseTestStep.java:148)
	at com.qmetry.qaf.automation.step.StringTestStep.execute(StringTestStep.java:130)
	at com.qmetry.qaf.automation.step.client.Scenario.execute(Scenario.java:148)
	at com.qmetry.qaf.automation.step.client.Scenario.scenario(Scenario.java:196)
	at java.util.concurrent.ThreadPoolExecutor.runWorker(ThreadPoolExecutor.java:1142)
	at java.util.concurrent.ThreadPoolExecutor$Worker.run(ThreadPoolExecutor.java:617)
	at java.lang.Thread.run(Thread.java:745)
Caused by: org.openqa.selenium.remote.ScreenshotException: Screen shot has been taken
Build info: version: &apos;2.53.0&apos;, revision: &apos;35ae25b1534ae328c771e0856c93e187490ca824&apos;, time: &apos;2016-03-15 10:43:46&apos;
System info: host: &apos;UziMac.local&apos;, ip: &apos;172.21.31.20&apos;, os.name: &apos;Mac OS X&apos;, os.arch: &apos;x86_64&apos;, os.version: &apos;10.11.1&apos;, java.version: &apos;1.8.0_45&apos;
Driver info: driver.version: QAFExtendedWebDriver
	at org.openqa.selenium.remote.ErrorHandler.throwIfResponseFailed(ErrorHandler.java:138)
	at org.openqa.selenium.remote.RemoteWebDriver.execute(RemoteWebDriver.java:678)
	at com.qmetry.qaf.automation.ui.webdriver.QAFExtendedWebDriver.execute(QAFExtendedWebDriver.java:223)
	at org.openqa.selenium.remote.RemoteWebDriver.findElement(RemoteWebDriver.java:363)
	at org.openqa.selenium.remote.RemoteWebDriver.findElementByName(RemoteWebDriver.java:461)
	at com.qmetry.qaf.automation.ui.webdriver.QAFExtendedWebDriver.findElementByName(QAFExtendedWebDriver.java:370)
	at com.qmetry.qaf.automation.ui.webdriver.QAFExtendedWebDriver.findElementByName(QAFExtendedWebDriver.java:1)
	at org.openqa.selenium.By$ByName.findElement(By.java:303)
	at org.openqa.selenium.remote.RemoteWebDriver.findElement(RemoteWebDriver.java:355)
	at com.qmetry.qaf.automation.ui.webdriver.QAFExtendedWebDriver.findElement(QAFExtendedWebDriver.java:158)
	at com.qmetry.qaf.automation.ui.webdriver.QAFExtendedWebDriver.findElement(QAFExtendedWebDriver.java:1)
	at org.openqa.selenium.support.ui.ExpectedConditions.findElement(ExpectedConditions.java:899)
	at org.openqa.selenium.support.ui.ExpectedConditions.access$000(ExpectedConditions.java:41)
	at org.openqa.selenium.support.ui.ExpectedConditions$6.apply(ExpectedConditions.java:181)
	at org.openqa.selenium.support.ui.ExpectedConditions$6.apply(ExpectedConditions.java:178)
	at org.openqa.selenium.support.ui.FluentWait.until(FluentWait.java:238)
	at com.qmetry.qaf.automation.ui.webdriver.QAFExtendedWebDriver.load(QAFExtendedWebDriver.java:203)
	at com.qmetry.qaf.automation.ui.webdriver.QAFExtendedWebElement.load(QAFExtendedWebElement.java:253)
	at com.qmetry.qaf.automation.ui.webdriver.QAFExtendedWebElement.execute(QAFExtendedWebElement.java:208)
	at org.openqa.selenium.remote.RemoteWebElement.clear(RemoteWebElement.java:140)
	at com.qmetry.qaf.examples.steps.cucumber.GoogleStepDefs.I_search_for(GoogleStepDefs.java:24)
	at sun.reflect.NativeMethodAccessorImpl.invoke0(Native Method)
	at sun.reflect.NativeMethodAccessorImpl.invoke(NativeMethodAccessorImpl.java:62)
	at sun.reflect.DelegatingMethodAccessorImpl.invoke(DelegatingMethodAccessorImpl.java:43)
	at java.lang.reflect.Method.invoke(Method.java:497)
	at com.qmetry.qaf.automation.step.JavaStep.doExecute(JavaStep.java:149)
	at com.qmetry.qaf.automation.step.BaseTestStep.execute(BaseTestStep.java:148)
	at com.qmetry.qaf.automation.step.StringTestStep.execute(StringTestStep.java:130)
	at com.qmetry.qaf.automation.step.client.Scenario.execute(Scenario.java:148)
	at com.qmetry.qaf.automation.step.client.Scenario.scenario(Scenario.java:196)
	at sun.reflect.NativeMethodAccessorImpl.invoke0(Native Method)
	at sun.reflect.NativeMethodAccessorImpl.invoke(NativeMethodAccessorImpl.java:62)
	at sun.reflect.DelegatingMethodAccessorImpl.invoke(DelegatingMethodAccessorImpl.java:43)
	at java.lang.reflect.Method.invoke(Method.java:497)
	at org.testng.internal.MethodInvocationHelper.invokeMethod(MethodInvocationHelper.java:86)
	at org.testng.internal.Invoker.invokeMethod(Invoker.java:643)
	at org.testng.internal.Invoker.invokeTestMethod(Invoker.java:820)
	at org.testng.internal.Invoker.invokeTestMethods(Invoker.java:1128)
	at org.testng.internal.TestMethodWorker.invokeTestMethods(TestMethodWorker.java:129)
	at org.testng.internal.TestMethodWorker.run(TestMethodWorker.java:112)
	... 3 more
Caused by: java.lang.RuntimeException: Failed to execute command webpage.element find: findElements command failed. Reason: handset server: timeout expired.
	at com.perfectomobile.selenium.MobileEntity.processCommonResponse(MobileEntity.java:98)
	at com.perfectomobile.selenium.MobileDevice.processResponse(MobileDevice.java:510)
	at com.perfectomobile.selenium.MobileApplication.processResponse(MobileApplication.java:54)
	at com.perfectomobile.selenium.dom.MobileDOMApplication.processResponse(MobileDOMApplication.java:463)
	at com.perfectomobile.selenium.MobileEntity.executeCommand(MobileEntity.java:57)
	at com.perfectomobile.selenium.MobileEntity.executeCommand(MobileEntity.java:50)
	at com.perfectomobile.selenium.MobileApplication.findElementsImpl(MobileApplication.java:290)
	at com.perfectomobile.selenium.dom.MobileDOMApplication.findElementsImpl(MobileDOMApplication.java:485)
	at com.perfectomobile.selenium.MobileApplication.findElementsImpl(MobileApplication.java:270)
	at com.perfectomobile.selenium.MobileApplication.findElementsByName(MobileApplication.java:184)
	at com.perfectomobile.selenium.MobileApplication.findElementByName(MobileApplication.java:177)
	at org.openqa.selenium.By$ByName.findElement(By.java:303)
	at com.perfectomobile.selenium.MobileApplication.findElement(MobileApplication.java:150)
	at com.perfectomobile.selenium.server.PerfectoMobileDriver.findElement(PerfectoMobileDriver.java:612)
	at sun.reflect.GeneratedMethodAccessor1180.invoke(Unknown Source)
	at sun.reflect.DelegatingMethodAccessorImpl.invoke(DelegatingMethodAccessorImpl.java:43)
	at java.lang.reflect.Method.invoke(Method.java:498)
	at org.openqa.selenium.support.events.EventFiringWebDriver$2.invoke(EventFiringWebDriver.java:102)
	at com.sun.proxy.$Proxy279.findElement(Unknown Source)
	at org.openqa.selenium.support.events.EventFiringWebDriver.findElement(EventFiringWebDriver.java:187)
	at org.openqa.selenium.remote.server.handler.FindElement.call(FindElement.java:48)
	at org.openqa.selenium.remote.server.handler.FindElement.call(FindElement.java:33)
	at java.util.concurrent.FutureTask.run(FutureTask.java:266)
	at org.openqa.selenium.remote.server.MobileDefaultSession$1.run(MobileDefaultSession.java:182)
	... 3 more
</pre></div></td>
<td>41</td>
<td>com.qmetry.qaf.automation.step.client.Scenario@3e8</td></tr>
</table><p>
<table width='100%' border='1' class='invocation-passed'>
<tr><td colspan='4' align='center'><b>PASSED TESTS</b></td></tr>
<tr><td><b>Test method</b></td>
<td width="30%"><b>Exception</b></td>
<td width="10%"><b>Time (seconds)</b></td>
<td><b>Instance</b></td>
</tr>
<tr>
<td title='com.qmetry.qaf.automation.step.client.DataDrivenScenario.Search Keyword()'><b>Search Keyword</b><br>Test class: com.qmetry.qaf.automation.step.client.DataDrivenScenario (Search Keyword)<br>Parameters: {searchResult=using QAF, searchKey=QAF StackOverflow, recId=StackOverflow}<br/>
<a href="#Output-354942401" onClick='toggleBox("Output-354942401", this, "Show output", "Hide output");'>Show output</a>

<a href="#Output-354942401" onClick="toggleAllBoxes();">Show all outputs</a>
<div class='log' id="Output-354942401">
<div style="display:block;margin-left:10px;"><div  class="teststeppass"><span class="teststeppass-label">T </span>Given I am on Google Search Page</div><div  class="teststeppass"><span class="teststeppass-label">T </span>When I search for "QAF StackOverflow"</div><div  class="teststeppass"><span class="teststeppass-label">T </span>Then it should have "using QAF" in search results</div><div style="display:block;margin-left:10px;"><div  class="pass"><span class="pass-label">P </span>Expected using QAF present : Actual using QAF present <a href="../img/Search Keyword_d85klc4h9oa057233.png" target="_blank">[View Screenshot]</a> </div></div></div><br/>
</div>
</td>
<td></td>
<td>59</td>
<td>com.qmetry.qaf.automation.step.client.DataDrivenScenario@3ea</td></tr>
<tr>
<td title='com.qmetry.qaf.automation.step.client.DataDrivenScenario.Search Keyword()'><b>Search Keyword</b><br>Test class: com.qmetry.qaf.automation.step.client.DataDrivenScenario (Search Keyword)<br>Parameters: {searchResult=InfoStretch Test Automation Framework, searchKey=Selenium ISFW, recId=ISFW}<br/>
<a href="#Output-1226917045" onClick='toggleBox("Output-1226917045", this, "Show output", "Hide output");'>Show output</a>

<a href="#Output-1226917045" onClick="toggleAllBoxes();">Show all outputs</a>
<div class='log' id="Output-1226917045">
<div style="display:block;margin-left:10px;"><div  class="teststeppass"><span class="teststeppass-label">T </span>Given I am on Google Search Page</div><div  class="teststeppass"><span class="teststeppass-label">T </span>When I search for "Selenium ISFW"</div><div  class="teststeppass"><span class="teststeppass-label">T </span>Then it should have "InfoStretch Test Automation Framework" in search results</div><div style="display:block;margin-left:10px;"><div  class="pass"><span class="pass-label">P </span>Expected InfoStretch Test Automation Framework present : Actual InfoStretch Test Automation Framework present <a href="../img/Search Keyword_yodwp4zlsuij57234.png" target="_blank">[View Screenshot]</a> </div></div></div><br/>
</div>
</td>
<td></td>
<td>14</td>
<td>com.qmetry.qaf.automation.step.client.DataDrivenScenario@3ea</td></tr>
<tr>
<td title='com.qmetry.qaf.automation.step.client.Scenario.Search QMetry with results()'><b>Search QMetry with results</b><br>Test class: com.qmetry.qaf.automation.step.client.Scenario (Search QMetry with results)<br/>
<a href="#Output-280165022" onClick='toggleBox("Output-280165022", this, "Show output", "Hide output");'>Show output</a>

<a href="#Output-280165022" onClick="toggleAllBoxes();">Show all outputs</a>
<div class='log' id="Output-280165022">
<div style="display:block;margin-left:10px;"><div  class="teststeppass"><span class="teststeppass-label">T </span>Given I am on Google Search Page</div><div  class="teststeppass"><span class="teststeppass-label">T </span>When I search for "QAFTestStep"</div><div  class="teststeppass"><span class="teststeppass-label">T </span>Then it should have following search results:["QMetry Automation Framework","QAFTestStep"]</div><div style="display:block;margin-left:10px;"><div  class="pass"><span class="pass-label">P </span>Expected QMetry Automation Framework present : Actual QMetry Automation Framework present <a href="../img/Search QMetry with results_1ka91sww4lvoj57229.png" target="_blank">[View Screenshot]</a> </div><div  class="pass"><span class="pass-label">P </span>Expected QAFTestStep present : Actual QAFTestStep present <a href="../img/Search QMetry with results_c9npmtcdk3cu57230.png" target="_blank">[View Screenshot]</a> </div></div></div><br/>
</div>
</td>
<td></td>
<td>34</td>
<td>com.qmetry.qaf.automation.step.client.Scenario@3e9</td></tr>
</table><p>
</body>
</html>