<!DOCTYPE html PUBLIC "-//W3C//DTD XHTML 1.1//EN" "http://www.w3.org/TR/xhtml11/DTD/xhtml11.dtd">
<html xmlns="http://www.w3.org/1999/xhtml"><head><title>TestNG Report</title><style type="text/css">table {margin-bottom:10px;border-collapse:collapse;empty-cells:show}th,td {border:1px solid #009;padding:.25em .5em}th {vertical-align:bottom}td {vertical-align:top}table a {font-weight:bold}.stripe td {background-color: #E6EBF9}.num {text-align:right}.passedodd td {background-color: #3F3}.passedeven td {background-color: #0A0}.skippedodd td {background-color: #DDD}.skippedeven td {background-color: #CCC}.failedodd td,.attn {background-color: #F33}.failedeven td,.stripe .attn {background-color: #D00}.stacktrace {white-space:pre;font-family:monospace}.totop {font-size:85%;text-align:center;border-bottom:2px solid #000}</style></head><body><table><tr><th>Test</th><th># Passed</th><th># Skipped</th><th># Failed</th><th>Time (ms)</th><th>Included Groups</th><th>Excluded Groups</th></tr><tr><th colspan="7">QAF-Gherkin-Demo</th></tr><tr><td><a href="#t0">amtrck d1</a></td><td class="num">3</td><td class="num">0</td><td class="num attn">1</td><td class="num">77,689</td><td>@amtrak</td><td></td></tr><tr class="stripe"><td><a href="#t1">amtrck d2</a></td><td class="num">3</td><td class="num">0</td><td class="num attn">1</td><td class="num">122,637</td><td>@amtrak</td><td></td></tr><tr><th>Total</th><th class="num">6</th><th class="num">0</th><th class="num attn">2</th><th class="num">200,326</th><th colspan="2"></th></tr></table><table><thead><tr><th>Class</th><th>Method</th><th>Start</th><th>Time (ms)</th></tr></thead><tbody><tr><th colspan="4">QAF-Gherkin-Demo</th></tr></tbody><tbody id="t0"><tr><th colspan="4">amtrck d1 &#8212; failed</th></tr><tr class="failedeven"><td rowspan="1">com.qmetry.qaf.automation.step.client.Scenario</td><td><a href="#m0">amtrak - find station</a></td><td rowspan="1">1477392243458</td><td rowspan="1">12141</td></tr><tr><th colspan="4">amtrck d1 &#8212; passed</th></tr><tr class="passedeven"><td rowspan="2">com.qmetry.qaf.automation.step.client.DataDrivenScenario</td><td><a href="#m1">Amtrak-DT</a></td><td rowspan="2">1477392280831</td><td rowspan="2">13793</td></tr><tr class="passedeven"><td><a href="#m2">Amtrak-DT</a></td></tr><tr class="passedodd"><td rowspan="1">com.qmetry.qaf.automation.step.client.Scenario</td><td><a href="#m3">amtrak - buy ticket</a></td><td rowspan="1">1477392257272</td><td rowspan="1">23472</td></tr></tbody><tbody id="t1"><tr><th colspan="4">amtrck d2 &#8212; failed</th></tr><tr class="failedeven"><td rowspan="1">com.qmetry.qaf.automation.step.client.DataDrivenScenario</td><td><a href="#m4">Amtrak-DT</a></td><td rowspan="1">1477392310469</td><td rowspan="1">32082</td></tr><tr><th colspan="4">amtrck d2 &#8212; passed</th></tr><tr class="passedeven"><td rowspan="1">com.qmetry.qaf.automation.step.client.DataDrivenScenario</td><td><a href="#m5">Amtrak-DT</a></td><td rowspan="1">1477392297371</td><td rowspan="1">13007</td></tr><tr class="passedodd"><td rowspan="2">com.qmetry.qaf.automation.step.client.Scenario</td><td><a href="#m6">amtrak - buy ticket</a></td><td rowspan="1">1477392268148</td><td rowspan="1">29142</td></tr><tr class="passedodd"><td><a href="#m7">amtrak - find station</a></td><td rowspan="1">1477392243458</td><td rowspan="1">24588</td></tr></tbody></table><h2>amtrck d1</h2><h3 id="m0">com.qmetry.qaf.automation.step.client.Scenario#amtrak - find station</h3><table class="result"><tr><th>Messages</th></tr><tr><td><div class="messages">&lt;div style=&quot;display:block;margin-left:10px;&quot;&gt;&lt;div  class=&quot;teststeppass&quot;&gt;&lt;span class=&quot;teststeppass-label&quot;&gt;T &lt;/span&gt;Given I open browser to webpage &quot;http://amtrak.com&quot;&lt;/div&gt;&lt;div  class=&quot;teststepfail&quot;&gt;&lt;span class=&quot;teststepfail-label&quot;&gt;T &lt;/span&gt;Then I click on &quot;train.status&quot; &lt;a href=&quot;img/amtrak - find station_1ur0h4yoddpcr21478.png&quot; target=&quot;_blank&quot;&gt;[View Screenshot]&lt;/a&gt; &lt;/div&gt;&lt;div style=&quot;display:block;margin-left:10px;&quot;&gt;&lt;div  class=&quot;fail&quot;&gt;&lt;span class=&quot;fail-label&quot;&gt;F &lt;/span&gt;Failed to execute command webpage.element click: clickElement command failed. Reason: handset server: Document unloaded while waiting for result
Command duration or timeout: 806 milliseconds
Build info: version: &apos;2.53.0&apos;, revision: &apos;35ae25b1534ae328c771e0856c93e187490ca824&apos;, time: &apos;2016-03-15 10:43:46&apos;
System info: host: &apos;UziMac&apos;, ip: &apos;192.168.43.133&apos;, os.name: &apos;Mac OS X&apos;, os.arch: &apos;x86_64&apos;, os.version: &apos;10.11.1&apos;, java.version: &apos;1.8.0_45&apos;
Driver info: com.qmetry.qaf.automation.ui.webdriver.QAFExtendedWebDriver
Capabilities [{rotatable=true, testGridReportUrl=https://beta.reporting-01.perfectomobile.com?externalId[0]=uzie@perfectomobile.com_RemoteWebDriver_16-10-25_10_44_04_5433, entityType=remote_web_driver, deviceName=F15118A63C51D54E3CEA474B32CFE2ECDAF1AB70, serverConnector=, platform=ANY, executionId=uzie@perfectomobile.com_RemoteWebDriver_16-10-25_10_44_04_5433, password=, webdriver.remote.sessionid=9617c47e-bb13-4e6b-9cba-1b18cfc9a7ad, automationName=Appium, host=beta.perfectomobile.com, singleTestReportUrl=https://beta.perfectomobile.com/nexperience/singletest/report/?reportRepositoryKey=PRIVATE:RemoteWebDriver/161025/RemoteWebDriver_16-10-25_10_44_04_5433.xml&amp;ownerId=uzie@perfectomobile.com&amp;sharingCode=4bb27218-f697-4e82-a0ce-e6b08052242a, locationContextEnabled=true, takesScreenshot=true, browserName=MobileOS, scriptName=RemoteWebDriver, javascriptEnabled=true, reportKey=PRIVATE:RemoteWebDriver/161025/RemoteWebDriver_16-10-25_10_44_04_5433.xml, windTunnelReportUrl=https://beta.perfectomobile.com/nexperience/singletest/report/?reportRepositoryKey=PRIVATE:RemoteWebDriver/161025/RemoteWebDriver_16-10-25_10_44_04_5433.xml&amp;ownerId=uzie@perfectomobile.com&amp;sharingCode=4bb27218-f697-4e82-a0ce-e6b08052242a, user=, cssSelectorsEnabled=true}]
Session ID: 9617c47e-bb13-4e6b-9cba-1b18cfc9a7ad&lt;/div&gt;&lt;/div&gt;&lt;div  class=&quot;teststep&quot;&gt;&lt;span class=&quot;teststep-label&quot;&gt;T &lt;/span&gt;Then I click on &quot;find.Station&quot;&lt;/div&gt;&lt;div  class=&quot;teststep&quot;&gt;&lt;span class=&quot;teststep-label&quot;&gt;T &lt;/span&gt;Then I click on &quot;Station.abl&quot;&lt;/div&gt;&lt;div  class=&quot;teststep&quot;&gt;&lt;span class=&quot;teststep-label&quot;&gt;T &lt;/span&gt;Then I enter &quot;45&quot; to &quot;bus.number&quot;&lt;/div&gt;&lt;div  class=&quot;teststep&quot;&gt;&lt;span class=&quot;teststep-label&quot;&gt;T &lt;/span&gt;Then I click on &quot;status.button&quot;&lt;/div&gt;&lt;/div&gt;</div></td></tr><tr><th>Exception</th></tr><tr><td><div class="stacktrace">org.openqa.selenium.WebDriverException: Failed to execute command webpage.element click: clickElement command failed. Reason: handset server: Document unloaded while waiting for result
Command duration or timeout: 806 milliseconds
Build info: version: &apos;2.53.0&apos;, revision: &apos;35ae25b1534ae328c771e0856c93e187490ca824&apos;, time: &apos;2016-03-15 10:43:46&apos;
System info: host: &apos;UziMac&apos;, ip: &apos;192.168.43.133&apos;, os.name: &apos;Mac OS X&apos;, os.arch: &apos;x86_64&apos;, os.version: &apos;10.11.1&apos;, java.version: &apos;1.8.0_45&apos;
Driver info: com.qmetry.qaf.automation.ui.webdriver.QAFExtendedWebDriver
Capabilities [{rotatable=true, testGridReportUrl=https://beta.reporting-01.perfectomobile.com?externalId[0]=uzie@perfectomobile.com_RemoteWebDriver_16-10-25_10_44_04_5433, entityType=remote_web_driver, deviceName=F15118A63C51D54E3CEA474B32CFE2ECDAF1AB70, serverConnector=, platform=ANY, executionId=uzie@perfectomobile.com_RemoteWebDriver_16-10-25_10_44_04_5433, password=, webdriver.remote.sessionid=9617c47e-bb13-4e6b-9cba-1b18cfc9a7ad, automationName=Appium, host=beta.perfectomobile.com, singleTestReportUrl=https://beta.perfectomobile.com/nexperience/singletest/report/?reportRepositoryKey=PRIVATE:RemoteWebDriver/161025/RemoteWebDriver_16-10-25_10_44_04_5433.xml&amp;ownerId=uzie@perfectomobile.com&amp;sharingCode=4bb27218-f697-4e82-a0ce-e6b08052242a, locationContextEnabled=true, takesScreenshot=true, browserName=MobileOS, scriptName=RemoteWebDriver, javascriptEnabled=true, reportKey=PRIVATE:RemoteWebDriver/161025/RemoteWebDriver_16-10-25_10_44_04_5433.xml, windTunnelReportUrl=https://beta.perfectomobile.com/nexperience/singletest/report/?reportRepositoryKey=PRIVATE:RemoteWebDriver/161025/RemoteWebDriver_16-10-25_10_44_04_5433.xml&amp;ownerId=uzie@perfectomobile.com&amp;sharingCode=4bb27218-f697-4e82-a0ce-e6b08052242a, user=, cssSelectorsEnabled=true}]
Session ID: 9617c47e-bb13-4e6b-9cba-1b18cfc9a7ad
	at .Then I click on &quot;train.status&quot;(scenarios/Amtrak.feature:6)
	at org.openqa.selenium.remote.ErrorHandler.createThrowable(ErrorHandler.java:206)
	at org.openqa.selenium.remote.ErrorHandler.throwIfResponseFailed(ErrorHandler.java:158)
	at org.openqa.selenium.remote.RemoteWebDriver.execute(RemoteWebDriver.java:678)
	at com.qmetry.qaf.automation.ui.webdriver.QAFExtendedWebDriver.executeWitoutLog(QAFExtendedWebDriver.java:244)
	at com.qmetry.qaf.automation.ui.webdriver.QAFExtendedWebElement.execute(QAFExtendedWebElement.java:240)
	at org.openqa.selenium.remote.RemoteWebElement.click(RemoteWebElement.java:85)
	at com.qmetry.qaf.automation.step.CommonStep.click(CommonStep.java:612)
	at com.sample.automation.common.steps.PerfectoApplicationSteps.iClick(PerfectoApplicationSteps.java:223)
	at com.qmetry.qaf.automation.step.JavaStep.doExecute(JavaStep.java:154)
	at com.qmetry.qaf.automation.step.BaseTestStep.execute(BaseTestStep.java:148)
	at com.qmetry.qaf.automation.step.StringTestStep.execute(StringTestStep.java:130)
	at com.qmetry.qaf.automation.step.client.Scenario.execute(Scenario.java:148)
	at com.qmetry.qaf.automation.step.client.Scenario.scenario(Scenario.java:196)
	at java.util.concurrent.FutureTask.run(FutureTask.java:266)
	at java.util.concurrent.ThreadPoolExecutor.runWorker(ThreadPoolExecutor.java:1142)
	at java.util.concurrent.ThreadPoolExecutor$Worker.run(ThreadPoolExecutor.java:617)
	at java.lang.Thread.run(Thread.java:745)
Caused by: org.openqa.selenium.remote.ScreenshotException: Screen shot has been taken
Build info: version: &apos;2.53.0&apos;, revision: &apos;35ae25b1534ae328c771e0856c93e187490ca824&apos;, time: &apos;2016-03-15 10:43:46&apos;
System info: host: &apos;UziMac&apos;, ip: &apos;192.168.43.133&apos;, os.name: &apos;Mac OS X&apos;, os.arch: &apos;x86_64&apos;, os.version: &apos;10.11.1&apos;, java.version: &apos;1.8.0_45&apos;
Driver info: driver.version: QAFExtendedWebDriver
	at org.openqa.selenium.remote.ErrorHandler.throwIfResponseFailed(ErrorHandler.java:138)
	at org.openqa.selenium.remote.RemoteWebDriver.execute(RemoteWebDriver.java:678)
	at com.qmetry.qaf.automation.ui.webdriver.QAFExtendedWebDriver.executeWitoutLog(QAFExtendedWebDriver.java:244)
	at com.qmetry.qaf.automation.ui.webdriver.QAFExtendedWebElement.execute(QAFExtendedWebElement.java:240)
	at org.openqa.selenium.remote.RemoteWebElement.click(RemoteWebElement.java:85)
	at com.qmetry.qaf.automation.step.CommonStep.click(CommonStep.java:612)
	at com.sample.automation.common.steps.PerfectoApplicationSteps.iClick(PerfectoApplicationSteps.java:223)
	at com.qmetry.qaf.automation.step.JavaStep.doExecute(JavaStep.java:154)
	at com.qmetry.qaf.automation.step.BaseTestStep.execute(BaseTestStep.java:148)
	at com.qmetry.qaf.automation.step.StringTestStep.execute(StringTestStep.java:130)
	at com.qmetry.qaf.automation.step.client.Scenario.execute(Scenario.java:148)
	at com.qmetry.qaf.automation.step.client.Scenario.scenario(Scenario.java:196)
	... 4 more
Caused by: java.lang.RuntimeException: Failed to execute command webpage.element click: clickElement command failed. Reason: handset server: Document unloaded while waiting for result
	at com.perfectomobile.selenium.MobileEntity.processCommonResponse(MobileEntity.java:98)
	at com.perfectomobile.selenium.MobileDevice.processResponse(MobileDevice.java:510)
	at com.perfectomobile.selenium.MobileApplication.processResponse(MobileApplication.java:54)
	at com.perfectomobile.selenium.dom.MobileDOMApplication.processResponse(MobileDOMApplication.java:463)
	at com.perfectomobile.selenium.MobileElement.processResponse(MobileElement.java:82)
	at com.perfectomobile.selenium.MobileEntity.executeCommand(MobileEntity.java:57)
	at com.perfectomobile.selenium.MobileEntity.executeCommand(MobileEntity.java:50)
	at com.perfectomobile.selenium.MobileElement.click(MobileElement.java:144)
	at org.openqa.selenium.support.events.EventFiringWebDriver$EventFiringWebElement$1.invoke(EventFiringWebDriver.java:334)
	at com.sun.proxy.$Proxy283.click(Unknown Source)
	at org.openqa.selenium.support.events.EventFiringWebDriver$EventFiringWebElement.click(EventFiringWebDriver.java:347)
	at org.openqa.selenium.remote.server.KnownElements$1.invoke(KnownElements.java:64)
	at com.sun.proxy.$Proxy284.click(Unknown Source)
	at org.openqa.selenium.remote.server.handler.ClickElement.call(ClickElement.java:30)
	at org.openqa.selenium.remote.server.handler.ClickElement.call(ClickElement.java:22)
	at java.util.concurrent.FutureTask.run(FutureTask.java:266)
	at org.openqa.selenium.remote.server.MobileDefaultSession$1.run(MobileDefaultSession.java:182)
	... 3 more
... Removed 26 stack frames</div></td></tr></table><p class="totop"><a href="#summary">back to summary</a></p><h3 id="m1">com.qmetry.qaf.automation.step.client.DataDrivenScenario#Amtrak-DT</h3><table class="result"><tr class="param"><th>Parameter #1</th></tr><tr class="param stripe"><td>{number=20}</td></tr><tr><th>Messages</th></tr><tr><td><div class="messages">&lt;div style=&quot;display:block;margin-left:10px;&quot;&gt;&lt;div  class=&quot;teststeppass&quot;&gt;&lt;span class=&quot;teststeppass-label&quot;&gt;T &lt;/span&gt;Given I open browser to webpage &quot;http://amtrak.com&quot;&lt;/div&gt;&lt;div  class=&quot;teststeppass&quot;&gt;&lt;span class=&quot;teststeppass-label&quot;&gt;T &lt;/span&gt;Then I click on &quot;train.status&quot;&lt;/div&gt;&lt;div  class=&quot;teststeppass&quot;&gt;&lt;span class=&quot;teststeppass-label&quot;&gt;T &lt;/span&gt;Then I click on &quot;find.Station&quot;&lt;/div&gt;&lt;div  class=&quot;teststeppass&quot;&gt;&lt;span class=&quot;teststeppass-label&quot;&gt;T &lt;/span&gt;Then I click on &quot;Station.abl&quot;&lt;/div&gt;&lt;div  class=&quot;teststeppass&quot;&gt;&lt;span class=&quot;teststeppass-label&quot;&gt;T &lt;/span&gt;Then I enter &quot;20&quot; to &quot;bus.number&quot;&lt;/div&gt;&lt;div  class=&quot;teststeppass&quot;&gt;&lt;span class=&quot;teststeppass-label&quot;&gt;T &lt;/span&gt;Then I click on &quot;status.button&quot;&lt;/div&gt;&lt;/div&gt;</div></td></tr></table><p class="totop"><a href="#summary">back to summary</a></p><h3 id="m2">com.qmetry.qaf.automation.step.client.DataDrivenScenario#Amtrak-DT</h3><table class="result"><tr class="param"><th>Parameter #1</th></tr><tr class="param stripe"><td>{number=30}</td></tr><tr><th>Messages</th></tr><tr><td><div class="messages">&lt;div style=&quot;display:block;margin-left:10px;&quot;&gt;&lt;div  class=&quot;teststeppass&quot;&gt;&lt;span class=&quot;teststeppass-label&quot;&gt;T &lt;/span&gt;Given I open browser to webpage &quot;http://amtrak.com&quot;&lt;/div&gt;&lt;div  class=&quot;teststeppass&quot;&gt;&lt;span class=&quot;teststeppass-label&quot;&gt;T &lt;/span&gt;Then I click on &quot;train.status&quot;&lt;/div&gt;&lt;div  class=&quot;teststeppass&quot;&gt;&lt;span class=&quot;teststeppass-label&quot;&gt;T &lt;/span&gt;Then I click on &quot;find.Station&quot;&lt;/div&gt;&lt;div  class=&quot;teststeppass&quot;&gt;&lt;span class=&quot;teststeppass-label&quot;&gt;T &lt;/span&gt;Then I click on &quot;Station.abl&quot;&lt;/div&gt;&lt;div  class=&quot;teststeppass&quot;&gt;&lt;span class=&quot;teststeppass-label&quot;&gt;T &lt;/span&gt;Then I enter &quot;30&quot; to &quot;bus.number&quot;&lt;/div&gt;&lt;div  class=&quot;teststeppass&quot;&gt;&lt;span class=&quot;teststeppass-label&quot;&gt;T &lt;/span&gt;Then I click on &quot;status.button&quot;&lt;/div&gt;&lt;/div&gt;</div></td></tr></table><p class="totop"><a href="#summary">back to summary</a></p><h3 id="m3">com.qmetry.qaf.automation.step.client.Scenario#amtrak - buy ticket</h3><table class="result"><tr><th>Messages</th></tr><tr><td><div class="messages">&lt;div style=&quot;display:block;margin-left:10px;&quot;&gt;&lt;div  class=&quot;teststeppass&quot;&gt;&lt;span class=&quot;teststeppass-label&quot;&gt;T &lt;/span&gt;Given I open browser to webpage &quot;http://amtrak.com&quot;&lt;/div&gt;&lt;div  class=&quot;teststeppass&quot;&gt;&lt;span class=&quot;teststeppass-label&quot;&gt;T &lt;/span&gt;Then I wait 20 seconds for &quot;buy.ticket&quot; to appear&lt;/div&gt;&lt;div  class=&quot;teststeppass&quot;&gt;&lt;span class=&quot;teststeppass-label&quot;&gt;T &lt;/span&gt;Then I click on &quot;buy.ticket&quot;&lt;/div&gt;&lt;div  class=&quot;teststeppass&quot;&gt;&lt;span class=&quot;teststeppass-label&quot;&gt;T &lt;/span&gt;Then I enter &quot;NYP&quot; to &quot;ticket.from&quot;&lt;/div&gt;&lt;div  class=&quot;teststeppass&quot;&gt;&lt;span class=&quot;teststeppass-label&quot;&gt;T &lt;/span&gt;Then I enter &quot;BBY&quot; to &quot;ticket.to&quot;&lt;/div&gt;&lt;div  class=&quot;teststeppass&quot;&gt;&lt;span class=&quot;teststeppass-label&quot;&gt;T &lt;/span&gt;Then I scroll down&lt;/div&gt;&lt;div  class=&quot;teststeppass&quot;&gt;&lt;span class=&quot;teststeppass-label&quot;&gt;T &lt;/span&gt;Then I click on &quot;find.train&quot;&lt;/div&gt;&lt;div  class=&quot;teststeppass&quot;&gt;&lt;span class=&quot;teststeppass-label&quot;&gt;T &lt;/span&gt;Then I wait for &quot;2&quot; seconds&lt;/div&gt;&lt;div  class=&quot;teststeppass&quot;&gt;&lt;span class=&quot;teststeppass-label&quot;&gt;T &lt;/span&gt;Then I click on &quot;continue&quot;&lt;/div&gt;&lt;div  class=&quot;teststeppass&quot;&gt;&lt;span class=&quot;teststeppass-label&quot;&gt;T &lt;/span&gt;Then I must see text &quot;Departure&quot;&lt;/div&gt;&lt;div  class=&quot;teststeppass&quot;&gt;&lt;span class=&quot;teststeppass-label&quot;&gt;T &lt;/span&gt;Then I should see text &quot;Departure&quot;&lt;/div&gt;&lt;div style=&quot;display:block;margin-left:10px;&quot;&gt;&lt;div  class=&quot;pass&quot;&gt;&lt;span class=&quot;pass-label&quot;&gt;P &lt;/span&gt;
Expected: &quot;true&quot;
     Actual: was &quot;true&quot; &lt;a href=&quot;img/amtrak - find station_1ur0h4yoddpcr21478.png&quot; target=&quot;_blank&quot;&gt;[View Screenshot]&lt;/a&gt; &lt;/div&gt;&lt;/div&gt;&lt;/div&gt;</div></td></tr></table><p class="totop"><a href="#summary">back to summary</a></p><h2>amtrck d2</h2><h3 id="m4">com.qmetry.qaf.automation.step.client.DataDrivenScenario#Amtrak-DT</h3><table class="result"><tr class="param"><th>Parameter #1</th></tr><tr class="param stripe"><td>{number=30}</td></tr><tr><th>Messages</th></tr><tr><td><div class="messages">&lt;div style=&quot;display:block;margin-left:10px;&quot;&gt;&lt;div  class=&quot;teststeppass&quot;&gt;&lt;span class=&quot;teststeppass-label&quot;&gt;T &lt;/span&gt;Given I open browser to webpage &quot;http://amtrak.com&quot;&lt;/div&gt;&lt;div  class=&quot;teststeppass&quot;&gt;&lt;span class=&quot;teststeppass-label&quot;&gt;T &lt;/span&gt;Then I click on &quot;train.status&quot;&lt;/div&gt;&lt;div  class=&quot;teststepfail&quot;&gt;&lt;span class=&quot;teststepfail-label&quot;&gt;T &lt;/span&gt;Then I click on &quot;find.Station&quot; &lt;a href=&quot;img/Amtrak-DT_t8z60qp89pb521480.png&quot; target=&quot;_blank&quot;&gt;[View Screenshot]&lt;/a&gt; &lt;/div&gt;&lt;div style=&quot;display:block;margin-left:10px;&quot;&gt;&lt;div  class=&quot;fail&quot;&gt;&lt;span class=&quot;fail-label&quot;&gt;F &lt;/span&gt;Timed out after 30 seconds waiting for presence of element located by: By.xpath: (//*[@value=&apos;Find a Station&apos; and @type=&apos;submit&apos;])[2]
Build info: version: &apos;2.53.0&apos;, revision: &apos;35ae25b1534ae328c771e0856c93e187490ca824&apos;, time: &apos;2016-03-15 10:43:46&apos;
System info: host: &apos;UziMac&apos;, ip: &apos;192.168.43.133&apos;, os.name: &apos;Mac OS X&apos;, os.arch: &apos;x86_64&apos;, os.version: &apos;10.11.1&apos;, java.version: &apos;1.8.0_45&apos;
Driver info: driver.version: QAFExtendedWebDriver&lt;/div&gt;&lt;/div&gt;&lt;div  class=&quot;teststep&quot;&gt;&lt;span class=&quot;teststep-label&quot;&gt;T &lt;/span&gt;Then I click on &quot;Station.abl&quot;&lt;/div&gt;&lt;div  class=&quot;teststep&quot;&gt;&lt;span class=&quot;teststep-label&quot;&gt;T &lt;/span&gt;Then I enter &quot;${number}&quot; to &quot;bus.number&quot;&lt;/div&gt;&lt;div  class=&quot;teststep&quot;&gt;&lt;span class=&quot;teststep-label&quot;&gt;T &lt;/span&gt;Then I click on &quot;status.button&quot;&lt;/div&gt;&lt;/div&gt;</div></td></tr><tr><th>Exception</th></tr><tr><td><div class="stacktrace">org.openqa.selenium.TimeoutException: Timed out after 30 seconds waiting for presence of element located by: By.xpath: (//*[@value=&apos;Find a Station&apos; and @type=&apos;submit&apos;])[2]
Build info: version: &apos;2.53.0&apos;, revision: &apos;35ae25b1534ae328c771e0856c93e187490ca824&apos;, time: &apos;2016-03-15 10:43:46&apos;
System info: host: &apos;UziMac&apos;, ip: &apos;192.168.43.133&apos;, os.name: &apos;Mac OS X&apos;, os.arch: &apos;x86_64&apos;, os.version: &apos;10.11.1&apos;, java.version: &apos;1.8.0_45&apos;
Driver info: driver.version: QAFExtendedWebDriver
	at .Then I click on &quot;find.Station&quot;(scenarios/Amtrak.feature:30)
	at org.openqa.selenium.support.ui.FluentWait.timeoutException(FluentWait.java:292)
	at org.openqa.selenium.support.ui.FluentWait.until(FluentWait.java:261)
	at com.qmetry.qaf.automation.ui.webdriver.QAFExtendedWebDriver.load(QAFExtendedWebDriver.java:202)
	at com.qmetry.qaf.automation.ui.webdriver.QAFExtendedWebElement.load(QAFExtendedWebElement.java:272)
	at com.qmetry.qaf.automation.ui.webdriver.QAFExtendedWebElement.execute(QAFExtendedWebElement.java:227)
	at org.openqa.selenium.remote.RemoteWebElement.click(RemoteWebElement.java:85)
	at com.qmetry.qaf.automation.step.CommonStep.click(CommonStep.java:612)
	at com.sample.automation.common.steps.PerfectoApplicationSteps.iClick(PerfectoApplicationSteps.java:223)
	at com.qmetry.qaf.automation.step.JavaStep.doExecute(JavaStep.java:154)
	at com.qmetry.qaf.automation.step.BaseTestStep.execute(BaseTestStep.java:148)
	at com.qmetry.qaf.automation.step.StringTestStep.execute(StringTestStep.java:130)
	at com.qmetry.qaf.automation.step.client.Scenario.execute(Scenario.java:148)
	at com.qmetry.qaf.automation.step.client.DataDrivenScenario.scenario(DataDrivenScenario.java:84)
	at java.util.concurrent.FutureTask.run(FutureTask.java:266)
	at java.util.concurrent.ThreadPoolExecutor.runWorker(ThreadPoolExecutor.java:1142)
	at java.util.concurrent.ThreadPoolExecutor$Worker.run(ThreadPoolExecutor.java:617)
	at java.lang.Thread.run(Thread.java:745)
Caused by: org.openqa.selenium.NoSuchElementException: Element with by xpath &apos;(//*[@value=&apos;Find a Station&apos; and @type=&apos;submit&apos;])[2]&apos; wasn&apos;t found.
For documentation on this error, please visit: http://seleniumhq.org/exceptions/no_such_element.html
Build info: version: &apos;2.48.2&apos;, revision: &apos;41bccdd10cf2c0560f637404c2d96164b67d9d67&apos;, time: &apos;2015-10-09 13:08:06&apos;
System info: host: &apos;Beta-MCM&apos;, ip: &apos;1.1.95.10&apos;, os.name: &apos;Windows Server 2008 R2&apos;, os.arch: &apos;amd64&apos;, os.version: &apos;6.1&apos;, java.version: &apos;1.8.0_102&apos;
Driver info: driver.version: EventFiringWebDriver
Command duration or timeout: 30.43 seconds
For documentation on this error, please visit: http://seleniumhq.org/exceptions/no_such_element.html
Build info: version: &apos;2.53.0&apos;, revision: &apos;35ae25b1534ae328c771e0856c93e187490ca824&apos;, time: &apos;2016-03-15 10:43:46&apos;
System info: host: &apos;UziMac&apos;, ip: &apos;192.168.43.133&apos;, os.name: &apos;Mac OS X&apos;, os.arch: &apos;x86_64&apos;, os.version: &apos;10.11.1&apos;, java.version: &apos;1.8.0_45&apos;
Driver info: com.qmetry.qaf.automation.ui.webdriver.QAFExtendedWebDriver
Capabilities [{rotatable=true, testGridReportUrl=https://beta.reporting-01.perfectomobile.com?externalId[0]=uzie@perfectomobile.com_RemoteWebDriver_16-10-25_10_44_04_5432, entityType=remote_web_driver, deviceName=988667325047395643, serverConnector=, platform=ANY, executionId=uzie@perfectomobile.com_RemoteWebDriver_16-10-25_10_44_04_5432, password=, webdriver.remote.sessionid=2aca9c3c-87e2-41e2-8e5a-7629b6e1782e, automationName=Appium, host=beta.perfectomobile.com, singleTestReportUrl=https://beta.perfectomobile.com/nexperience/singletest/report/?reportRepositoryKey=PRIVATE:RemoteWebDriver/161025/RemoteWebDriver_16-10-25_10_44_04_5432.xml&amp;ownerId=uzie@perfectomobile.com&amp;sharingCode=8b29fdba-f2dc-4021-bbf2-5e96bc3f8373, locationContextEnabled=true, takesScreenshot=true, browserName=MobileOS, scriptName=RemoteWebDriver, javascriptEnabled=true, reportKey=PRIVATE:RemoteWebDriver/161025/RemoteWebDriver_16-10-25_10_44_04_5432.xml, windTunnelReportUrl=https://beta.perfectomobile.com/nexperience/singletest/report/?reportRepositoryKey=PRIVATE:RemoteWebDriver/161025/RemoteWebDriver_16-10-25_10_44_04_5432.xml&amp;ownerId=uzie@perfectomobile.com&amp;sharingCode=8b29fdba-f2dc-4021-bbf2-5e96bc3f8373, user=, cssSelectorsEnabled=true}]
Session ID: 2aca9c3c-87e2-41e2-8e5a-7629b6e1782e
*** Element info: {Using=xpath, value=(//*[@value=&apos;Find a Station&apos; and @type=&apos;submit&apos;])[2]}
	at org.openqa.selenium.remote.ErrorHandler.createThrowable(ErrorHandler.java:206)
	at org.openqa.selenium.remote.ErrorHandler.throwIfResponseFailed(ErrorHandler.java:158)
	at org.openqa.selenium.remote.RemoteWebDriver.execute(RemoteWebDriver.java:678)
	at com.qmetry.qaf.automation.ui.webdriver.QAFExtendedWebDriver.execute(QAFExtendedWebDriver.java:222)
	at org.openqa.selenium.remote.RemoteWebDriver.findElement(RemoteWebDriver.java:363)
	at org.openqa.selenium.remote.RemoteWebDriver.findElementByXPath(RemoteWebDriver.java:500)
	at com.qmetry.qaf.automation.ui.webdriver.QAFExtendedWebDriver.findElementByXPath(QAFExtendedWebDriver.java:384)
	at com.qmetry.qaf.automation.ui.webdriver.QAFExtendedWebDriver.findElementByXPath(QAFExtendedWebDriver.java:1)
	at org.openqa.selenium.By$ByXPath.findElement(By.java:361)
	at org.openqa.selenium.remote.RemoteWebDriver.findElement(RemoteWebDriver.java:355)
	at com.qmetry.qaf.automation.ui.webdriver.QAFExtendedWebDriver.findElement(QAFExtendedWebDriver.java:157)
	at com.qmetry.qaf.automation.ui.webdriver.QAFExtendedWebDriver.findElement(QAFExtendedWebDriver.java:1)
	at org.openqa.selenium.support.ui.ExpectedConditions.findElement(ExpectedConditions.java:899)
	at org.openqa.selenium.support.ui.ExpectedConditions.access$000(ExpectedConditions.java:41)
	at org.openqa.selenium.support.ui.ExpectedConditions$6.apply(ExpectedConditions.java:181)
	at org.openqa.selenium.support.ui.ExpectedConditions$6.apply(ExpectedConditions.java:178)
	at org.openqa.selenium.support.ui.FluentWait.until(FluentWait.java:238)
	at com.qmetry.qaf.automation.ui.webdriver.QAFExtendedWebDriver.load(QAFExtendedWebDriver.java:202)
	at com.qmetry.qaf.automation.ui.webdriver.QAFExtendedWebElement.load(QAFExtendedWebElement.java:272)
	at com.qmetry.qaf.automation.ui.webdriver.QAFExtendedWebElement.execute(QAFExtendedWebElement.java:227)
	at org.openqa.selenium.remote.RemoteWebElement.click(RemoteWebElement.java:85)
	at com.qmetry.qaf.automation.step.CommonStep.click(CommonStep.java:612)
	at com.sample.automation.common.steps.PerfectoApplicationSteps.iClick(PerfectoApplicationSteps.java:223)
	at com.qmetry.qaf.automation.step.JavaStep.doExecute(JavaStep.java:154)
	at com.qmetry.qaf.automation.step.BaseTestStep.execute(BaseTestStep.java:148)
	at com.qmetry.qaf.automation.step.StringTestStep.execute(StringTestStep.java:130)
	at com.qmetry.qaf.automation.step.client.Scenario.execute(Scenario.java:148)
	at com.qmetry.qaf.automation.step.client.DataDrivenScenario.scenario(DataDrivenScenario.java:84)
	... 4 more
Caused by: org.openqa.selenium.remote.ScreenshotException: Screen shot has been taken
Build info: version: &apos;2.53.0&apos;, revision: &apos;35ae25b1534ae328c771e0856c93e187490ca824&apos;, time: &apos;2016-03-15 10:43:46&apos;
System info: host: &apos;UziMac&apos;, ip: &apos;192.168.43.133&apos;, os.name: &apos;Mac OS X&apos;, os.arch: &apos;x86_64&apos;, os.version: &apos;10.11.1&apos;, java.version: &apos;1.8.0_45&apos;
Driver info: driver.version: QAFExtendedWebDriver
	at org.openqa.selenium.remote.ErrorHandler.throwIfResponseFailed(ErrorHandler.java:138)
	... 49 more
Caused by: org.openqa.selenium.NoSuchElementException: Element with by xpath &apos;(//*[@value=&apos;Find a Station&apos; and @type=&apos;submit&apos;])[2]&apos; wasn&apos;t found.
For documentation on this error, please visit: http://seleniumhq.org/exceptions/no_such_element.html
Build info: version: &apos;2.48.2&apos;, revision: &apos;41bccdd10cf2c0560f637404c2d96164b67d9d67&apos;, time: &apos;2015-10-09 13:08:06&apos;
System info: host: &apos;Beta-MCM&apos;, ip: &apos;1.1.95.10&apos;, os.name: &apos;Windows Server 2008 R2&apos;, os.arch: &apos;amd64&apos;, os.version: &apos;6.1&apos;, java.version: &apos;1.8.0_102&apos;
Driver info: driver.version: EventFiringWebDriver
For documentation on this error, please visit: http://seleniumhq.org/exceptions/no_such_element.html
Build info: version: &apos;2.53.0&apos;, revision: &apos;35ae25b1534ae328c771e0856c93e187490ca824&apos;, time: &apos;2016-03-15 10:43:46&apos;
System info: host: &apos;UziMac&apos;, ip: &apos;192.168.43.133&apos;, os.name: &apos;Mac OS X&apos;, os.arch: &apos;x86_64&apos;, os.version: &apos;10.11.1&apos;, java.version: &apos;1.8.0_45&apos;
Driver info: driver.version: EventFiringWebDriver
	at com.perfectomobile.selenium.MobileApplication.getSingleElement(MobileApplication.java:369)
	at com.perfectomobile.selenium.MobileApplication.findElementByXPath(MobileApplication.java:211)
	at org.openqa.selenium.By$ByXPath.findElement(By.java:361)
	at com.perfectomobile.selenium.MobileApplication.findElement(MobileApplication.java:150)
	at com.perfectomobile.selenium.server.PerfectoMobileDriver.findElement(PerfectoMobileDriver.java:612)
	at org.openqa.selenium.support.events.EventFiringWebDriver$2.invoke(EventFiringWebDriver.java:102)
	at com.sun.proxy.$Proxy279.findElement(Unknown Source)
	at org.openqa.selenium.support.events.EventFiringWebDriver.findElement(EventFiringWebDriver.java:187)
	at org.openqa.selenium.remote.server.handler.FindElement.call(FindElement.java:48)
	at org.openqa.selenium.remote.server.handler.FindElement.call(FindElement.java:33)
	at java.util.concurrent.FutureTask.run(FutureTask.java:266)
	at org.openqa.selenium.remote.server.MobileDefaultSession$1.run(MobileDefaultSession.java:182)
	... 3 more
... Removed 26 stack frames</div></td></tr></table><p class="totop"><a href="#summary">back to summary</a></p><h3 id="m5">com.qmetry.qaf.automation.step.client.DataDrivenScenario#Amtrak-DT</h3><table class="result"><tr class="param"><th>Parameter #1</th></tr><tr class="param stripe"><td>{number=20}</td></tr><tr><th>Messages</th></tr><tr><td><div class="messages">&lt;div style=&quot;display:block;margin-left:10px;&quot;&gt;&lt;div  class=&quot;teststeppass&quot;&gt;&lt;span class=&quot;teststeppass-label&quot;&gt;T &lt;/span&gt;Given I open browser to webpage &quot;http://amtrak.com&quot;&lt;/div&gt;&lt;div  class=&quot;teststeppass&quot;&gt;&lt;span class=&quot;teststeppass-label&quot;&gt;T &lt;/span&gt;Then I click on &quot;train.status&quot;&lt;/div&gt;&lt;div  class=&quot;teststeppass&quot;&gt;&lt;span class=&quot;teststeppass-label&quot;&gt;T &lt;/span&gt;Then I click on &quot;find.Station&quot;&lt;/div&gt;&lt;div  class=&quot;teststeppass&quot;&gt;&lt;span class=&quot;teststeppass-label&quot;&gt;T &lt;/span&gt;Then I click on &quot;Station.abl&quot;&lt;/div&gt;&lt;div  class=&quot;teststeppass&quot;&gt;&lt;span class=&quot;teststeppass-label&quot;&gt;T &lt;/span&gt;Then I enter &quot;20&quot; to &quot;bus.number&quot;&lt;/div&gt;&lt;div  class=&quot;teststeppass&quot;&gt;&lt;span class=&quot;teststeppass-label&quot;&gt;T &lt;/span&gt;Then I click on &quot;status.button&quot;&lt;/div&gt;&lt;/div&gt;</div></td></tr></table><p class="totop"><a href="#summary">back to summary</a></p><h3 id="m6">com.qmetry.qaf.automation.step.client.Scenario#amtrak - buy ticket</h3><table class="result"><tr><th>Messages</th></tr><tr><td><div class="messages">&lt;div style=&quot;display:block;margin-left:10px;&quot;&gt;&lt;div  class=&quot;teststeppass&quot;&gt;&lt;span class=&quot;teststeppass-label&quot;&gt;T &lt;/span&gt;Given I open browser to webpage &quot;http://amtrak.com&quot;&lt;/div&gt;&lt;div  class=&quot;teststeppass&quot;&gt;&lt;span class=&quot;teststeppass-label&quot;&gt;T &lt;/span&gt;Then I wait 20 seconds for &quot;buy.ticket&quot; to appear&lt;/div&gt;&lt;div  class=&quot;teststeppass&quot;&gt;&lt;span class=&quot;teststeppass-label&quot;&gt;T &lt;/span&gt;Then I click on &quot;buy.ticket&quot;&lt;/div&gt;&lt;div  class=&quot;teststeppass&quot;&gt;&lt;span class=&quot;teststeppass-label&quot;&gt;T &lt;/span&gt;Then I enter &quot;NYP&quot; to &quot;ticket.from&quot;&lt;/div&gt;&lt;div  class=&quot;teststeppass&quot;&gt;&lt;span class=&quot;teststeppass-label&quot;&gt;T &lt;/span&gt;Then I enter &quot;BBY&quot; to &quot;ticket.to&quot;&lt;/div&gt;&lt;div  class=&quot;teststeppass&quot;&gt;&lt;span class=&quot;teststeppass-label&quot;&gt;T &lt;/span&gt;Then I scroll down&lt;/div&gt;&lt;div  class=&quot;teststeppass&quot;&gt;&lt;span class=&quot;teststeppass-label&quot;&gt;T &lt;/span&gt;Then I click on &quot;find.train&quot;&lt;/div&gt;&lt;div  class=&quot;teststeppass&quot;&gt;&lt;span class=&quot;teststeppass-label&quot;&gt;T &lt;/span&gt;Then I wait for &quot;2&quot; seconds&lt;/div&gt;&lt;div  class=&quot;teststeppass&quot;&gt;&lt;span class=&quot;teststeppass-label&quot;&gt;T &lt;/span&gt;Then I click on &quot;continue&quot;&lt;/div&gt;&lt;div  class=&quot;teststeppass&quot;&gt;&lt;span class=&quot;teststeppass-label&quot;&gt;T &lt;/span&gt;Then I must see text &quot;Departure&quot;&lt;/div&gt;&lt;div  class=&quot;teststeppass&quot;&gt;&lt;span class=&quot;teststeppass-label&quot;&gt;T &lt;/span&gt;Then I should see text &quot;Departure&quot;&lt;/div&gt;&lt;div style=&quot;display:block;margin-left:10px;&quot;&gt;&lt;div  class=&quot;pass&quot;&gt;&lt;span class=&quot;pass-label&quot;&gt;P &lt;/span&gt;
Expected: &quot;true&quot;
     Actual: was &quot;true&quot; &lt;a href=&quot;img/amtrak - buy ticket_kgc9h26w0xyy21479.png&quot; target=&quot;_blank&quot;&gt;[View Screenshot]&lt;/a&gt; &lt;/div&gt;&lt;/div&gt;&lt;/div&gt;</div></td></tr></table><p class="totop"><a href="#summary">back to summary</a></p><h3 id="m7">com.qmetry.qaf.automation.step.client.Scenario#amtrak - find station</h3><table class="result"><tr><th>Messages</th></tr><tr><td><div class="messages">&lt;div style=&quot;display:block;margin-left:10px;&quot;&gt;&lt;div  class=&quot;teststeppass&quot;&gt;&lt;span class=&quot;teststeppass-label&quot;&gt;T &lt;/span&gt;Given I open browser to webpage &quot;http://amtrak.com&quot;&lt;/div&gt;&lt;div  class=&quot;teststeppass&quot;&gt;&lt;span class=&quot;teststeppass-label&quot;&gt;T &lt;/span&gt;Then I click on &quot;train.status&quot;&lt;/div&gt;&lt;div  class=&quot;teststeppass&quot;&gt;&lt;span class=&quot;teststeppass-label&quot;&gt;T &lt;/span&gt;Then I click on &quot;find.Station&quot;&lt;/div&gt;&lt;div  class=&quot;teststeppass&quot;&gt;&lt;span class=&quot;teststeppass-label&quot;&gt;T &lt;/span&gt;Then I click on &quot;Station.abl&quot;&lt;/div&gt;&lt;div  class=&quot;teststeppass&quot;&gt;&lt;span class=&quot;teststeppass-label&quot;&gt;T &lt;/span&gt;Then I enter &quot;45&quot; to &quot;bus.number&quot;&lt;/div&gt;&lt;div  class=&quot;teststeppass&quot;&gt;&lt;span class=&quot;teststeppass-label&quot;&gt;T &lt;/span&gt;Then I click on &quot;status.button&quot;&lt;/div&gt;&lt;/div&gt;</div></td></tr></table><p class="totop"><a href="#summary">back to summary</a></p></body></html>