<!DOCTYPE html>

<html>
  <head>
  <meta charset='utf-8'>
  <title>TestNG reports</title>

    <link type="text/css" href="testng-reports.css" rel="stylesheet" />  
    <script type="text/javascript" src="jquery-1.7.1.min.js"></script>
    <script type="text/javascript" src="testng-reports.js"></script>
    <script type="text/javascript" src="https://www.google.com/jsapi"></script>
    <script type='text/javascript'>
      google.load('visualization', '1', {packages:['table']});
      google.setOnLoadCallback(drawTable);
      var suiteTableInitFunctions = new Array();
      var suiteTableData = new Array();
    </script>
    <!--
      <script type="text/javascript" src="jquery-ui/js/jquery-ui-1.8.16.custom.min.js"></script>
     -->
  </head>

  <body>
    <div class="top-banner-root">
      <span class="top-banner-title-font">Test results</span>
      <br/>
      <span class="top-banner-font-1">1 suite, 2 failed tests</span>
    </div> <!-- top-banner-root -->
    <div class="navigator-root">
      <div class="navigator-suite-header">
        <span>All suites</span>
        <a href="#" class="collapse-all-link" title="Collapse/expand all the suites">
          <img class="collapse-all-icon" src="collapseall.gif">
          </img> <!-- collapse-all-icon -->
        </a> <!-- collapse-all-link -->
      </div> <!-- navigator-suite-header -->
      <div class="suite">
        <div class="rounded-window">
          <div class="suite-header light-rounded-window-top">
            <a href="#" class="navigator-link" panel-name="suite-QAF-Gherkin-Demo">
              <span class="suite-name border-failed">QAF-Gherkin-Demo</span>
            </a> <!-- navigator-link -->
          </div> <!-- suite-header light-rounded-window-top -->
          <div class="navigator-suite-content">
            <div class="suite-section-title">
              <span>Info</span>
            </div> <!-- suite-section-title -->
            <div class="suite-section-content">
              <ul>
                <li>
                  <a href="#" class="navigator-link " panel-name="test-xml-QAF-Gherkin-Demo">
                    <span>testrun_config.xml</span>
                  </a> <!-- navigator-link  -->
                </li>
                <li>
                  <a href="#" class="navigator-link " panel-name="testlist-QAF-Gherkin-Demo">
                    <span class="test-stats">4 tests</span>
                  </a> <!-- navigator-link  -->
                </li>
                <li>
                  <a href="#" class="navigator-link " panel-name="group-QAF-Gherkin-Demo">
                    <span>1 group</span>
                  </a> <!-- navigator-link  -->
                </li>
                <li>
                  <a href="#" class="navigator-link " panel-name="times-QAF-Gherkin-Demo">
                    <span>Times</span>
                  </a> <!-- navigator-link  -->
                </li>
                <li>
                  <a href="#" class="navigator-link " panel-name="reporter-QAF-Gherkin-Demo">
                    <span>Reporter output</span>
                  </a> <!-- navigator-link  -->
                </li>
                <li>
                  <a href="#" class="navigator-link " panel-name="ignored-methods-QAF-Gherkin-Demo">
                    <span>Ignored methods</span>
                  </a> <!-- navigator-link  -->
                </li>
                <li>
                  <a href="#" class="navigator-link " panel-name="chronological-QAF-Gherkin-Demo">
                    <span>Chronological view</span>
                  </a> <!-- navigator-link  -->
                </li>
              </ul>
            </div> <!-- suite-section-content -->
            <div class="result-section">
              <div class="suite-section-title">
                <span>Results</span>
              </div> <!-- suite-section-title -->
              <div class="suite-section-content">
                <ul>
                  <li>
                    <span class="method-stats">8 methods, 2 failed,   6 passed</span>
                  </li>
                  <li>
                    <span class="method-list-title failed">Failed methods</span>
                    <span class="show-or-hide-methods failed">
                      <a href="#" panel-name="suite-QAF-Gherkin-Demo" class="hide-methods failed suite-QAF-Gherkin-Demo"> (hide)</a> <!-- hide-methods failed suite-QAF-Gherkin-Demo -->
                      <a href="#" panel-name="suite-QAF-Gherkin-Demo" class="show-methods failed suite-QAF-Gherkin-Demo"> (show)</a> <!-- show-methods failed suite-QAF-Gherkin-Demo -->
                    </span>
                    <div class="method-list-content failed suite-QAF-Gherkin-Demo">
                      <span>
                        <img width="3%" src="failed.png"/>
                        <a href="#" class="method navigator-link" panel-name="suite-QAF-Gherkin-Demo" title="com.qmetry.qaf.automation.step.client.DataDrivenScenario" hash-for-method="Amtrak-DT({number=30})">Amtrak-DT({number=30})</a> <!-- method navigator-link -->
                      </span>
                      <br/>
                      <span>
                        <img width="3%" src="failed.png"/>
                        <a href="#" class="method navigator-link" panel-name="suite-QAF-Gherkin-Demo" title="com.qmetry.qaf.automation.step.client.Scenario" hash-for-method="amtrak - find station">amtrak - find station</a> <!-- method navigator-link -->
                      </span>
                      <br/>
                    </div> <!-- method-list-content failed suite-QAF-Gherkin-Demo -->
                  </li>
                  <li>
                    <span class="method-list-title passed">Passed methods</span>
                    <span class="show-or-hide-methods passed">
                      <a href="#" panel-name="suite-QAF-Gherkin-Demo" class="hide-methods passed suite-QAF-Gherkin-Demo"> (hide)</a> <!-- hide-methods passed suite-QAF-Gherkin-Demo -->
                      <a href="#" panel-name="suite-QAF-Gherkin-Demo" class="show-methods passed suite-QAF-Gherkin-Demo"> (show)</a> <!-- show-methods passed suite-QAF-Gherkin-Demo -->
                    </span>
                    <div class="method-list-content passed suite-QAF-Gherkin-Demo">
                      <span>
                        <img width="3%" src="passed.png"/>
                        <a href="#" class="method navigator-link" panel-name="suite-QAF-Gherkin-Demo" title="com.qmetry.qaf.automation.step.client.DataDrivenScenario" hash-for-method="Amtrak-DT({number=20})">Amtrak-DT({number=20})</a> <!-- method navigator-link -->
                      </span>
                      <br/>
                      <span>
                        <img width="3%" src="passed.png"/>
                        <a href="#" class="method navigator-link" panel-name="suite-QAF-Gherkin-Demo" title="com.qmetry.qaf.automation.step.client.DataDrivenScenario" hash-for-method="Amtrak-DT({number=30})">Amtrak-DT({number=30})</a> <!-- method navigator-link -->
                      </span>
                      <br/>
                      <span>
                        <img width="3%" src="passed.png"/>
                        <a href="#" class="method navigator-link" panel-name="suite-QAF-Gherkin-Demo" title="com.qmetry.qaf.automation.step.client.DataDrivenScenario" hash-for-method="Amtrak-DT({number=20})">Amtrak-DT({number=20})</a> <!-- method navigator-link -->
                      </span>
                      <br/>
                      <span>
                        <img width="3%" src="passed.png"/>
                        <a href="#" class="method navigator-link" panel-name="suite-QAF-Gherkin-Demo" title="com.qmetry.qaf.automation.step.client.Scenario" hash-for-method="amtrak - buy ticket">amtrak - buy ticket</a> <!-- method navigator-link -->
                      </span>
                      <br/>
                      <span>
                        <img width="3%" src="passed.png"/>
                        <a href="#" class="method navigator-link" panel-name="suite-QAF-Gherkin-Demo" title="com.qmetry.qaf.automation.step.client.Scenario" hash-for-method="amtrak - buy ticket">amtrak - buy ticket</a> <!-- method navigator-link -->
                      </span>
                      <br/>
                      <span>
                        <img width="3%" src="passed.png"/>
                        <a href="#" class="method navigator-link" panel-name="suite-QAF-Gherkin-Demo" title="com.qmetry.qaf.automation.step.client.Scenario" hash-for-method="amtrak - find station">amtrak - find station</a> <!-- method navigator-link -->
                      </span>
                      <br/>
                    </div> <!-- method-list-content passed suite-QAF-Gherkin-Demo -->
                  </li>
                </ul>
              </div> <!-- suite-section-content -->
            </div> <!-- result-section -->
          </div> <!-- navigator-suite-content -->
        </div> <!-- rounded-window -->
      </div> <!-- suite -->
    </div> <!-- navigator-root -->
    <div class="wrapper">
      <div class="main-panel-root">
        <div panel-name="suite-QAF-Gherkin-Demo" class="panel QAF-Gherkin-Demo">
          <div class="suite-QAF-Gherkin-Demo-class-failed">
            <div class="main-panel-header rounded-window-top">
              <img src="failed.png"/>
              <span class="class-name">com.qmetry.qaf.automation.step.client.Scenario</span>
            </div> <!-- main-panel-header rounded-window-top -->
            <div class="main-panel-content rounded-window-bottom">
              <div class="method">
                <div class="method-content">
                  <a name="amtrak - find station">
                  </a> <!-- amtrak - find station -->
                  <span class="method-name">amtrak - find station</span>
                  <div class="stack-trace">org.openqa.selenium.WebDriverException: Failed to execute command webpage.element click: clickElement command failed. Reason: handset server: Document unloaded while waiting for result
Command duration or timeout: 806 milliseconds
Build info: version: &apos;2.53.0&apos;, revision: &apos;35ae25b1534ae328c771e0856c93e187490ca824&apos;, time: &apos;2016-03-15 10:43:46&apos;
System info: host: &apos;UziMac&apos;, ip: &apos;192.168.43.133&apos;, os.name: &apos;Mac OS X&apos;, os.arch: &apos;x86_64&apos;, os.version: &apos;10.11.1&apos;, java.version: &apos;1.8.0_45&apos;
Driver info: com.qmetry.qaf.automation.ui.webdriver.QAFExtendedWebDriver
Capabilities [{rotatable=true, testGridReportUrl=https://beta.reporting-01.perfectomobile.com?externalId[0]=uzie@perfectomobile.com_RemoteWebDriver_16-10-25_10_44_04_5433, entityType=remote_web_driver, deviceName=F15118A63C51D54E3CEA474B32CFE2ECDAF1AB70, serverConnector=, platform=ANY, executionId=uzie@perfectomobile.com_RemoteWebDriver_16-10-25_10_44_04_5433, password=, webdriver.remote.sessionid=9617c47e-bb13-4e6b-9cba-1b18cfc9a7ad, automationName=Appium, host=beta.perfectomobile.com, singleTestReportUrl=https://beta.perfectomobile.com/nexperience/singletest/report/?reportRepositoryKey=PRIVATE:RemoteWebDriver/161025/RemoteWebDriver_16-10-25_10_44_04_5433.xml&amp;ownerId=uzie@perfectomobile.com&amp;sharingCode=4bb27218-f697-4e82-a0ce-e6b08052242a, locationContextEnabled=true, takesScreenshot=true, browserName=MobileOS, scriptName=RemoteWebDriver, javascriptEnabled=true, reportKey=PRIVATE:RemoteWebDriver/161025/RemoteWebDriver_16-10-25_10_44_04_5433.xml, windTunnelReportUrl=https://beta.perfectomobile.com/nexperience/singletest/report/?reportRepositoryKey=PRIVATE:RemoteWebDriver/161025/RemoteWebDriver_16-10-25_10_44_04_5433.xml&amp;ownerId=uzie@perfectomobile.com&amp;sharingCode=4bb27218-f697-4e82-a0ce-e6b08052242a, user=, cssSelectorsEnabled=true}]
Session ID: 9617c47e-bb13-4e6b-9cba-1b18cfc9a7ad
	at .Then I click on &quot;train.status&quot;(scenarios/Amtrak.feature:6)
	at org.openqa.selenium.remote.ErrorHandler.createThrowable(ErrorHandler.java:206)
	at org.openqa.selenium.remote.ErrorHandler.throwIfResponseFailed(ErrorHandler.java:158)
	at org.openqa.selenium.remote.RemoteWebDriver.execute(RemoteWebDriver.java:678)
	at com.qmetry.qaf.automation.ui.webdriver.QAFExtendedWebDriver.executeWitoutLog(QAFExtendedWebDriver.java:244)
	at com.qmetry.qaf.automation.ui.webdriver.QAFExtendedWebElement.execute(QAFExtendedWebElement.java:240)
	at org.openqa.selenium.remote.RemoteWebElement.click(RemoteWebElement.java:85)
	at com.qmetry.qaf.automation.step.CommonStep.click(CommonStep.java:612)
	at com.sample.automation.common.steps.PerfectoApplicationSteps.iClick(PerfectoApplicationSteps.java:223)
	at com.qmetry.qaf.automation.step.JavaStep.doExecute(JavaStep.java:154)
	at com.qmetry.qaf.automation.step.BaseTestStep.execute(BaseTestStep.java:148)
	at com.qmetry.qaf.automation.step.StringTestStep.execute(StringTestStep.java:130)
	at com.qmetry.qaf.automation.step.client.Scenario.execute(Scenario.java:148)
	at com.qmetry.qaf.automation.step.client.Scenario.scenario(Scenario.java:196)
	at java.util.concurrent.FutureTask.run(FutureTask.java:266)
	at java.util.concurrent.ThreadPoolExecutor.runWorker(ThreadPoolExecutor.java:1142)
	at java.util.concurrent.ThreadPoolExecutor$Worker.run(ThreadPoolExecutor.java:617)
	at java.lang.Thread.run(Thread.java:745)
Caused by: org.openqa.selenium.remote.ScreenshotException: Screen shot has been taken
Build info: version: &apos;2.53.0&apos;, revision: &apos;35ae25b1534ae328c771e0856c93e187490ca824&apos;, time: &apos;2016-03-15 10:43:46&apos;
System info: host: &apos;UziMac&apos;, ip: &apos;192.168.43.133&apos;, os.name: &apos;Mac OS X&apos;, os.arch: &apos;x86_64&apos;, os.version: &apos;10.11.1&apos;, java.version: &apos;1.8.0_45&apos;
Driver info: driver.version: QAFExtendedWebDriver
	at org.openqa.selenium.remote.ErrorHandler.throwIfResponseFailed(ErrorHandler.java:138)
	at org.openqa.selenium.remote.RemoteWebDriver.execute(RemoteWebDriver.java:678)
	at com.qmetry.qaf.automation.ui.webdriver.QAFExtendedWebDriver.executeWitoutLog(QAFExtendedWebDriver.java:244)
	at com.qmetry.qaf.automation.ui.webdriver.QAFExtendedWebElement.execute(QAFExtendedWebElement.java:240)
	at org.openqa.selenium.remote.RemoteWebElement.click(RemoteWebElement.java:85)
	at com.qmetry.qaf.automation.step.CommonStep.click(CommonStep.java:612)
	at com.sample.automation.common.steps.PerfectoApplicationSteps.iClick(PerfectoApplicationSteps.java:223)
	at com.qmetry.qaf.automation.step.JavaStep.doExecute(JavaStep.java:154)
	at com.qmetry.qaf.automation.step.BaseTestStep.execute(BaseTestStep.java:148)
	at com.qmetry.qaf.automation.step.StringTestStep.execute(StringTestStep.java:130)
	at com.qmetry.qaf.automation.step.client.Scenario.execute(Scenario.java:148)
	at com.qmetry.qaf.automation.step.client.Scenario.scenario(Scenario.java:196)
	... 4 more
Caused by: java.lang.RuntimeException: Failed to execute command webpage.element click: clickElement command failed. Reason: handset server: Document unloaded while waiting for result
	at com.perfectomobile.selenium.MobileEntity.processCommonResponse(MobileEntity.java:98)
	at com.perfectomobile.selenium.MobileDevice.processResponse(MobileDevice.java:510)
	at com.perfectomobile.selenium.MobileApplication.processResponse(MobileApplication.java:54)
	at com.perfectomobile.selenium.dom.MobileDOMApplication.processResponse(MobileDOMApplication.java:463)
	at com.perfectomobile.selenium.MobileElement.processResponse(MobileElement.java:82)
	at com.perfectomobile.selenium.MobileEntity.executeCommand(MobileEntity.java:57)
	at com.perfectomobile.selenium.MobileEntity.executeCommand(MobileEntity.java:50)
	at com.perfectomobile.selenium.MobileElement.click(MobileElement.java:144)
	at org.openqa.selenium.support.events.EventFiringWebDriver$EventFiringWebElement$1.invoke(EventFiringWebDriver.java:334)
	at com.sun.proxy.$Proxy283.click(Unknown Source)
	at org.openqa.selenium.support.events.EventFiringWebDriver$EventFiringWebElement.click(EventFiringWebDriver.java:347)
	at org.openqa.selenium.remote.server.KnownElements$1.invoke(KnownElements.java:64)
	at com.sun.proxy.$Proxy284.click(Unknown Source)
	at org.openqa.selenium.remote.server.handler.ClickElement.call(ClickElement.java:30)
	at org.openqa.selenium.remote.server.handler.ClickElement.call(ClickElement.java:22)
	at java.util.concurrent.FutureTask.run(FutureTask.java:266)
	at org.openqa.selenium.remote.server.MobileDefaultSession$1.run(MobileDefaultSession.java:182)
	... 3 more
... Removed 26 stack frames
</div> <!-- stack-trace -->
                </div> <!-- method-content -->
              </div> <!-- method -->
            </div> <!-- main-panel-content rounded-window-bottom -->
          </div> <!-- suite-QAF-Gherkin-Demo-class-failed -->
          <div class="suite-QAF-Gherkin-Demo-class-failed">
            <div class="main-panel-header rounded-window-top">
              <img src="failed.png"/>
              <span class="class-name">com.qmetry.qaf.automation.step.client.DataDrivenScenario</span>
            </div> <!-- main-panel-header rounded-window-top -->
            <div class="main-panel-content rounded-window-bottom">
              <div class="method">
                <div class="method-content">
                  <a name="Amtrak-DT({number=30})">
                  </a> <!-- Amtrak-DT({number=30}) -->
                  <span class="method-name">Amtrak-DT</span>
                  <span class="parameters">({number=30})</span>
                  <div class="stack-trace">org.openqa.selenium.TimeoutException: Timed out after 30 seconds waiting for presence of element located by: By.xpath: (//*[@value=&apos;Find a Station&apos; and @type=&apos;submit&apos;])[2]
Build info: version: &apos;2.53.0&apos;, revision: &apos;35ae25b1534ae328c771e0856c93e187490ca824&apos;, time: &apos;2016-03-15 10:43:46&apos;
System info: host: &apos;UziMac&apos;, ip: &apos;192.168.43.133&apos;, os.name: &apos;Mac OS X&apos;, os.arch: &apos;x86_64&apos;, os.version: &apos;10.11.1&apos;, java.version: &apos;1.8.0_45&apos;
Driver info: driver.version: QAFExtendedWebDriver
	at .Then I click on &quot;find.Station&quot;(scenarios/Amtrak.feature:30)
	at org.openqa.selenium.support.ui.FluentWait.timeoutException(FluentWait.java:292)
	at org.openqa.selenium.support.ui.FluentWait.until(FluentWait.java:261)
	at com.qmetry.qaf.automation.ui.webdriver.QAFExtendedWebDriver.load(QAFExtendedWebDriver.java:202)
	at com.qmetry.qaf.automation.ui.webdriver.QAFExtendedWebElement.load(QAFExtendedWebElement.java:272)
	at com.qmetry.qaf.automation.ui.webdriver.QAFExtendedWebElement.execute(QAFExtendedWebElement.java:227)
	at org.openqa.selenium.remote.RemoteWebElement.click(RemoteWebElement.java:85)
	at com.qmetry.qaf.automation.step.CommonStep.click(CommonStep.java:612)
	at com.sample.automation.common.steps.PerfectoApplicationSteps.iClick(PerfectoApplicationSteps.java:223)
	at com.qmetry.qaf.automation.step.JavaStep.doExecute(JavaStep.java:154)
	at com.qmetry.qaf.automation.step.BaseTestStep.execute(BaseTestStep.java:148)
	at com.qmetry.qaf.automation.step.StringTestStep.execute(StringTestStep.java:130)
	at com.qmetry.qaf.automation.step.client.Scenario.execute(Scenario.java:148)
	at com.qmetry.qaf.automation.step.client.DataDrivenScenario.scenario(DataDrivenScenario.java:84)
	at java.util.concurrent.FutureTask.run(FutureTask.java:266)
	at java.util.concurrent.ThreadPoolExecutor.runWorker(ThreadPoolExecutor.java:1142)
	at java.util.concurrent.ThreadPoolExecutor$Worker.run(ThreadPoolExecutor.java:617)
	at java.lang.Thread.run(Thread.java:745)
Caused by: org.openqa.selenium.NoSuchElementException: Element with by xpath &apos;(//*[@value=&apos;Find a Station&apos; and @type=&apos;submit&apos;])[2]&apos; wasn&apos;t found.
For documentation on this error, please visit: http://seleniumhq.org/exceptions/no_such_element.html
Build info: version: &apos;2.48.2&apos;, revision: &apos;41bccdd10cf2c0560f637404c2d96164b67d9d67&apos;, time: &apos;2015-10-09 13:08:06&apos;
System info: host: &apos;Beta-MCM&apos;, ip: &apos;1.1.95.10&apos;, os.name: &apos;Windows Server 2008 R2&apos;, os.arch: &apos;amd64&apos;, os.version: &apos;6.1&apos;, java.version: &apos;1.8.0_102&apos;
Driver info: driver.version: EventFiringWebDriver
Command duration or timeout: 30.43 seconds
For documentation on this error, please visit: http://seleniumhq.org/exceptions/no_such_element.html
Build info: version: &apos;2.53.0&apos;, revision: &apos;35ae25b1534ae328c771e0856c93e187490ca824&apos;, time: &apos;2016-03-15 10:43:46&apos;
System info: host: &apos;UziMac&apos;, ip: &apos;192.168.43.133&apos;, os.name: &apos;Mac OS X&apos;, os.arch: &apos;x86_64&apos;, os.version: &apos;10.11.1&apos;, java.version: &apos;1.8.0_45&apos;
Driver info: com.qmetry.qaf.automation.ui.webdriver.QAFExtendedWebDriver
Capabilities [{rotatable=true, testGridReportUrl=https://beta.reporting-01.perfectomobile.com?externalId[0]=uzie@perfectomobile.com_RemoteWebDriver_16-10-25_10_44_04_5432, entityType=remote_web_driver, deviceName=988667325047395643, serverConnector=, platform=ANY, executionId=uzie@perfectomobile.com_RemoteWebDriver_16-10-25_10_44_04_5432, password=, webdriver.remote.sessionid=2aca9c3c-87e2-41e2-8e5a-7629b6e1782e, automationName=Appium, host=beta.perfectomobile.com, singleTestReportUrl=https://beta.perfectomobile.com/nexperience/singletest/report/?reportRepositoryKey=PRIVATE:RemoteWebDriver/161025/RemoteWebDriver_16-10-25_10_44_04_5432.xml&amp;ownerId=uzie@perfectomobile.com&amp;sharingCode=8b29fdba-f2dc-4021-bbf2-5e96bc3f8373, locationContextEnabled=true, takesScreenshot=true, browserName=MobileOS, scriptName=RemoteWebDriver, javascriptEnabled=true, reportKey=PRIVATE:RemoteWebDriver/161025/RemoteWebDriver_16-10-25_10_44_04_5432.xml, windTunnelReportUrl=https://beta.perfectomobile.com/nexperience/singletest/report/?reportRepositoryKey=PRIVATE:RemoteWebDriver/161025/RemoteWebDriver_16-10-25_10_44_04_5432.xml&amp;ownerId=uzie@perfectomobile.com&amp;sharingCode=8b29fdba-f2dc-4021-bbf2-5e96bc3f8373, user=, cssSelectorsEnabled=true}]
Session ID: 2aca9c3c-87e2-41e2-8e5a-7629b6e1782e
*** Element info: {Using=xpath, value=(//*[@value=&apos;Find a Station&apos; and @type=&apos;submit&apos;])[2]}
	at org.openqa.selenium.remote.ErrorHandler.createThrowable(ErrorHandler.java:206)
	at org.openqa.selenium.remote.ErrorHandler.throwIfResponseFailed(ErrorHandler.java:158)
	at org.openqa.selenium.remote.RemoteWebDriver.execute(RemoteWebDriver.java:678)
	at com.qmetry.qaf.automation.ui.webdriver.QAFExtendedWebDriver.execute(QAFExtendedWebDriver.java:222)
	at org.openqa.selenium.remote.RemoteWebDriver.findElement(RemoteWebDriver.java:363)
	at org.openqa.selenium.remote.RemoteWebDriver.findElementByXPath(RemoteWebDriver.java:500)
	at com.qmetry.qaf.automation.ui.webdriver.QAFExtendedWebDriver.findElementByXPath(QAFExtendedWebDriver.java:384)
	at com.qmetry.qaf.automation.ui.webdriver.QAFExtendedWebDriver.findElementByXPath(QAFExtendedWebDriver.java:1)
	at org.openqa.selenium.By$ByXPath.findElement(By.java:361)
	at org.openqa.selenium.remote.RemoteWebDriver.findElement(RemoteWebDriver.java:355)
	at com.qmetry.qaf.automation.ui.webdriver.QAFExtendedWebDriver.findElement(QAFExtendedWebDriver.java:157)
	at com.qmetry.qaf.automation.ui.webdriver.QAFExtendedWebDriver.findElement(QAFExtendedWebDriver.java:1)
	at org.openqa.selenium.support.ui.ExpectedConditions.findElement(ExpectedConditions.java:899)
	at org.openqa.selenium.support.ui.ExpectedConditions.access$000(ExpectedConditions.java:41)
	at org.openqa.selenium.support.ui.ExpectedConditions$6.apply(ExpectedConditions.java:181)
	at org.openqa.selenium.support.ui.ExpectedConditions$6.apply(ExpectedConditions.java:178)
	at org.openqa.selenium.support.ui.FluentWait.until(FluentWait.java:238)
	at com.qmetry.qaf.automation.ui.webdriver.QAFExtendedWebDriver.load(QAFExtendedWebDriver.java:202)
	at com.qmetry.qaf.automation.ui.webdriver.QAFExtendedWebElement.load(QAFExtendedWebElement.java:272)
	at com.qmetry.qaf.automation.ui.webdriver.QAFExtendedWebElement.execute(QAFExtendedWebElement.java:227)
	at org.openqa.selenium.remote.RemoteWebElement.click(RemoteWebElement.java:85)
	at com.qmetry.qaf.automation.step.CommonStep.click(CommonStep.java:612)
	at com.sample.automation.common.steps.PerfectoApplicationSteps.iClick(PerfectoApplicationSteps.java:223)
	at com.qmetry.qaf.automation.step.JavaStep.doExecute(JavaStep.java:154)
	at com.qmetry.qaf.automation.step.BaseTestStep.execute(BaseTestStep.java:148)
	at com.qmetry.qaf.automation.step.StringTestStep.execute(StringTestStep.java:130)
	at com.qmetry.qaf.automation.step.client.Scenario.execute(Scenario.java:148)
	at com.qmetry.qaf.automation.step.client.DataDrivenScenario.scenario(DataDrivenScenario.java:84)
	... 4 more
Caused by: org.openqa.selenium.remote.ScreenshotException: Screen shot has been taken
Build info: version: &apos;2.53.0&apos;, revision: &apos;35ae25b1534ae328c771e0856c93e187490ca824&apos;, time: &apos;2016-03-15 10:43:46&apos;
System info: host: &apos;UziMac&apos;, ip: &apos;192.168.43.133&apos;, os.name: &apos;Mac OS X&apos;, os.arch: &apos;x86_64&apos;, os.version: &apos;10.11.1&apos;, java.version: &apos;1.8.0_45&apos;
Driver info: driver.version: QAFExtendedWebDriver
	at org.openqa.selenium.remote.ErrorHandler.throwIfResponseFailed(ErrorHandler.java:138)
	... 49 more
Caused by: org.openqa.selenium.NoSuchElementException: Element with by xpath &apos;(//*[@value=&apos;Find a Station&apos; and @type=&apos;submit&apos;])[2]&apos; wasn&apos;t found.
For documentation on this error, please visit: http://seleniumhq.org/exceptions/no_such_element.html
Build info: version: &apos;2.48.2&apos;, revision: &apos;41bccdd10cf2c0560f637404c2d96164b67d9d67&apos;, time: &apos;2015-10-09 13:08:06&apos;
System info: host: &apos;Beta-MCM&apos;, ip: &apos;1.1.95.10&apos;, os.name: &apos;Windows Server 2008 R2&apos;, os.arch: &apos;amd64&apos;, os.version: &apos;6.1&apos;, java.version: &apos;1.8.0_102&apos;
Driver info: driver.version: EventFiringWebDriver
For documentation on this error, please visit: http://seleniumhq.org/exceptions/no_such_element.html
Build info: version: &apos;2.53.0&apos;, revision: &apos;35ae25b1534ae328c771e0856c93e187490ca824&apos;, time: &apos;2016-03-15 10:43:46&apos;
System info: host: &apos;UziMac&apos;, ip: &apos;192.168.43.133&apos;, os.name: &apos;Mac OS X&apos;, os.arch: &apos;x86_64&apos;, os.version: &apos;10.11.1&apos;, java.version: &apos;1.8.0_45&apos;
Driver info: driver.version: EventFiringWebDriver
	at com.perfectomobile.selenium.MobileApplication.getSingleElement(MobileApplication.java:369)
	at com.perfectomobile.selenium.MobileApplication.findElementByXPath(MobileApplication.java:211)
	at org.openqa.selenium.By$ByXPath.findElement(By.java:361)
	at com.perfectomobile.selenium.MobileApplication.findElement(MobileApplication.java:150)
	at com.perfectomobile.selenium.server.PerfectoMobileDriver.findElement(PerfectoMobileDriver.java:612)
	at org.openqa.selenium.support.events.EventFiringWebDriver$2.invoke(EventFiringWebDriver.java:102)
	at com.sun.proxy.$Proxy279.findElement(Unknown Source)
	at org.openqa.selenium.support.events.EventFiringWebDriver.findElement(EventFiringWebDriver.java:187)
	at org.openqa.selenium.remote.server.handler.FindElement.call(FindElement.java:48)
	at org.openqa.selenium.remote.server.handler.FindElement.call(FindElement.java:33)
	at java.util.concurrent.FutureTask.run(FutureTask.java:266)
	at org.openqa.selenium.remote.server.MobileDefaultSession$1.run(MobileDefaultSession.java:182)
	... 3 more
... Removed 26 stack frames
</div> <!-- stack-trace -->
                </div> <!-- method-content -->
              </div> <!-- method -->
            </div> <!-- main-panel-content rounded-window-bottom -->
          </div> <!-- suite-QAF-Gherkin-Demo-class-failed -->
          <div class="suite-QAF-Gherkin-Demo-class-passed">
            <div class="main-panel-header rounded-window-top">
              <img src="passed.png"/>
              <span class="class-name">com.qmetry.qaf.automation.step.client.Scenario</span>
            </div> <!-- main-panel-header rounded-window-top -->
            <div class="main-panel-content rounded-window-bottom">
              <div class="method">
                <div class="method-content">
                  <a name="amtrak - buy ticket">
                  </a> <!-- amtrak - buy ticket -->
                  <span class="method-name">amtrak - buy ticket</span>
                </div> <!-- method-content -->
              </div> <!-- method -->
              <div class="method">
                <div class="method-content">
                  <a name="amtrak - buy ticket">
                  </a> <!-- amtrak - buy ticket -->
                  <span class="method-name">amtrak - buy ticket</span>
                </div> <!-- method-content -->
              </div> <!-- method -->
              <div class="method">
                <div class="method-content">
                  <a name="amtrak - find station">
                  </a> <!-- amtrak - find station -->
                  <span class="method-name">amtrak - find station</span>
                </div> <!-- method-content -->
              </div> <!-- method -->
            </div> <!-- main-panel-content rounded-window-bottom -->
          </div> <!-- suite-QAF-Gherkin-Demo-class-passed -->
          <div class="suite-QAF-Gherkin-Demo-class-passed">
            <div class="main-panel-header rounded-window-top">
              <img src="passed.png"/>
              <span class="class-name">com.qmetry.qaf.automation.step.client.DataDrivenScenario</span>
            </div> <!-- main-panel-header rounded-window-top -->
            <div class="main-panel-content rounded-window-bottom">
              <div class="method">
                <div class="method-content">
                  <a name="Amtrak-DT({number=20})">
                  </a> <!-- Amtrak-DT({number=20}) -->
                  <span class="method-name">Amtrak-DT</span>
                  <span class="parameters">({number=20})</span>
                </div> <!-- method-content -->
              </div> <!-- method -->
              <div class="method">
                <div class="method-content">
                  <a name="Amtrak-DT({number=30})">
                  </a> <!-- Amtrak-DT({number=30}) -->
                  <span class="method-name">Amtrak-DT</span>
                  <span class="parameters">({number=30})</span>
                </div> <!-- method-content -->
              </div> <!-- method -->
              <div class="method">
                <div class="method-content">
                  <a name="Amtrak-DT({number=20})">
                  </a> <!-- Amtrak-DT({number=20}) -->
                  <span class="method-name">Amtrak-DT</span>
                  <span class="parameters">({number=20})</span>
                </div> <!-- method-content -->
              </div> <!-- method -->
            </div> <!-- main-panel-content rounded-window-bottom -->
          </div> <!-- suite-QAF-Gherkin-Demo-class-passed -->
        </div> <!-- panel QAF-Gherkin-Demo -->
        <div panel-name="test-xml-QAF-Gherkin-Demo" class="panel">
          <div class="main-panel-header rounded-window-top">
            <span class="header-content">/Users/uzie/Documents/dev/workspace/QAFGherkin/config/testrun_config.xml</span>
          </div> <!-- main-panel-header rounded-window-top -->
          <div class="main-panel-content rounded-window-bottom">
            <pre>
&lt;?xml version=&quot;1.0&quot; encoding=&quot;UTF-8&quot;?&gt;
&lt;!DOCTYPE suite SYSTEM &quot;http://testng.org/testng-1.0.dtd&quot;&gt;
&lt;suite guice-stage=&quot;DEVELOPMENT&quot; verbose=&quot;0&quot; name=&quot;QAF-Gherkin-Demo&quot; parallel=&quot;tests&quot;&gt;
  &lt;test name=&quot;amtrck d1&quot;&gt;
    &lt;parameter name=&quot;env.resources&quot; value=&quot;resources/common&quot;/&gt;
    &lt;parameter name=&quot;driver.capabilities.deviceName&quot; value=&quot;F15118A63C51D54E3CEA474B32CFE2ECDAF1AB70&quot;/&gt;
    &lt;groups&gt;
      &lt;run&gt;
        &lt;include name=&quot;@amtrak&quot;/&gt;
      &lt;/run&gt;
    &lt;/groups&gt;
    &lt;classes&gt;
      &lt;class name=&quot;com.qmetry.qaf.automation.step.client.gherkin.GherkinScenarioFactory&quot;/&gt;
    &lt;/classes&gt;
  &lt;/test&gt; &lt;!-- amtrck d1 --&gt;
  &lt;test name=&quot;amtrck d2&quot;&gt;
    &lt;parameter name=&quot;env.resources&quot; value=&quot;resources/common&quot;/&gt;
    &lt;parameter name=&quot;driver.capabilities.deviceName&quot; value=&quot;988667325047395643&quot;/&gt;
    &lt;groups&gt;
      &lt;run&gt;
        &lt;include name=&quot;@amtrak&quot;/&gt;
      &lt;/run&gt;
    &lt;/groups&gt;
    &lt;classes&gt;
      &lt;class name=&quot;com.qmetry.qaf.automation.step.client.gherkin.GherkinScenarioFactory&quot;/&gt;
    &lt;/classes&gt;
  &lt;/test&gt; &lt;!-- amtrck d2 --&gt;
  &lt;test name=&quot;amtrck d1(failed)&quot; parallel=&quot;tests&quot;&gt;
    &lt;parameter name=&quot;env.resources&quot; value=&quot;resources/common&quot;/&gt;
    &lt;parameter name=&quot;driver.capabilities.deviceName&quot; value=&quot;F15118A63C51D54E3CEA474B32CFE2ECDAF1AB70&quot;/&gt;
    &lt;groups&gt;
      &lt;run&gt;
        &lt;include name=&quot;@amtrak&quot;/&gt;
      &lt;/run&gt;
    &lt;/groups&gt;
    &lt;classes&gt;
      &lt;class name=&quot;com.qmetry.qaf.automation.step.client.Scenario&quot;&gt;
        &lt;methods&gt;
          &lt;include name=&quot;setupMethod&quot;/&gt;
          &lt;include name=&quot;setupMethod&quot;/&gt;
          &lt;include name=&quot;afterClass&quot;/&gt;
          &lt;include name=&quot;afterClass&quot;/&gt;
          &lt;include name=&quot;setup&quot;/&gt;
          &lt;include name=&quot;setup&quot;/&gt;
          &lt;include name=&quot;scenario&quot;/&gt;
          &lt;include name=&quot;setupSuit&quot;/&gt;
          &lt;include name=&quot;setupTest&quot;/&gt;
          &lt;include name=&quot;setupTest&quot;/&gt;
          &lt;include name=&quot;afterMethod&quot;/&gt;
          &lt;include name=&quot;afterMethod&quot;/&gt;
          &lt;include name=&quot;afterTest&quot;/&gt;
          &lt;include name=&quot;afterTest&quot;/&gt;
        &lt;/methods&gt;
      &lt;/class&gt; &lt;!-- com.qmetry.qaf.automation.step.client.Scenario --&gt;
      &lt;class name=&quot;com.qmetry.qaf.automation.step.client.DataDrivenScenario&quot;&gt;
        &lt;methods&gt;
          &lt;include name=&quot;setupMethod&quot;/&gt;
          &lt;include name=&quot;setupMethod&quot;/&gt;
          &lt;include name=&quot;afterClass&quot;/&gt;
          &lt;include name=&quot;afterClass&quot;/&gt;
          &lt;include name=&quot;setup&quot;/&gt;
          &lt;include name=&quot;setup&quot;/&gt;
          &lt;include name=&quot;afterMethod&quot;/&gt;
          &lt;include name=&quot;afterMethod&quot;/&gt;
        &lt;/methods&gt;
      &lt;/class&gt; &lt;!-- com.qmetry.qaf.automation.step.client.DataDrivenScenario --&gt;
    &lt;/classes&gt;
  &lt;/test&gt; &lt;!-- amtrck d1(failed) --&gt;
  &lt;test name=&quot;amtrck d2(failed)&quot; parallel=&quot;tests&quot;&gt;
    &lt;parameter name=&quot;env.resources&quot; value=&quot;resources/common&quot;/&gt;
    &lt;parameter name=&quot;driver.capabilities.deviceName&quot; value=&quot;988667325047395643&quot;/&gt;
    &lt;groups&gt;
      &lt;run&gt;
        &lt;include name=&quot;@amtrak&quot;/&gt;
      &lt;/run&gt;
    &lt;/groups&gt;
    &lt;classes&gt;
      &lt;class name=&quot;com.qmetry.qaf.automation.step.client.Scenario&quot;&gt;
        &lt;methods&gt;
          &lt;include name=&quot;setupMethod&quot;/&gt;
          &lt;include name=&quot;setupMethod&quot;/&gt;
          &lt;include name=&quot;afterClass&quot;/&gt;
          &lt;include name=&quot;afterClass&quot;/&gt;
          &lt;include name=&quot;setup&quot;/&gt;
          &lt;include name=&quot;setup&quot;/&gt;
          &lt;include name=&quot;setupSuit&quot;/&gt;
          &lt;include name=&quot;setupTest&quot;/&gt;
          &lt;include name=&quot;setupTest&quot;/&gt;
          &lt;include name=&quot;afterMethod&quot;/&gt;
          &lt;include name=&quot;afterMethod&quot;/&gt;
          &lt;include name=&quot;afterTest&quot;/&gt;
          &lt;include name=&quot;afterTest&quot;/&gt;
        &lt;/methods&gt;
      &lt;/class&gt; &lt;!-- com.qmetry.qaf.automation.step.client.Scenario --&gt;
      &lt;class name=&quot;com.qmetry.qaf.automation.step.client.DataDrivenScenario&quot;&gt;
        &lt;methods&gt;
          &lt;include name=&quot;scenario&quot; invocation-numbers=&quot;1&quot;/&gt;
          &lt;include name=&quot;setupMethod&quot;/&gt;
          &lt;include name=&quot;setupMethod&quot;/&gt;
          &lt;include name=&quot;afterClass&quot;/&gt;
          &lt;include name=&quot;afterClass&quot;/&gt;
          &lt;include name=&quot;setup&quot;/&gt;
          &lt;include name=&quot;setup&quot;/&gt;
          &lt;include name=&quot;afterMethod&quot;/&gt;
          &lt;include name=&quot;afterMethod&quot;/&gt;
        &lt;/methods&gt;
      &lt;/class&gt; &lt;!-- com.qmetry.qaf.automation.step.client.DataDrivenScenario --&gt;
    &lt;/classes&gt;
  &lt;/test&gt; &lt;!-- amtrck d2(failed) --&gt;
&lt;/suite&gt; &lt;!-- QAF-Gherkin-Demo --&gt;
            </pre>
          </div> <!-- main-panel-content rounded-window-bottom -->
        </div> <!-- panel -->
        <div panel-name="testlist-QAF-Gherkin-Demo" class="panel">
          <div class="main-panel-header rounded-window-top">
            <span class="header-content">Tests for QAF-Gherkin-Demo</span>
          </div> <!-- main-panel-header rounded-window-top -->
          <div class="main-panel-content rounded-window-bottom">
            <ul>
              <li>
                <span class="test-name">amtrck d1 (1 class)</span>
              </li>
              <li>
                <span class="test-name">amtrck d2 (1 class)</span>
              </li>
              <li>
                <span class="test-name">amtrck d1(failed) (2 classes)</span>
              </li>
              <li>
                <span class="test-name">amtrck d2(failed) (2 classes)</span>
              </li>
            </ul>
          </div> <!-- main-panel-content rounded-window-bottom -->
        </div> <!-- panel -->
        <div panel-name="group-QAF-Gherkin-Demo" class="panel">
          <div class="main-panel-header rounded-window-top">
            <span class="header-content">Groups for QAF-Gherkin-Demo</span>
          </div> <!-- main-panel-header rounded-window-top -->
          <div class="main-panel-content rounded-window-bottom">
            <div class="test-group">
              <span class="test-group-name">@amtrak</span>
              <br/>
              <div class="method-in-group">
                <span class="method-in-group-name">Amtrak-DT</span>
                <br/>
              </div> <!-- method-in-group -->
              <div class="method-in-group">
                <span class="method-in-group-name">amtrak - buy ticket</span>
                <br/>
              </div> <!-- method-in-group -->
              <div class="method-in-group">
                <span class="method-in-group-name">amtrak - find station</span>
                <br/>
              </div> <!-- method-in-group -->
            </div> <!-- test-group -->
          </div> <!-- main-panel-content rounded-window-bottom -->
        </div> <!-- panel -->
        <div panel-name="times-QAF-Gherkin-Demo" class="panel">
          <div class="main-panel-header rounded-window-top">
            <span class="header-content">Times for QAF-Gherkin-Demo</span>
          </div> <!-- main-panel-header rounded-window-top -->
          <div class="main-panel-content rounded-window-bottom">
            <div class="times-div">
              <script type="text/javascript">
suiteTableInitFunctions.push('tableData_QAF-Gherkin-Demo');
function tableData_QAF-Gherkin-Demo() {
var data = new google.visualization.DataTable();
data.addColumn('number', 'Number');
data.addColumn('string', 'Method');
data.addColumn('string', 'Class');
data.addColumn('number', 'Time (ms)');
data.addRows(8);
data.setCell(0, 0, 0)
data.setCell(0, 1, 'Amtrak-DT')
data.setCell(0, 2, 'com.qmetry.qaf.automation.step.client.DataDrivenScenario')
data.setCell(0, 3, 32082);
data.setCell(1, 0, 1)
data.setCell(1, 1, 'amtrak - buy ticket')
data.setCell(1, 2, 'com.qmetry.qaf.automation.step.client.Scenario')
data.setCell(1, 3, 29142);
data.setCell(2, 0, 2)
data.setCell(2, 1, 'amtrak - find station')
data.setCell(2, 2, 'com.qmetry.qaf.automation.step.client.Scenario')
data.setCell(2, 3, 24588);
data.setCell(3, 0, 3)
data.setCell(3, 1, 'amtrak - buy ticket')
data.setCell(3, 2, 'com.qmetry.qaf.automation.step.client.Scenario')
data.setCell(3, 3, 23472);
data.setCell(4, 0, 4)
data.setCell(4, 1, 'Amtrak-DT')
data.setCell(4, 2, 'com.qmetry.qaf.automation.step.client.DataDrivenScenario')
data.setCell(4, 3, 16606);
data.setCell(5, 0, 5)
data.setCell(5, 1, 'Amtrak-DT')
data.setCell(5, 2, 'com.qmetry.qaf.automation.step.client.DataDrivenScenario')
data.setCell(5, 3, 13793);
data.setCell(6, 0, 6)
data.setCell(6, 1, 'Amtrak-DT')
data.setCell(6, 2, 'com.qmetry.qaf.automation.step.client.DataDrivenScenario')
data.setCell(6, 3, 13007);
data.setCell(7, 0, 7)
data.setCell(7, 1, 'amtrak - find station')
data.setCell(7, 2, 'com.qmetry.qaf.automation.step.client.Scenario')
data.setCell(7, 3, 12141);
window.suiteTableData['QAF-Gherkin-Demo']= { tableData: data, tableDiv: 'times-div-QAF-Gherkin-Demo'}
return data;
}
              </script>
              <span class="suite-total-time">Total running time: 2 minutes</span>
              <div id="times-div-QAF-Gherkin-Demo">
              </div> <!-- times-div-QAF-Gherkin-Demo -->
            </div> <!-- times-div -->
          </div> <!-- main-panel-content rounded-window-bottom -->
        </div> <!-- panel -->
        <div panel-name="reporter-QAF-Gherkin-Demo" class="panel">
          <div class="main-panel-header rounded-window-top">
            <span class="header-content">Reporter output for QAF-Gherkin-Demo</span>
          </div> <!-- main-panel-header rounded-window-top -->
          <div class="main-panel-content rounded-window-bottom">
            <div class="reporter-method-div">
              <span class="reporter-method-name">amtrak - buy ticket</span>
              <div class="reporter-method-output-div">
                <span class="reporter-method-output"><div style="display:block;margin-left:10px;"><div  class="teststeppass"><span class="teststeppass-label">T </span>Given I open browser to webpage "http://amtrak.com"</div><div  class="teststeppass"><span class="teststeppass-label">T </span>Then I wait 20 seconds for "buy.ticket" to appear</div><div  class="teststeppass"><span class="teststeppass-label">T </span>Then I click on "buy.ticket"</div><div  class="teststeppass"><span class="teststeppass-label">T </span>Then I enter "NYP" to "ticket.from"</div><div  class="teststeppass"><span class="teststeppass-label">T </span>Then I enter "BBY" to "ticket.to"</div><div  class="teststeppass"><span class="teststeppass-label">T </span>Then I scroll down</div><div  class="teststeppass"><span class="teststeppass-label">T </span>Then I click on "find.train"</div><div  class="teststeppass"><span class="teststeppass-label">T </span>Then I wait for "2" seconds</div><div  class="teststeppass"><span class="teststeppass-label">T </span>Then I click on "continue"</div><div  class="teststeppass"><span class="teststeppass-label">T </span>Then I must see text "Departure"</div><div  class="teststeppass"><span class="teststeppass-label">T </span>Then I should see text "Departure"</div><div style="display:block;margin-left:10px;"><div  class="pass"><span class="pass-label">P </span>
Expected: "true"
     Actual: was "true" <a href="img/amtrak - find station_1ur0h4yoddpcr21478.png" target="_blank">[View Screenshot]</a> </div></div></div></span>
              </div> <!-- reporter-method-output-div -->
            </div> <!-- reporter-method-div -->
            <div class="reporter-method-div">
              <span class="reporter-method-name">Amtrak-DT({number=20})</span>
              <div class="reporter-method-output-div">
                <span class="reporter-method-output"><div style="display:block;margin-left:10px;"><div  class="teststeppass"><span class="teststeppass-label">T </span>Given I open browser to webpage "http://amtrak.com"</div><div  class="teststeppass"><span class="teststeppass-label">T </span>Then I click on "train.status"</div><div  class="teststeppass"><span class="teststeppass-label">T </span>Then I click on "find.Station"</div><div  class="teststeppass"><span class="teststeppass-label">T </span>Then I click on "Station.abl"</div><div  class="teststeppass"><span class="teststeppass-label">T </span>Then I enter "20" to "bus.number"</div><div  class="teststeppass"><span class="teststeppass-label">T </span>Then I click on "status.button"</div></div></span>
              </div> <!-- reporter-method-output-div -->
            </div> <!-- reporter-method-div -->
            <div class="reporter-method-div">
              <span class="reporter-method-name">Amtrak-DT({number=30})</span>
              <div class="reporter-method-output-div">
                <span class="reporter-method-output"><div style="display:block;margin-left:10px;"><div  class="teststeppass"><span class="teststeppass-label">T </span>Given I open browser to webpage "http://amtrak.com"</div><div  class="teststeppass"><span class="teststeppass-label">T </span>Then I click on "train.status"</div><div  class="teststeppass"><span class="teststeppass-label">T </span>Then I click on "find.Station"</div><div  class="teststeppass"><span class="teststeppass-label">T </span>Then I click on "Station.abl"</div><div  class="teststeppass"><span class="teststeppass-label">T </span>Then I enter "30" to "bus.number"</div><div  class="teststeppass"><span class="teststeppass-label">T </span>Then I click on "status.button"</div></div></span>
              </div> <!-- reporter-method-output-div -->
            </div> <!-- reporter-method-div -->
            <div class="reporter-method-div">
              <span class="reporter-method-name">amtrak - find station</span>
              <div class="reporter-method-output-div">
                <span class="reporter-method-output"><div style="display:block;margin-left:10px;"><div  class="teststeppass"><span class="teststeppass-label">T </span>Given I open browser to webpage "http://amtrak.com"</div><div  class="teststepfail"><span class="teststepfail-label">T </span>Then I click on "train.status" <a href="img/amtrak - find station_1ur0h4yoddpcr21478.png" target="_blank">[View Screenshot]</a> </div><div style="display:block;margin-left:10px;"><div  class="fail"><span class="fail-label">F </span>Failed to execute command webpage.element click: clickElement command failed. Reason: handset server: Document unloaded while waiting for result
Command duration or timeout: 806 milliseconds
Build info: version: '2.53.0', revision: '35ae25b1534ae328c771e0856c93e187490ca824', time: '2016-03-15 10:43:46'
System info: host: 'UziMac', ip: '192.168.43.133', os.name: 'Mac OS X', os.arch: 'x86_64', os.version: '10.11.1', java.version: '1.8.0_45'
Driver info: com.qmetry.qaf.automation.ui.webdriver.QAFExtendedWebDriver
Capabilities [{rotatable=true, testGridReportUrl=https://beta.reporting-01.perfectomobile.com?externalId[0]=uzie@perfectomobile.com_RemoteWebDriver_16-10-25_10_44_04_5433, entityType=remote_web_driver, deviceName=F15118A63C51D54E3CEA474B32CFE2ECDAF1AB70, serverConnector=, platform=ANY, executionId=uzie@perfectomobile.com_RemoteWebDriver_16-10-25_10_44_04_5433, password=, webdriver.remote.sessionid=9617c47e-bb13-4e6b-9cba-1b18cfc9a7ad, automationName=Appium, host=beta.perfectomobile.com, singleTestReportUrl=https://beta.perfectomobile.com/nexperience/singletest/report/?reportRepositoryKey=PRIVATE:RemoteWebDriver/161025/RemoteWebDriver_16-10-25_10_44_04_5433.xml&ownerId=uzie@perfectomobile.com&sharingCode=4bb27218-f697-4e82-a0ce-e6b08052242a, locationContextEnabled=true, takesScreenshot=true, browserName=MobileOS, scriptName=RemoteWebDriver, javascriptEnabled=true, reportKey=PRIVATE:RemoteWebDriver/161025/RemoteWebDriver_16-10-25_10_44_04_5433.xml, windTunnelReportUrl=https://beta.perfectomobile.com/nexperience/singletest/report/?reportRepositoryKey=PRIVATE:RemoteWebDriver/161025/RemoteWebDriver_16-10-25_10_44_04_5433.xml&ownerId=uzie@perfectomobile.com&sharingCode=4bb27218-f697-4e82-a0ce-e6b08052242a, user=, cssSelectorsEnabled=true}]
Session ID: 9617c47e-bb13-4e6b-9cba-1b18cfc9a7ad</div></div><div  class="teststep"><span class="teststep-label">T </span>Then I click on "find.Station"</div><div  class="teststep"><span class="teststep-label">T </span>Then I click on "Station.abl"</div><div  class="teststep"><span class="teststep-label">T </span>Then I enter "45" to "bus.number"</div><div  class="teststep"><span class="teststep-label">T </span>Then I click on "status.button"</div></div></span>
              </div> <!-- reporter-method-output-div -->
            </div> <!-- reporter-method-div -->
            <div class="reporter-method-div">
              <span class="reporter-method-name">Amtrak-DT({number=20})</span>
              <div class="reporter-method-output-div">
                <span class="reporter-method-output"><div style="display:block;margin-left:10px;"><div  class="teststeppass"><span class="teststeppass-label">T </span>Given I open browser to webpage "http://amtrak.com"</div><div  class="teststeppass"><span class="teststeppass-label">T </span>Then I click on "train.status"</div><div  class="teststeppass"><span class="teststeppass-label">T </span>Then I click on "find.Station"</div><div  class="teststeppass"><span class="teststeppass-label">T </span>Then I click on "Station.abl"</div><div  class="teststeppass"><span class="teststeppass-label">T </span>Then I enter "20" to "bus.number"</div><div  class="teststeppass"><span class="teststeppass-label">T </span>Then I click on "status.button"</div></div></span>
              </div> <!-- reporter-method-output-div -->
            </div> <!-- reporter-method-div -->
            <div class="reporter-method-div">
              <span class="reporter-method-name">amtrak - find station</span>
              <div class="reporter-method-output-div">
                <span class="reporter-method-output"><div style="display:block;margin-left:10px;"><div  class="teststeppass"><span class="teststeppass-label">T </span>Given I open browser to webpage "http://amtrak.com"</div><div  class="teststeppass"><span class="teststeppass-label">T </span>Then I click on "train.status"</div><div  class="teststeppass"><span class="teststeppass-label">T </span>Then I click on "find.Station"</div><div  class="teststeppass"><span class="teststeppass-label">T </span>Then I click on "Station.abl"</div><div  class="teststeppass"><span class="teststeppass-label">T </span>Then I enter "45" to "bus.number"</div><div  class="teststeppass"><span class="teststeppass-label">T </span>Then I click on "status.button"</div></div></span>
              </div> <!-- reporter-method-output-div -->
            </div> <!-- reporter-method-div -->
            <div class="reporter-method-div">
              <span class="reporter-method-name">amtrak - buy ticket</span>
              <div class="reporter-method-output-div">
                <span class="reporter-method-output"><div style="display:block;margin-left:10px;"><div  class="teststeppass"><span class="teststeppass-label">T </span>Given I open browser to webpage "http://amtrak.com"</div><div  class="teststeppass"><span class="teststeppass-label">T </span>Then I wait 20 seconds for "buy.ticket" to appear</div><div  class="teststeppass"><span class="teststeppass-label">T </span>Then I click on "buy.ticket"</div><div  class="teststeppass"><span class="teststeppass-label">T </span>Then I enter "NYP" to "ticket.from"</div><div  class="teststeppass"><span class="teststeppass-label">T </span>Then I enter "BBY" to "ticket.to"</div><div  class="teststeppass"><span class="teststeppass-label">T </span>Then I scroll down</div><div  class="teststeppass"><span class="teststeppass-label">T </span>Then I click on "find.train"</div><div  class="teststeppass"><span class="teststeppass-label">T </span>Then I wait for "2" seconds</div><div  class="teststeppass"><span class="teststeppass-label">T </span>Then I click on "continue"</div><div  class="teststeppass"><span class="teststeppass-label">T </span>Then I must see text "Departure"</div><div  class="teststeppass"><span class="teststeppass-label">T </span>Then I should see text "Departure"</div><div style="display:block;margin-left:10px;"><div  class="pass"><span class="pass-label">P </span>
Expected: "true"
     Actual: was "true" <a href="img/amtrak - buy ticket_kgc9h26w0xyy21479.png" target="_blank">[View Screenshot]</a> </div></div></div></span>
              </div> <!-- reporter-method-output-div -->
            </div> <!-- reporter-method-div -->
            <div class="reporter-method-div">
              <span class="reporter-method-name">Amtrak-DT({number=30})</span>
              <div class="reporter-method-output-div">
                <span class="reporter-method-output"><div style="display:block;margin-left:10px;"><div  class="teststeppass"><span class="teststeppass-label">T </span>Given I open browser to webpage "http://amtrak.com"</div><div  class="teststeppass"><span class="teststeppass-label">T </span>Then I click on "train.status"</div><div  class="teststepfail"><span class="teststepfail-label">T </span>Then I click on "find.Station" <a href="img/Amtrak-DT_t8z60qp89pb521480.png" target="_blank">[View Screenshot]</a> </div><div style="display:block;margin-left:10px;"><div  class="fail"><span class="fail-label">F </span>Timed out after 30 seconds waiting for presence of element located by: By.xpath: (//*[@value='Find a Station' and @type='submit'])[2]
Build info: version: '2.53.0', revision: '35ae25b1534ae328c771e0856c93e187490ca824', time: '2016-03-15 10:43:46'
System info: host: 'UziMac', ip: '192.168.43.133', os.name: 'Mac OS X', os.arch: 'x86_64', os.version: '10.11.1', java.version: '1.8.0_45'
Driver info: driver.version: QAFExtendedWebDriver</div></div><div  class="teststep"><span class="teststep-label">T </span>Then I click on "Station.abl"</div><div  class="teststep"><span class="teststep-label">T </span>Then I enter "${number}" to "bus.number"</div><div  class="teststep"><span class="teststep-label">T </span>Then I click on "status.button"</div></div></span>
              </div> <!-- reporter-method-output-div -->
            </div> <!-- reporter-method-div -->
          </div> <!-- main-panel-content rounded-window-bottom -->
        </div> <!-- panel -->
        <div panel-name="ignored-methods-QAF-Gherkin-Demo" class="panel">
          <div class="main-panel-header rounded-window-top">
            <span class="header-content">8 ignored methods</span>
          </div> <!-- main-panel-header rounded-window-top -->
          <div class="main-panel-content rounded-window-bottom">
            <div class="ignored-class-div">
              <span class="ignored-class-name">com.qmetry.qaf.automation.step.client.DataDrivenScenario</span>
              <div class="ignored-methods-div">
                <span class="ignored-method-name">Amtrak-DT</span>
                <br/>
                <span class="ignored-method-name">Amtrak-DT</span>
                <br/>
                <span class="ignored-method-name">setupSuit</span>
                <br/>
                <span class="ignored-method-name">setupSuit</span>
                <br/>
                <span class="ignored-method-name">setupTest</span>
                <br/>
                <span class="ignored-method-name">setupTest</span>
                <br/>
                <span class="ignored-method-name">afterTest</span>
                <br/>
                <span class="ignored-method-name">afterTest</span>
                <br/>
              </div> <!-- ignored-methods-div -->
            </div> <!-- ignored-class-div -->
          </div> <!-- main-panel-content rounded-window-bottom -->
        </div> <!-- panel -->
        <div panel-name="chronological-QAF-Gherkin-Demo" class="panel">
          <div class="main-panel-header rounded-window-top">
            <span class="header-content">Methods in chronological order</span>
          </div> <!-- main-panel-header rounded-window-top -->
          <div class="main-panel-content rounded-window-bottom">
            <div class="chronological-class">
              <div class="chronological-class-name">com.qmetry.qaf.automation.step.client.Scenario</div> <!-- chronological-class-name -->
              <div class="configuration-suite before">
                <span class="method-name">setupSuit(org.testng.TestRunner@6dbb137d)</span>
                <span class="method-start">0 ms</span>
              </div> <!-- configuration-suite before -->
              <div class="configuration-test before">
                <span class="method-name">setupTest(org.testng.TestRunner@5b769bbb)</span>
                <span class="method-start">20 ms</span>
              </div> <!-- configuration-test before -->
              <div class="configuration-test before">
                <span class="method-name">setupTest(org.testng.TestRunner@6dbb137d)</span>
                <span class="method-start">20 ms</span>
              </div> <!-- configuration-test before -->
              <div class="configuration-class before">
                <span class="method-name">setup(org.testng.TestRunner@6dbb137d)</span>
                <span class="method-start">25 ms</span>
              </div> <!-- configuration-class before -->
              <div class="configuration-class before">
                <span class="method-name">setup(org.testng.TestRunner@5b769bbb)</span>
                <span class="method-start">25 ms</span>
              </div> <!-- configuration-class before -->
              <div class="test-method">
                <img src="failed.png">
                </img>
                <span class="method-name">amtrak - find station</span>
                <span class="method-start">27 ms</span>
              </div> <!-- test-method -->
              <div class="test-method">
                <span class="method-name">amtrak - find station</span>
                <span class="method-start">27 ms</span>
              </div> <!-- test-method -->
              <div class="configuration-method before">
                <span class="method-name">setupMethod(public void com.qmetry.qaf.automation.step.client.Scenario.scenario(), org.testng.TestRunner@6dbb137...)</span>
                <span class="method-start">27 ms</span>
              </div> <!-- configuration-method before -->
              <div class="configuration-method before">
                <span class="method-name">setupMethod(public void com.qmetry.qaf.automation.step.client.Scenario.scenario(), org.testng.TestRunner@5b769bb...)</span>
                <span class="method-start">27 ms</span>
              </div> <!-- configuration-method before -->
              <div class="configuration-method after">
                <span class="method-name">afterMethod(org.testng.TestRunner@5b769bbb, [TestResult name=amtrak - find station status=FAILURE method=scenari...)</span>
                <span class="method-start">13839 ms</span>
              </div> <!-- configuration-method after -->
              <div class="configuration-class after">
                <span class="method-name">afterClass(org.testng.TestRunner@5b769bbb)</span>
                <span class="method-start">13840 ms</span>
              </div> <!-- configuration-class after -->
              <div class="configuration-class before">
                <span class="method-name">setup(org.testng.TestRunner@5b769bbb)</span>
                <span class="method-start">13840 ms</span>
              </div> <!-- configuration-class before -->
              <div class="test-method">
                <span class="method-name">amtrak - buy ticket</span>
                <span class="method-start">13841 ms</span>
              </div> <!-- test-method -->
              <div class="configuration-method before">
                <span class="method-name">setupMethod(public void com.qmetry.qaf.automation.step.client.Scenario.scenario(), org.testng.TestRunner@5b769bb...)</span>
                <span class="method-start">13841 ms</span>
              </div> <!-- configuration-method before -->
              <div class="configuration-class after">
                <span class="method-name">afterClass(org.testng.TestRunner@6dbb137d)</span>
                <span class="method-start">24716 ms</span>
              </div> <!-- configuration-class after -->
              <div class="configuration-method after">
                <span class="method-name">afterMethod(org.testng.TestRunner@6dbb137d, [TestResult name=amtrak - find station status=SUCCESS method=scenari...)</span>
                <span class="method-start">24716 ms</span>
              </div> <!-- configuration-method after -->
              <div class="configuration-class before">
                <span class="method-name">setup(org.testng.TestRunner@6dbb137d)</span>
                <span class="method-start">24716 ms</span>
              </div> <!-- configuration-class before -->
              <div class="test-method">
                <span class="method-name">amtrak - buy ticket</span>
                <span class="method-start">24717 ms</span>
              </div> <!-- test-method -->
              <div class="configuration-method before">
                <span class="method-name">setupMethod(public void com.qmetry.qaf.automation.step.client.Scenario.scenario(), org.testng.TestRunner@6dbb137...)</span>
                <span class="method-start">24717 ms</span>
              </div> <!-- configuration-method before -->
              <div class="configuration-class after">
                <span class="method-name">afterClass(org.testng.TestRunner@5b769bbb)</span>
                <span class="method-start">37389 ms</span>
              </div> <!-- configuration-class after -->
              <div class="configuration-method after">
                <span class="method-name">afterMethod(org.testng.TestRunner@5b769bbb, [TestResult name=amtrak - buy ticket status=SUCCESS method=scenarios...)</span>
                <span class="method-start">37389 ms</span>
              </div> <!-- configuration-method after -->
            </div> <!-- chronological-class -->
            <div class="chronological-class">
              <div class="chronological-class-name">com.qmetry.qaf.automation.step.client.DataDrivenScenario</div> <!-- chronological-class-name -->
              <div class="configuration-class before">
                <span class="method-name">setup(org.testng.TestRunner@5b769bbb)</span>
                <span class="method-start">37390 ms</span>
              </div> <!-- configuration-class before -->
              <div class="test-method">
                <span class="method-name">Amtrak-DT({number=20})</span>
                <span class="method-start">37400 ms</span>
              </div> <!-- test-method -->
              <div class="configuration-method before">
                <span class="method-name">setupMethod(public void com.qmetry.qaf.automation.step.client.DataDrivenScenario.scenario(java.util.Map), org.te...)</span>
                <span class="method-start">37400 ms</span>
              </div> <!-- configuration-method before -->
              <div class="configuration-method after">
                <span class="method-name">afterMethod(org.testng.TestRunner@5b769bbb, [TestResult name=Amtrak-DT status=SUCCESS method=scenarios.Amtrak.fe...)</span>
                <span class="method-start">51284 ms</span>
              </div> <!-- configuration-method after -->
              <div class="test-method">
                <span class="method-name">Amtrak-DT({number=30})</span>
                <span class="method-start">51285 ms</span>
              </div> <!-- test-method -->
              <div class="configuration-method before">
                <span class="method-name">setupMethod(public void com.qmetry.qaf.automation.step.client.DataDrivenScenario.scenario(java.util.Map), org.te...)</span>
                <span class="method-start">51285 ms</span>
              </div> <!-- configuration-method before -->
            </div> <!-- chronological-class -->
            <div class="chronological-class">
              <div class="chronological-class-name">com.qmetry.qaf.automation.step.client.Scenario</div> <!-- chronological-class-name -->
              <div class="configuration-class after">
                <span class="method-name">afterClass(org.testng.TestRunner@6dbb137d)</span>
                <span class="method-start">53938 ms</span>
              </div> <!-- configuration-class after -->
              <div class="configuration-method after">
                <span class="method-name">afterMethod(org.testng.TestRunner@6dbb137d, [TestResult name=amtrak - buy ticket status=SUCCESS method=scenarios...)</span>
                <span class="method-start">53938 ms</span>
              </div> <!-- configuration-method after -->
            </div> <!-- chronological-class -->
            <div class="chronological-class">
              <div class="chronological-class-name">com.qmetry.qaf.automation.step.client.DataDrivenScenario</div> <!-- chronological-class-name -->
              <div class="configuration-class before">
                <span class="method-name">setup(org.testng.TestRunner@6dbb137d)</span>
                <span class="method-start">53938 ms</span>
              </div> <!-- configuration-class before -->
              <div class="configuration-method before">
                <span class="method-name">setupMethod(public void com.qmetry.qaf.automation.step.client.DataDrivenScenario.scenario(java.util.Map), org.te...)</span>
                <span class="method-start">53939 ms</span>
              </div> <!-- configuration-method before -->
              <div class="test-method">
                <span class="method-name">Amtrak-DT({number=20})</span>
                <span class="method-start">53940 ms</span>
              </div> <!-- test-method -->
              <div class="configuration-method after">
                <span class="method-name">afterMethod(org.testng.TestRunner@6dbb137d, [TestResult name=Amtrak-DT status=SUCCESS method=scenarios.Amtrak.fe...)</span>
                <span class="method-start">67037 ms</span>
              </div> <!-- configuration-method after -->
              <div class="configuration-method before">
                <span class="method-name">setupMethod(public void com.qmetry.qaf.automation.step.client.DataDrivenScenario.scenario(java.util.Map), org.te...)</span>
                <span class="method-start">67037 ms</span>
              </div> <!-- configuration-method before -->
              <div class="test-method">
                <img src="failed.png">
                </img>
                <span class="method-name">Amtrak-DT({number=30})</span>
                <span class="method-start">67038 ms</span>
              </div> <!-- test-method -->
              <div class="configuration-class after">
                <span class="method-name">afterClass(org.testng.TestRunner@5b769bbb)</span>
                <span class="method-start">67977 ms</span>
              </div> <!-- configuration-class after -->
              <div class="configuration-method after">
                <span class="method-name">afterMethod(org.testng.TestRunner@5b769bbb, [TestResult name=Amtrak-DT status=SUCCESS method=scenarios.Amtrak.fe...)</span>
                <span class="method-start">67977 ms</span>
              </div> <!-- configuration-method after -->
            </div> <!-- chronological-class -->
            <div class="chronological-class">
              <div class="chronological-class-name">com.qmetry.qaf.automation.step.client.Scenario</div> <!-- chronological-class-name -->
              <div class="configuration-test after">
                <span class="method-name">afterTest(org.testng.TestRunner@5b769bbb)</span>
                <span class="method-start">67978 ms</span>
              </div> <!-- configuration-test after -->
            </div> <!-- chronological-class -->
            <div class="chronological-class">
              <div class="chronological-class-name">com.qmetry.qaf.automation.step.client.DataDrivenScenario</div> <!-- chronological-class-name -->
              <div class="configuration-class after">
                <span class="method-name">afterClass(org.testng.TestRunner@6dbb137d)</span>
                <span class="method-start">102036 ms</span>
              </div> <!-- configuration-class after -->
              <div class="configuration-method after">
                <span class="method-name">afterMethod(org.testng.TestRunner@6dbb137d, [TestResult name=Amtrak-DT status=FAILURE method=scenarios.Amtrak.fe...)</span>
                <span class="method-start">102036 ms</span>
              </div> <!-- configuration-method after -->
            </div> <!-- chronological-class -->
            <div class="chronological-class">
              <div class="chronological-class-name">com.qmetry.qaf.automation.step.client.Scenario</div> <!-- chronological-class-name -->
              <div class="configuration-test after">
                <span class="method-name">afterTest(org.testng.TestRunner@6dbb137d)</span>
                <span class="method-start">102037 ms</span>
              </div> <!-- configuration-test after -->
          </div> <!-- main-panel-content rounded-window-bottom -->
        </div> <!-- panel -->
      </div> <!-- main-panel-root -->
    </div> <!-- wrapper -->
  </body>
</html>
