<?xml version="1.0" encoding="UTF-8"?>
<testng-results skipped="0" failed="2" total="8" passed="6">
  <reporter-output>
    <line>
      <![CDATA[<div style="display:block;margin-left:10px;"><div  class="teststeppass"><span class="teststeppass-label">T </span>Given I open browser to webpage "http://amtrak.com"</div><div  class="teststepfail"><span class="teststepfail-label">T </span>Then I click on "train.status" <a href="img/amtrak - find station_1ur0h4yoddpcr21478.png" target="_blank">[View Screenshot]</a> </div><div style="display:block;margin-left:10px;"><div  class="fail"><span class="fail-label">F </span>Failed to execute command webpage.element click: clickElement command failed. Reason: handset server: Document unloaded while waiting for result
Command duration or timeout: 806 milliseconds
Build info: version: '2.53.0', revision: '35ae25b1534ae328c771e0856c93e187490ca824', time: '2016-03-15 10:43:46'
System info: host: 'UziMac', ip: '192.168.43.133', os.name: 'Mac OS X', os.arch: 'x86_64', os.version: '10.11.1', java.version: '1.8.0_45'
Driver info: com.qmetry.qaf.automation.ui.webdriver.QAFExtendedWebDriver
Capabilities [{rotatable=true, testGridReportUrl=https://beta.reporting-01.perfectomobile.com?externalId[0]=uzie@perfectomobile.com_RemoteWebDriver_16-10-25_10_44_04_5433, entityType=remote_web_driver, deviceName=F15118A63C51D54E3CEA474B32CFE2ECDAF1AB70, serverConnector=, platform=ANY, executionId=uzie@perfectomobile.com_RemoteWebDriver_16-10-25_10_44_04_5433, password=, webdriver.remote.sessionid=9617c47e-bb13-4e6b-9cba-1b18cfc9a7ad, automationName=Appium, host=beta.perfectomobile.com, singleTestReportUrl=https://beta.perfectomobile.com/nexperience/singletest/report/?reportRepositoryKey=PRIVATE:RemoteWebDriver/161025/RemoteWebDriver_16-10-25_10_44_04_5433.xml&ownerId=uzie@perfectomobile.com&sharingCode=4bb27218-f697-4e82-a0ce-e6b08052242a, locationContextEnabled=true, takesScreenshot=true, browserName=MobileOS, scriptName=RemoteWebDriver, javascriptEnabled=true, reportKey=PRIVATE:RemoteWebDriver/161025/RemoteWebDriver_16-10-25_10_44_04_5433.xml, windTunnelReportUrl=https://beta.perfectomobile.com/nexperience/singletest/report/?reportRepositoryKey=PRIVATE:RemoteWebDriver/161025/RemoteWebDriver_16-10-25_10_44_04_5433.xml&ownerId=uzie@perfectomobile.com&sharingCode=4bb27218-f697-4e82-a0ce-e6b08052242a, user=, cssSelectorsEnabled=true}]
Session ID: 9617c47e-bb13-4e6b-9cba-1b18cfc9a7ad</div></div><div  class="teststep"><span class="teststep-label">T </span>Then I click on "find.Station"</div><div  class="teststep"><span class="teststep-label">T </span>Then I click on "Station.abl"</div><div  class="teststep"><span class="teststep-label">T </span>Then I enter "45" to "bus.number"</div><div  class="teststep"><span class="teststep-label">T </span>Then I click on "status.button"</div></div>]]>
    </line>
    <line>
      <![CDATA[<div style="display:block;margin-left:10px;"><div  class="teststeppass"><span class="teststeppass-label">T </span>Given I open browser to webpage "http://amtrak.com"</div><div  class="teststeppass"><span class="teststeppass-label">T </span>Then I click on "train.status"</div><div  class="teststeppass"><span class="teststeppass-label">T </span>Then I click on "find.Station"</div><div  class="teststeppass"><span class="teststeppass-label">T </span>Then I click on "Station.abl"</div><div  class="teststeppass"><span class="teststeppass-label">T </span>Then I enter "45" to "bus.number"</div><div  class="teststeppass"><span class="teststeppass-label">T </span>Then I click on "status.button"</div></div>]]>
    </line>
    <line>
      <![CDATA[<div style="display:block;margin-left:10px;"><div  class="teststeppass"><span class="teststeppass-label">T </span>Given I open browser to webpage "http://amtrak.com"</div><div  class="teststeppass"><span class="teststeppass-label">T </span>Then I wait 20 seconds for "buy.ticket" to appear</div><div  class="teststeppass"><span class="teststeppass-label">T </span>Then I click on "buy.ticket"</div><div  class="teststeppass"><span class="teststeppass-label">T </span>Then I enter "NYP" to "ticket.from"</div><div  class="teststeppass"><span class="teststeppass-label">T </span>Then I enter "BBY" to "ticket.to"</div><div  class="teststeppass"><span class="teststeppass-label">T </span>Then I scroll down</div><div  class="teststeppass"><span class="teststeppass-label">T </span>Then I click on "find.train"</div><div  class="teststeppass"><span class="teststeppass-label">T </span>Then I wait for "2" seconds</div><div  class="teststeppass"><span class="teststeppass-label">T </span>Then I click on "continue"</div><div  class="teststeppass"><span class="teststeppass-label">T </span>Then I must see text "Departure"</div><div  class="teststeppass"><span class="teststeppass-label">T </span>Then I should see text "Departure"</div><div style="display:block;margin-left:10px;"><div  class="pass"><span class="pass-label">P </span>
Expected: "true"
     Actual: was "true" <a href="img/amtrak - find station_1ur0h4yoddpcr21478.png" target="_blank">[View Screenshot]</a> </div></div></div>]]>
    </line>
    <line>
      <![CDATA[<div style="display:block;margin-left:10px;"><div  class="teststeppass"><span class="teststeppass-label">T </span>Given I open browser to webpage "http://amtrak.com"</div><div  class="teststeppass"><span class="teststeppass-label">T </span>Then I click on "train.status"</div><div  class="teststeppass"><span class="teststeppass-label">T </span>Then I click on "find.Station"</div><div  class="teststeppass"><span class="teststeppass-label">T </span>Then I click on "Station.abl"</div><div  class="teststeppass"><span class="teststeppass-label">T </span>Then I enter "20" to "bus.number"</div><div  class="teststeppass"><span class="teststeppass-label">T </span>Then I click on "status.button"</div></div>]]>
    </line>
    <line>
      <![CDATA[<div style="display:block;margin-left:10px;"><div  class="teststeppass"><span class="teststeppass-label">T </span>Given I open browser to webpage "http://amtrak.com"</div><div  class="teststeppass"><span class="teststeppass-label">T </span>Then I wait 20 seconds for "buy.ticket" to appear</div><div  class="teststeppass"><span class="teststeppass-label">T </span>Then I click on "buy.ticket"</div><div  class="teststeppass"><span class="teststeppass-label">T </span>Then I enter "NYP" to "ticket.from"</div><div  class="teststeppass"><span class="teststeppass-label">T </span>Then I enter "BBY" to "ticket.to"</div><div  class="teststeppass"><span class="teststeppass-label">T </span>Then I scroll down</div><div  class="teststeppass"><span class="teststeppass-label">T </span>Then I click on "find.train"</div><div  class="teststeppass"><span class="teststeppass-label">T </span>Then I wait for "2" seconds</div><div  class="teststeppass"><span class="teststeppass-label">T </span>Then I click on "continue"</div><div  class="teststeppass"><span class="teststeppass-label">T </span>Then I must see text "Departure"</div><div  class="teststeppass"><span class="teststeppass-label">T </span>Then I should see text "Departure"</div><div style="display:block;margin-left:10px;"><div  class="pass"><span class="pass-label">P </span>
Expected: "true"
     Actual: was "true" <a href="img/amtrak - buy ticket_kgc9h26w0xyy21479.png" target="_blank">[View Screenshot]</a> </div></div></div>]]>
    </line>
    <line>
      <![CDATA[<div style="display:block;margin-left:10px;"><div  class="teststeppass"><span class="teststeppass-label">T </span>Given I open browser to webpage "http://amtrak.com"</div><div  class="teststeppass"><span class="teststeppass-label">T </span>Then I click on "train.status"</div><div  class="teststeppass"><span class="teststeppass-label">T </span>Then I click on "find.Station"</div><div  class="teststeppass"><span class="teststeppass-label">T </span>Then I click on "Station.abl"</div><div  class="teststeppass"><span class="teststeppass-label">T </span>Then I enter "20" to "bus.number"</div><div  class="teststeppass"><span class="teststeppass-label">T </span>Then I click on "status.button"</div></div>]]>
    </line>
    <line>
      <![CDATA[<div style="display:block;margin-left:10px;"><div  class="teststeppass"><span class="teststeppass-label">T </span>Given I open browser to webpage "http://amtrak.com"</div><div  class="teststeppass"><span class="teststeppass-label">T </span>Then I click on "train.status"</div><div  class="teststeppass"><span class="teststeppass-label">T </span>Then I click on "find.Station"</div><div  class="teststeppass"><span class="teststeppass-label">T </span>Then I click on "Station.abl"</div><div  class="teststeppass"><span class="teststeppass-label">T </span>Then I enter "30" to "bus.number"</div><div  class="teststeppass"><span class="teststeppass-label">T </span>Then I click on "status.button"</div></div>]]>
    </line>
    <line>
      <![CDATA[<div style="display:block;margin-left:10px;"><div  class="teststeppass"><span class="teststeppass-label">T </span>Given I open browser to webpage "http://amtrak.com"</div><div  class="teststeppass"><span class="teststeppass-label">T </span>Then I click on "train.status"</div><div  class="teststepfail"><span class="teststepfail-label">T </span>Then I click on "find.Station" <a href="img/Amtrak-DT_t8z60qp89pb521480.png" target="_blank">[View Screenshot]</a> </div><div style="display:block;margin-left:10px;"><div  class="fail"><span class="fail-label">F </span>Timed out after 30 seconds waiting for presence of element located by: By.xpath: (//*[@value='Find a Station' and @type='submit'])[2]
Build info: version: '2.53.0', revision: '35ae25b1534ae328c771e0856c93e187490ca824', time: '2016-03-15 10:43:46'
System info: host: 'UziMac', ip: '192.168.43.133', os.name: 'Mac OS X', os.arch: 'x86_64', os.version: '10.11.1', java.version: '1.8.0_45'
Driver info: driver.version: QAFExtendedWebDriver</div></div><div  class="teststep"><span class="teststep-label">T </span>Then I click on "Station.abl"</div><div  class="teststep"><span class="teststep-label">T </span>Then I enter "${number}" to "bus.number"</div><div  class="teststep"><span class="teststep-label">T </span>Then I click on "status.button"</div></div>]]>
    </line>
  </reporter-output>
  <suite name="QAF-Gherkin-Demo" duration-ms="122640" started-at="2016-10-25T10:44:03Z" finished-at="2016-10-25T10:46:06Z">
    <groups>
      <group name="@amtrak">
        <method signature="scenarios.Amtrak.feature.Amtrak-DT( java.util.Map)[pri:1002, instance:com.qmetry.qaf.automation.step.client.DataDrivenScenario@3ea]" name="Amtrak-DT" class="com.qmetry.qaf.automation.step.client.DataDrivenScenario"/>
        <method signature="scenarios.Amtrak.feature.amtrak - buy ticket()[pri:1001, instance:com.qmetry.qaf.automation.step.client.Scenario@3e9]" name="amtrak - buy ticket" class="com.qmetry.qaf.automation.step.client.Scenario"/>
        <method signature="scenarios.Amtrak.feature.amtrak - find station()[pri:1000, instance:com.qmetry.qaf.automation.step.client.Scenario@3e8]" name="amtrak - find station" class="com.qmetry.qaf.automation.step.client.Scenario"/>
        <method signature="scenarios.Amtrak.feature.Amtrak-DT( java.util.Map)[pri:1005, instance:com.qmetry.qaf.automation.step.client.DataDrivenScenario@3ed]" name="Amtrak-DT" class="com.qmetry.qaf.automation.step.client.DataDrivenScenario"/>
        <method signature="scenarios.Amtrak.feature.amtrak - buy ticket()[pri:1004, instance:com.qmetry.qaf.automation.step.client.Scenario@3ec]" name="amtrak - buy ticket" class="com.qmetry.qaf.automation.step.client.Scenario"/>
        <method signature="scenarios.Amtrak.feature.amtrak - find station()[pri:1003, instance:com.qmetry.qaf.automation.step.client.Scenario@3eb]" name="amtrak - find station" class="com.qmetry.qaf.automation.step.client.Scenario"/>
      </group> <!-- @amtrak -->
    </groups>
    <test name="amtrck d1" duration-ms="77689" started-at="2016-10-25T10:44:03Z" finished-at="2016-10-25T10:45:21Z">
      <class name="com.qmetry.qaf.automation.step.client.Scenario">
        <test-method status="PASS" signature="setupTest(org.testng.ITestContext)[pri:0, instance:com.qmetry.qaf.automation.step.client.Scenario@3e9]" test-instance-name="amtrak - find station" name="setupTest" is-config="true" duration-ms="1" started-at="2016-10-25T06:44:03Z" finished-at="2016-10-25T06:44:03Z">
          <params>
            <param index="0">
              <value>
                <![CDATA[org.testng.TestRunner@5b769bbb]]>
              </value>
            </param>
          </params>
          <reporter-output>
          </reporter-output>
        </test-method> <!-- setupTest -->
        <test-method status="PASS" signature="setup(org.testng.ITestContext)[pri:0, instance:com.qmetry.qaf.automation.step.client.Scenario@3e9]" test-instance-name="amtrak - find station" name="setup" is-config="true" duration-ms="0" started-at="2016-10-25T06:44:03Z" finished-at="2016-10-25T06:44:03Z">
          <params>
            <param index="0">
              <value>
                <![CDATA[org.testng.TestRunner@5b769bbb]]>
              </value>
            </param>
          </params>
          <reporter-output>
          </reporter-output>
        </test-method> <!-- setup -->
        <test-method status="PASS" signature="setupMethod(java.lang.reflect.Method, org.testng.ITestContext)[pri:0, instance:com.qmetry.qaf.automation.step.client.Scenario@3e9]" test-instance-name="amtrak - find station" name="setupMethod" is-config="true" duration-ms="0" started-at="2016-10-25T06:44:03Z" finished-at="2016-10-25T06:44:03Z">
          <params>
            <param index="0">
              <value>
                <![CDATA[public void com.qmetry.qaf.automation.step.client.Scenario.scenario()]]>
              </value>
            </param>
            <param index="1">
              <value>
                <![CDATA[org.testng.TestRunner@5b769bbb]]>
              </value>
            </param>
          </params>
          <reporter-output>
          </reporter-output>
        </test-method> <!-- setupMethod -->
        <test-method status="FAIL" signature="amtrak - find station()[pri:1000, instance:com.qmetry.qaf.automation.step.client.Scenario@3e8]" test-instance-name="amtrak - find station" name="amtrak - find station" duration-ms="12141" started-at="2016-10-25T06:44:03Z" finished-at="2016-10-25T06:44:15Z">
          <exception class="org.openqa.selenium.WebDriverException">
            <message>
              <![CDATA[Failed to execute command webpage.element click: clickElement command failed. Reason: handset server: Document unloaded while waiting for result
Command duration or timeout: 806 milliseconds
Build info: version: '2.53.0', revision: '35ae25b1534ae328c771e0856c93e187490ca824', time: '2016-03-15 10:43:46'
System info: host: 'UziMac', ip: '192.168.43.133', os.name: 'Mac OS X', os.arch: 'x86_64', os.version: '10.11.1', java.version: '1.8.0_45'
Driver info: com.qmetry.qaf.automation.ui.webdriver.QAFExtendedWebDriver
Capabilities [{rotatable=true, testGridReportUrl=https://beta.reporting-01.perfectomobile.com?externalId[0]=uzie@perfectomobile.com_RemoteWebDriver_16-10-25_10_44_04_5433, entityType=remote_web_driver, deviceName=F15118A63C51D54E3CEA474B32CFE2ECDAF1AB70, serverConnector=, platform=ANY, executionId=uzie@perfectomobile.com_RemoteWebDriver_16-10-25_10_44_04_5433, password=, webdriver.remote.sessionid=9617c47e-bb13-4e6b-9cba-1b18cfc9a7ad, automationName=Appium, host=beta.perfectomobile.com, singleTestReportUrl=https://beta.perfectomobile.com/nexperience/singletest/report/?reportRepositoryKey=PRIVATE:RemoteWebDriver/161025/RemoteWebDriver_16-10-25_10_44_04_5433.xml&ownerId=uzie@perfectomobile.com&sharingCode=4bb27218-f697-4e82-a0ce-e6b08052242a, locationContextEnabled=true, takesScreenshot=true, browserName=MobileOS, scriptName=RemoteWebDriver, javascriptEnabled=true, reportKey=PRIVATE:RemoteWebDriver/161025/RemoteWebDriver_16-10-25_10_44_04_5433.xml, windTunnelReportUrl=https://beta.perfectomobile.com/nexperience/singletest/report/?reportRepositoryKey=PRIVATE:RemoteWebDriver/161025/RemoteWebDriver_16-10-25_10_44_04_5433.xml&ownerId=uzie@perfectomobile.com&sharingCode=4bb27218-f697-4e82-a0ce-e6b08052242a, user=, cssSelectorsEnabled=true}]
Session ID: 9617c47e-bb13-4e6b-9cba-1b18cfc9a7ad]]>
            </message>
            <full-stacktrace>
              <![CDATA[org.openqa.selenium.WebDriverException: Failed to execute command webpage.element click: clickElement command failed. Reason: handset server: Document unloaded while waiting for result
Command duration or timeout: 806 milliseconds
Build info: version: '2.53.0', revision: '35ae25b1534ae328c771e0856c93e187490ca824', time: '2016-03-15 10:43:46'
System info: host: 'UziMac', ip: '192.168.43.133', os.name: 'Mac OS X', os.arch: 'x86_64', os.version: '10.11.1', java.version: '1.8.0_45'
Driver info: com.qmetry.qaf.automation.ui.webdriver.QAFExtendedWebDriver
Capabilities [{rotatable=true, testGridReportUrl=https://beta.reporting-01.perfectomobile.com?externalId[0]=uzie@perfectomobile.com_RemoteWebDriver_16-10-25_10_44_04_5433, entityType=remote_web_driver, deviceName=F15118A63C51D54E3CEA474B32CFE2ECDAF1AB70, serverConnector=, platform=ANY, executionId=uzie@perfectomobile.com_RemoteWebDriver_16-10-25_10_44_04_5433, password=, webdriver.remote.sessionid=9617c47e-bb13-4e6b-9cba-1b18cfc9a7ad, automationName=Appium, host=beta.perfectomobile.com, singleTestReportUrl=https://beta.perfectomobile.com/nexperience/singletest/report/?reportRepositoryKey=PRIVATE:RemoteWebDriver/161025/RemoteWebDriver_16-10-25_10_44_04_5433.xml&ownerId=uzie@perfectomobile.com&sharingCode=4bb27218-f697-4e82-a0ce-e6b08052242a, locationContextEnabled=true, takesScreenshot=true, browserName=MobileOS, scriptName=RemoteWebDriver, javascriptEnabled=true, reportKey=PRIVATE:RemoteWebDriver/161025/RemoteWebDriver_16-10-25_10_44_04_5433.xml, windTunnelReportUrl=https://beta.perfectomobile.com/nexperience/singletest/report/?reportRepositoryKey=PRIVATE:RemoteWebDriver/161025/RemoteWebDriver_16-10-25_10_44_04_5433.xml&ownerId=uzie@perfectomobile.com&sharingCode=4bb27218-f697-4e82-a0ce-e6b08052242a, user=, cssSelectorsEnabled=true}]
Session ID: 9617c47e-bb13-4e6b-9cba-1b18cfc9a7ad
	at .Then I click on "train.status"(scenarios/Amtrak.feature:6)
	at org.openqa.selenium.remote.ErrorHandler.createThrowable(ErrorHandler.java:206)
	at org.openqa.selenium.remote.ErrorHandler.throwIfResponseFailed(ErrorHandler.java:158)
	at org.openqa.selenium.remote.RemoteWebDriver.execute(RemoteWebDriver.java:678)
	at com.qmetry.qaf.automation.ui.webdriver.QAFExtendedWebDriver.executeWitoutLog(QAFExtendedWebDriver.java:244)
	at com.qmetry.qaf.automation.ui.webdriver.QAFExtendedWebElement.execute(QAFExtendedWebElement.java:240)
	at org.openqa.selenium.remote.RemoteWebElement.click(RemoteWebElement.java:85)
	at com.qmetry.qaf.automation.step.CommonStep.click(CommonStep.java:612)
	at com.sample.automation.common.steps.PerfectoApplicationSteps.iClick(PerfectoApplicationSteps.java:223)
	at com.qmetry.qaf.automation.step.JavaStep.doExecute(JavaStep.java:154)
	at com.qmetry.qaf.automation.step.BaseTestStep.execute(BaseTestStep.java:148)
	at com.qmetry.qaf.automation.step.StringTestStep.execute(StringTestStep.java:130)
	at com.qmetry.qaf.automation.step.client.Scenario.execute(Scenario.java:148)
	at com.qmetry.qaf.automation.step.client.Scenario.scenario(Scenario.java:196)
	at java.util.concurrent.FutureTask.run(FutureTask.java:266)
	at java.util.concurrent.ThreadPoolExecutor.runWorker(ThreadPoolExecutor.java:1142)
	at java.util.concurrent.ThreadPoolExecutor$Worker.run(ThreadPoolExecutor.java:617)
	at java.lang.Thread.run(Thread.java:745)
Caused by: org.openqa.selenium.remote.ScreenshotException: Screen shot has been taken
Build info: version: '2.53.0', revision: '35ae25b1534ae328c771e0856c93e187490ca824', time: '2016-03-15 10:43:46'
System info: host: 'UziMac', ip: '192.168.43.133', os.name: 'Mac OS X', os.arch: 'x86_64', os.version: '10.11.1', java.version: '1.8.0_45'
Driver info: driver.version: QAFExtendedWebDriver
	at org.openqa.selenium.remote.ErrorHandler.throwIfResponseFailed(ErrorHandler.java:138)
	at org.openqa.selenium.remote.RemoteWebDriver.execute(RemoteWebDriver.java:678)
	at com.qmetry.qaf.automation.ui.webdriver.QAFExtendedWebDriver.executeWitoutLog(QAFExtendedWebDriver.java:244)
	at com.qmetry.qaf.automation.ui.webdriver.QAFExtendedWebElement.execute(QAFExtendedWebElement.java:240)
	at org.openqa.selenium.remote.RemoteWebElement.click(RemoteWebElement.java:85)
	at com.qmetry.qaf.automation.step.CommonStep.click(CommonStep.java:612)
	at com.sample.automation.common.steps.PerfectoApplicationSteps.iClick(PerfectoApplicationSteps.java:223)
	at sun.reflect.NativeMethodAccessorImpl.invoke0(Native Method)
	at sun.reflect.NativeMethodAccessorImpl.invoke(NativeMethodAccessorImpl.java:62)
	at sun.reflect.DelegatingMethodAccessorImpl.invoke(DelegatingMethodAccessorImpl.java:43)
	at java.lang.reflect.Method.invoke(Method.java:497)
	at com.qmetry.qaf.automation.step.JavaStep.doExecute(JavaStep.java:154)
	at com.qmetry.qaf.automation.step.BaseTestStep.execute(BaseTestStep.java:148)
	at com.qmetry.qaf.automation.step.StringTestStep.execute(StringTestStep.java:130)
	at com.qmetry.qaf.automation.step.client.Scenario.execute(Scenario.java:148)
	at com.qmetry.qaf.automation.step.client.Scenario.scenario(Scenario.java:196)
	at sun.reflect.NativeMethodAccessorImpl.invoke0(Native Method)
	at sun.reflect.NativeMethodAccessorImpl.invoke(NativeMethodAccessorImpl.java:62)
	at sun.reflect.DelegatingMethodAccessorImpl.invoke(DelegatingMethodAccessorImpl.java:43)
	at java.lang.reflect.Method.invoke(Method.java:497)
	at org.testng.internal.MethodInvocationHelper.invokeMethod(MethodInvocationHelper.java:86)
	at org.testng.internal.Invoker.invokeMethod(Invoker.java:643)
	at org.testng.internal.Invoker.invokeTestMethod(Invoker.java:820)
	at org.testng.internal.Invoker.invokeTestMethods(Invoker.java:1128)
	at org.testng.internal.TestMethodWorker.invokeTestMethods(TestMethodWorker.java:129)
	at org.testng.internal.TestMethodWorker.run(TestMethodWorker.java:112)
	at org.testng.TestRunner.privateRun(TestRunner.java:806)
	at org.testng.TestRunner.run(TestRunner.java:656)
	at org.testng.SuiteRunner.runTest(SuiteRunner.java:366)
	at org.testng.SuiteRunner.access$000(SuiteRunner.java:39)
	at org.testng.SuiteRunner$SuiteWorker.run(SuiteRunner.java:400)
	at org.testng.internal.thread.ThreadUtil$2.call(ThreadUtil.java:64)
	... 4 more
Caused by: java.lang.RuntimeException: Failed to execute command webpage.element click: clickElement command failed. Reason: handset server: Document unloaded while waiting for result
	at com.perfectomobile.selenium.MobileEntity.processCommonResponse(MobileEntity.java:98)
	at com.perfectomobile.selenium.MobileDevice.processResponse(MobileDevice.java:510)
	at com.perfectomobile.selenium.MobileApplication.processResponse(MobileApplication.java:54)
	at com.perfectomobile.selenium.dom.MobileDOMApplication.processResponse(MobileDOMApplication.java:463)
	at com.perfectomobile.selenium.MobileElement.processResponse(MobileElement.java:82)
	at com.perfectomobile.selenium.MobileEntity.executeCommand(MobileEntity.java:57)
	at com.perfectomobile.selenium.MobileEntity.executeCommand(MobileEntity.java:50)
	at com.perfectomobile.selenium.MobileElement.click(MobileElement.java:144)
	at sun.reflect.GeneratedMethodAccessor2187.invoke(Unknown Source)
	at sun.reflect.DelegatingMethodAccessorImpl.invoke(DelegatingMethodAccessorImpl.java:43)
	at java.lang.reflect.Method.invoke(Method.java:498)
	at org.openqa.selenium.support.events.EventFiringWebDriver$EventFiringWebElement$1.invoke(EventFiringWebDriver.java:334)
	at com.sun.proxy.$Proxy283.click(Unknown Source)
	at org.openqa.selenium.support.events.EventFiringWebDriver$EventFiringWebElement.click(EventFiringWebDriver.java:347)
	at sun.reflect.GeneratedMethodAccessor2187.invoke(Unknown Source)
	at sun.reflect.DelegatingMethodAccessorImpl.invoke(DelegatingMethodAccessorImpl.java:43)
	at java.lang.reflect.Method.invoke(Method.java:498)
	at org.openqa.selenium.remote.server.KnownElements$1.invoke(KnownElements.java:64)
	at com.sun.proxy.$Proxy284.click(Unknown Source)
	at org.openqa.selenium.remote.server.handler.ClickElement.call(ClickElement.java:30)
	at org.openqa.selenium.remote.server.handler.ClickElement.call(ClickElement.java:22)
	at java.util.concurrent.FutureTask.run(FutureTask.java:266)
	at org.openqa.selenium.remote.server.MobileDefaultSession$1.run(MobileDefaultSession.java:182)
	... 3 more
]]>
            </full-stacktrace>
          </exception> <!-- org.openqa.selenium.WebDriverException -->
          <reporter-output>
            <line>
              <![CDATA[<div style="display:block;margin-left:10px;"><div  class="teststeppass"><span class="teststeppass-label">T </span>Given I open browser to webpage "http://amtrak.com"</div><div  class="teststepfail"><span class="teststepfail-label">T </span>Then I click on "train.status" <a href="img/amtrak - find station_1ur0h4yoddpcr21478.png" target="_blank">[View Screenshot]</a> </div><div style="display:block;margin-left:10px;"><div  class="fail"><span class="fail-label">F </span>Failed to execute command webpage.element click: clickElement command failed. Reason: handset server: Document unloaded while waiting for result
Command duration or timeout: 806 milliseconds
Build info: version: '2.53.0', revision: '35ae25b1534ae328c771e0856c93e187490ca824', time: '2016-03-15 10:43:46'
System info: host: 'UziMac', ip: '192.168.43.133', os.name: 'Mac OS X', os.arch: 'x86_64', os.version: '10.11.1', java.version: '1.8.0_45'
Driver info: com.qmetry.qaf.automation.ui.webdriver.QAFExtendedWebDriver
Capabilities [{rotatable=true, testGridReportUrl=https://beta.reporting-01.perfectomobile.com?externalId[0]=uzie@perfectomobile.com_RemoteWebDriver_16-10-25_10_44_04_5433, entityType=remote_web_driver, deviceName=F15118A63C51D54E3CEA474B32CFE2ECDAF1AB70, serverConnector=, platform=ANY, executionId=uzie@perfectomobile.com_RemoteWebDriver_16-10-25_10_44_04_5433, password=, webdriver.remote.sessionid=9617c47e-bb13-4e6b-9cba-1b18cfc9a7ad, automationName=Appium, host=beta.perfectomobile.com, singleTestReportUrl=https://beta.perfectomobile.com/nexperience/singletest/report/?reportRepositoryKey=PRIVATE:RemoteWebDriver/161025/RemoteWebDriver_16-10-25_10_44_04_5433.xml&ownerId=uzie@perfectomobile.com&sharingCode=4bb27218-f697-4e82-a0ce-e6b08052242a, locationContextEnabled=true, takesScreenshot=true, browserName=MobileOS, scriptName=RemoteWebDriver, javascriptEnabled=true, reportKey=PRIVATE:RemoteWebDriver/161025/RemoteWebDriver_16-10-25_10_44_04_5433.xml, windTunnelReportUrl=https://beta.perfectomobile.com/nexperience/singletest/report/?reportRepositoryKey=PRIVATE:RemoteWebDriver/161025/RemoteWebDriver_16-10-25_10_44_04_5433.xml&ownerId=uzie@perfectomobile.com&sharingCode=4bb27218-f697-4e82-a0ce-e6b08052242a, user=, cssSelectorsEnabled=true}]
Session ID: 9617c47e-bb13-4e6b-9cba-1b18cfc9a7ad</div></div><div  class="teststep"><span class="teststep-label">T </span>Then I click on "find.Station"</div><div  class="teststep"><span class="teststep-label">T </span>Then I click on "Station.abl"</div><div  class="teststep"><span class="teststep-label">T </span>Then I enter "45" to "bus.number"</div><div  class="teststep"><span class="teststep-label">T </span>Then I click on "status.button"</div></div>]]>
            </line>
          </reporter-output>
        </test-method> <!-- amtrak - find station -->
        <test-method status="PASS" signature="afterMethod(org.testng.ITestContext, org.testng.ITestResult)[pri:0, instance:com.qmetry.qaf.automation.step.client.Scenario@3e9]" test-instance-name="amtrak - find station" name="afterMethod" is-config="true" duration-ms="1" started-at="2016-10-25T06:44:17Z" finished-at="2016-10-25T06:44:17Z">
          <params>
            <param index="0">
              <value>
                <![CDATA[org.testng.TestRunner@5b769bbb]]>
              </value>
            </param>
            <param index="1">
              <value>
                <![CDATA[[TestResult name=amtrak - find station status=FAILURE method=scenarios.Amtrak.feature.amtrak - find station()[pri:1000, instance:com.qmetry.qaf.automation.step.client.Scenario@3e8] output=<div style="display:block;margin-left:10px;"><div  class="teststeppass"><span class="teststeppass-label">T </span>Given I open browser to webpage "http://amtrak.com"</div><div  class="teststepfail"><span class="teststepfail-label">T </span>Then I click on "train.status" <a href="img/amtrak - find station_1ur0h4yoddpcr21478.png" target="_blank">[View Screenshot]</a> </div><div style="display:block;margin-left:10px;"><div  class="fail"><span class="fail-label">F </span>Failed to execute command webpage.element click: clickElement command failed. Reason: handset server: Document unloaded while waiting for result
Command duration or timeout: 806 milliseconds
Build info: version: '2.53.0', revision: '35ae25b1534ae328c771e0856c93e187490ca824', time: '2016-03-15 10:43:46'
System info: host: 'UziMac', ip: '192.168.43.133', os.name: 'Mac OS X', os.arch: 'x86_64', os.version: '10.11.1', java.version: '1.8.0_45'
Driver info: com.qmetry.qaf.automation.ui.webdriver.QAFExtendedWebDriver
Capabilities [{rotatable=true, testGridReportUrl=https://beta.reporting-01.perfectomobile.com?externalId[0]=uzie@perfectomobile.com_RemoteWebDriver_16-10-25_10_44_04_5433, entityType=remote_web_driver, deviceName=F15118A63C51D54E3CEA474B32CFE2ECDAF1AB70, serverConnector=, platform=ANY, executionId=uzie@perfectomobile.com_RemoteWebDriver_16-10-25_10_44_04_5433, password=, webdriver.remote.sessionid=9617c47e-bb13-4e6b-9cba-1b18cfc9a7ad, automationName=Appium, host=beta.perfectomobile.com, singleTestReportUrl=https://beta.perfectomobile.com/nexperience/singletest/report/?reportRepositoryKey=PRIVATE:RemoteWebDriver/161025/RemoteWebDriver_16-10-25_10_44_04_5433.xml&ownerId=uzie@perfectomobile.com&sharingCode=4bb27218-f697-4e82-a0ce-e6b08052242a, locationContextEnabled=true, takesScreenshot=true, browserName=MobileOS, scriptName=RemoteWebDriver, javascriptEnabled=true, reportKey=PRIVATE:RemoteWebDriver/161025/RemoteWebDriver_16-10-25_10_44_04_5433.xml, windTunnelReportUrl=https://beta.perfectomobile.com/nexperience/singletest/report/?reportRepositoryKey=PRIVATE:RemoteWebDriver/161025/RemoteWebDriver_16-10-25_10_44_04_5433.xml&ownerId=uzie@perfectomobile.com&sharingCode=4bb27218-f697-4e82-a0ce-e6b08052242a, user=, cssSelectorsEnabled=true}]
Session ID: 9617c47e-bb13-4e6b-9cba-1b18cfc9a7ad</div></div><div  class="teststep"><span class="teststep-label">T </span>Then I click on "find.Station"</div><div  class="teststep"><span class="teststep-label">T </span>Then I click on "Station.abl"</div><div  class="teststep"><span class="teststep-label">T </span>Then I enter "45" to "bus.number"</div><div  class="teststep"><span class="teststep-label">T </span>Then I click on "status.button"</div></div>]]]>
              </value>
            </param>
          </params>
          <reporter-output>
          </reporter-output>
        </test-method> <!-- afterMethod -->
        <test-method status="PASS" signature="afterClass(org.testng.ITestContext)[pri:0, instance:com.qmetry.qaf.automation.step.client.Scenario@3e9]" test-instance-name="amtrak - find station" name="afterClass" is-config="true" duration-ms="0" started-at="2016-10-25T06:44:17Z" finished-at="2016-10-25T06:44:17Z">
          <params>
            <param index="0">
              <value>
                <![CDATA[org.testng.TestRunner@5b769bbb]]>
              </value>
            </param>
          </params>
          <reporter-output>
          </reporter-output>
        </test-method> <!-- afterClass -->
        <test-method status="PASS" signature="setup(org.testng.ITestContext)[pri:0, instance:com.qmetry.qaf.automation.step.client.Scenario@3e9]" test-instance-name="amtrak - buy ticket" name="setup" is-config="true" duration-ms="0" started-at="2016-10-25T06:44:17Z" finished-at="2016-10-25T06:44:17Z">
          <params>
            <param index="0">
              <value>
                <![CDATA[org.testng.TestRunner@5b769bbb]]>
              </value>
            </param>
          </params>
          <reporter-output>
          </reporter-output>
        </test-method> <!-- setup -->
        <test-method status="PASS" signature="setupMethod(java.lang.reflect.Method, org.testng.ITestContext)[pri:0, instance:com.qmetry.qaf.automation.step.client.Scenario@3e9]" test-instance-name="amtrak - buy ticket" name="setupMethod" is-config="true" duration-ms="0" started-at="2016-10-25T06:44:17Z" finished-at="2016-10-25T06:44:17Z">
          <params>
            <param index="0">
              <value>
                <![CDATA[public void com.qmetry.qaf.automation.step.client.Scenario.scenario()]]>
              </value>
            </param>
            <param index="1">
              <value>
                <![CDATA[org.testng.TestRunner@5b769bbb]]>
              </value>
            </param>
          </params>
          <reporter-output>
          </reporter-output>
        </test-method> <!-- setupMethod -->
        <test-method status="PASS" signature="amtrak - buy ticket()[pri:1001, instance:com.qmetry.qaf.automation.step.client.Scenario@3e9]" test-instance-name="amtrak - buy ticket" name="amtrak - buy ticket" duration-ms="23472" started-at="2016-10-25T06:44:17Z" finished-at="2016-10-25T06:44:40Z">
          <reporter-output>
            <line>
              <![CDATA[<div style="display:block;margin-left:10px;"><div  class="teststeppass"><span class="teststeppass-label">T </span>Given I open browser to webpage "http://amtrak.com"</div><div  class="teststeppass"><span class="teststeppass-label">T </span>Then I wait 20 seconds for "buy.ticket" to appear</div><div  class="teststeppass"><span class="teststeppass-label">T </span>Then I click on "buy.ticket"</div><div  class="teststeppass"><span class="teststeppass-label">T </span>Then I enter "NYP" to "ticket.from"</div><div  class="teststeppass"><span class="teststeppass-label">T </span>Then I enter "BBY" to "ticket.to"</div><div  class="teststeppass"><span class="teststeppass-label">T </span>Then I scroll down</div><div  class="teststeppass"><span class="teststeppass-label">T </span>Then I click on "find.train"</div><div  class="teststeppass"><span class="teststeppass-label">T </span>Then I wait for "2" seconds</div><div  class="teststeppass"><span class="teststeppass-label">T </span>Then I click on "continue"</div><div  class="teststeppass"><span class="teststeppass-label">T </span>Then I must see text "Departure"</div><div  class="teststeppass"><span class="teststeppass-label">T </span>Then I should see text "Departure"</div><div style="display:block;margin-left:10px;"><div  class="pass"><span class="pass-label">P </span>
Expected: "true"
     Actual: was "true" <a href="img/amtrak - find station_1ur0h4yoddpcr21478.png" target="_blank">[View Screenshot]</a> </div></div></div>]]>
            </line>
          </reporter-output>
        </test-method> <!-- amtrak - buy ticket -->
        <test-method status="PASS" signature="afterMethod(org.testng.ITestContext, org.testng.ITestResult)[pri:0, instance:com.qmetry.qaf.automation.step.client.Scenario@3e9]" test-instance-name="amtrak - buy ticket" name="afterMethod" is-config="true" duration-ms="0" started-at="2016-10-25T06:44:40Z" finished-at="2016-10-25T06:44:40Z">
          <params>
            <param index="0">
              <value>
                <![CDATA[org.testng.TestRunner@5b769bbb]]>
              </value>
            </param>
            <param index="1">
              <value>
                <![CDATA[[TestResult name=amtrak - buy ticket status=SUCCESS method=scenarios.Amtrak.feature.amtrak - buy ticket()[pri:1001, instance:com.qmetry.qaf.automation.step.client.Scenario@3e9] output=<div style="display:block;margin-left:10px;"><div  class="teststeppass"><span class="teststeppass-label">T </span>Given I open browser to webpage "http://amtrak.com"</div><div  class="teststeppass"><span class="teststeppass-label">T </span>Then I wait 20 seconds for "buy.ticket" to appear</div><div  class="teststeppass"><span class="teststeppass-label">T </span>Then I click on "buy.ticket"</div><div  class="teststeppass"><span class="teststeppass-label">T </span>Then I enter "NYP" to "ticket.from"</div><div  class="teststeppass"><span class="teststeppass-label">T </span>Then I enter "BBY" to "ticket.to"</div><div  class="teststeppass"><span class="teststeppass-label">T </span>Then I scroll down</div><div  class="teststeppass"><span class="teststeppass-label">T </span>Then I click on "find.train"</div><div  class="teststeppass"><span class="teststeppass-label">T </span>Then I wait for "2" seconds</div><div  class="teststeppass"><span class="teststeppass-label">T </span>Then I click on "continue"</div><div  class="teststeppass"><span class="teststeppass-label">T </span>Then I must see text "Departure"</div><div  class="teststeppass"><span class="teststeppass-label">T </span>Then I should see text "Departure"</div><div style="display:block;margin-left:10px;"><div  class="pass"><span class="pass-label">P </span>
Expected: "true"
     Actual: was "true" <a href="img/amtrak - find station_1ur0h4yoddpcr21478.png" target="_blank">[View Screenshot]</a> </div></div></div>]]]>
              </value>
            </param>
          </params>
          <reporter-output>
          </reporter-output>
        </test-method> <!-- afterMethod -->
        <test-method status="PASS" signature="afterClass(org.testng.ITestContext)[pri:0, instance:com.qmetry.qaf.automation.step.client.Scenario@3e9]" test-instance-name="amtrak - buy ticket" name="afterClass" is-config="true" duration-ms="1" started-at="2016-10-25T06:44:40Z" finished-at="2016-10-25T06:44:40Z">
          <params>
            <param index="0">
              <value>
                <![CDATA[org.testng.TestRunner@5b769bbb]]>
              </value>
            </param>
          </params>
          <reporter-output>
          </reporter-output>
        </test-method> <!-- afterClass -->
        <test-method status="PASS" signature="afterTest(org.testng.ITestContext)[pri:0, instance:com.qmetry.qaf.automation.step.client.Scenario@3e9]" test-instance-name="amtrak - find station" name="afterTest" is-config="true" duration-ms="9728" started-at="2016-10-25T06:45:11Z" finished-at="2016-10-25T06:45:21Z">
          <params>
            <param index="0">
              <value>
                <![CDATA[org.testng.TestRunner@5b769bbb]]>
              </value>
            </param>
          </params>
          <reporter-output>
          </reporter-output>
        </test-method> <!-- afterTest -->
      </class> <!-- com.qmetry.qaf.automation.step.client.Scenario -->
      <class name="com.qmetry.qaf.automation.step.client.DataDrivenScenario">
        <test-method status="PASS" signature="setup(org.testng.ITestContext)[pri:0, instance:com.qmetry.qaf.automation.step.client.DataDrivenScenario@3ea]" test-instance-name="Amtrak-DT" name="setup" is-config="true" duration-ms="0" started-at="2016-10-25T06:44:40Z" finished-at="2016-10-25T06:44:40Z">
          <params>
            <param index="0">
              <value>
                <![CDATA[org.testng.TestRunner@5b769bbb]]>
              </value>
            </param>
          </params>
          <reporter-output>
          </reporter-output>
        </test-method> <!-- setup -->
        <test-method status="PASS" signature="Amtrak-DT( java.util.Map)[pri:1002, instance:com.qmetry.qaf.automation.step.client.DataDrivenScenario@3ea]" test-instance-name="Amtrak-DT" name="Amtrak-DT" duration-ms="13793" started-at="2016-10-25T06:44:40Z" data-provider="scenariodp" finished-at="2016-10-25T06:44:54Z">
          <params>
            <param index="0">
              <value>
                <![CDATA[{number=20}]]>
              </value>
            </param>
          </params>
          <reporter-output>
            <line>
              <![CDATA[<div style="display:block;margin-left:10px;"><div  class="teststeppass"><span class="teststeppass-label">T </span>Given I open browser to webpage "http://amtrak.com"</div><div  class="teststeppass"><span class="teststeppass-label">T </span>Then I click on "train.status"</div><div  class="teststeppass"><span class="teststeppass-label">T </span>Then I click on "find.Station"</div><div  class="teststeppass"><span class="teststeppass-label">T </span>Then I click on "Station.abl"</div><div  class="teststeppass"><span class="teststeppass-label">T </span>Then I enter "20" to "bus.number"</div><div  class="teststeppass"><span class="teststeppass-label">T </span>Then I click on "status.button"</div></div>]]>
            </line>
          </reporter-output>
        </test-method> <!-- Amtrak-DT -->
        <test-method status="PASS" signature="setupMethod(java.lang.reflect.Method, org.testng.ITestContext)[pri:0, instance:com.qmetry.qaf.automation.step.client.DataDrivenScenario@3ea]" test-instance-name="Amtrak-DT" name="setupMethod" is-config="true" duration-ms="0" started-at="2016-10-25T06:44:40Z" finished-at="2016-10-25T06:44:40Z">
          <params>
            <param index="0">
              <value>
                <![CDATA[public void com.qmetry.qaf.automation.step.client.DataDrivenScenario.scenario(java.util.Map)]]>
              </value>
            </param>
            <param index="1">
              <value>
                <![CDATA[org.testng.TestRunner@5b769bbb]]>
              </value>
            </param>
          </params>
          <reporter-output>
          </reporter-output>
        </test-method> <!-- setupMethod -->
        <test-method status="PASS" signature="afterMethod(org.testng.ITestContext, org.testng.ITestResult)[pri:0, instance:com.qmetry.qaf.automation.step.client.DataDrivenScenario@3ea]" test-instance-name="Amtrak-DT" name="afterMethod" is-config="true" duration-ms="0" started-at="2016-10-25T06:44:54Z" finished-at="2016-10-25T06:44:54Z">
          <params>
            <param index="0">
              <value>
                <![CDATA[org.testng.TestRunner@5b769bbb]]>
              </value>
            </param>
            <param index="1">
              <value>
                <![CDATA[[TestResult name=Amtrak-DT status=SUCCESS method=scenarios.Amtrak.feature.Amtrak-DT( java.util.Map)[pri:1002, instance:com.qmetry.qaf.automation.step.client.DataDrivenScenario@3ea] output=<div style="display:block;margin-left:10px;"><div  class="teststeppass"><span class="teststeppass-label">T </span>Given I open browser to webpage "http://amtrak.com"</div><div  class="teststeppass"><span class="teststeppass-label">T </span>Then I click on "train.status"</div><div  class="teststeppass"><span class="teststeppass-label">T </span>Then I click on "find.Station"</div><div  class="teststeppass"><span class="teststeppass-label">T </span>Then I click on "Station.abl"</div><div  class="teststeppass"><span class="teststeppass-label">T </span>Then I enter "20" to "bus.number"</div><div  class="teststeppass"><span class="teststeppass-label">T </span>Then I click on "status.button"</div></div>]]]>
              </value>
            </param>
          </params>
          <reporter-output>
          </reporter-output>
        </test-method> <!-- afterMethod -->
        <test-method status="PASS" signature="setupMethod(java.lang.reflect.Method, org.testng.ITestContext)[pri:0, instance:com.qmetry.qaf.automation.step.client.DataDrivenScenario@3ea]" test-instance-name="Amtrak-DT" name="setupMethod" is-config="true" duration-ms="0" started-at="2016-10-25T06:44:54Z" finished-at="2016-10-25T06:44:54Z">
          <params>
            <param index="0">
              <value>
                <![CDATA[public void com.qmetry.qaf.automation.step.client.DataDrivenScenario.scenario(java.util.Map)]]>
              </value>
            </param>
            <param index="1">
              <value>
                <![CDATA[org.testng.TestRunner@5b769bbb]]>
              </value>
            </param>
          </params>
          <reporter-output>
          </reporter-output>
        </test-method> <!-- setupMethod -->
        <test-method status="PASS" signature="Amtrak-DT( java.util.Map)[pri:1002, instance:com.qmetry.qaf.automation.step.client.DataDrivenScenario@3ea]" test-instance-name="Amtrak-DT" name="Amtrak-DT" duration-ms="16606" started-at="2016-10-25T06:44:54Z" data-provider="scenariodp" finished-at="2016-10-25T06:45:11Z">
          <params>
            <param index="0">
              <value>
                <![CDATA[{number=30}]]>
              </value>
            </param>
          </params>
          <reporter-output>
            <line>
              <![CDATA[<div style="display:block;margin-left:10px;"><div  class="teststeppass"><span class="teststeppass-label">T </span>Given I open browser to webpage "http://amtrak.com"</div><div  class="teststeppass"><span class="teststeppass-label">T </span>Then I click on "train.status"</div><div  class="teststeppass"><span class="teststeppass-label">T </span>Then I click on "find.Station"</div><div  class="teststeppass"><span class="teststeppass-label">T </span>Then I click on "Station.abl"</div><div  class="teststeppass"><span class="teststeppass-label">T </span>Then I enter "30" to "bus.number"</div><div  class="teststeppass"><span class="teststeppass-label">T </span>Then I click on "status.button"</div></div>]]>
            </line>
          </reporter-output>
        </test-method> <!-- Amtrak-DT -->
        <test-method status="PASS" signature="afterClass(org.testng.ITestContext)[pri:0, instance:com.qmetry.qaf.automation.step.client.DataDrivenScenario@3ea]" test-instance-name="Amtrak-DT" name="afterClass" is-config="true" duration-ms="0" started-at="2016-10-25T06:45:11Z" finished-at="2016-10-25T06:45:11Z">
          <params>
            <param index="0">
              <value>
                <![CDATA[org.testng.TestRunner@5b769bbb]]>
              </value>
            </param>
          </params>
          <reporter-output>
          </reporter-output>
        </test-method> <!-- afterClass -->
        <test-method status="PASS" signature="afterMethod(org.testng.ITestContext, org.testng.ITestResult)[pri:0, instance:com.qmetry.qaf.automation.step.client.DataDrivenScenario@3ea]" test-instance-name="Amtrak-DT" name="afterMethod" is-config="true" duration-ms="0" started-at="2016-10-25T06:45:11Z" finished-at="2016-10-25T06:45:11Z">
          <params>
            <param index="0">
              <value>
                <![CDATA[org.testng.TestRunner@5b769bbb]]>
              </value>
            </param>
            <param index="1">
              <value>
                <![CDATA[[TestResult name=Amtrak-DT status=SUCCESS method=scenarios.Amtrak.feature.Amtrak-DT( java.util.Map)[pri:1002, instance:com.qmetry.qaf.automation.step.client.DataDrivenScenario@3ea] output=<div style="display:block;margin-left:10px;"><div  class="teststeppass"><span class="teststeppass-label">T </span>Given I open browser to webpage "http://amtrak.com"</div><div  class="teststeppass"><span class="teststeppass-label">T </span>Then I click on "train.status"</div><div  class="teststeppass"><span class="teststeppass-label">T </span>Then I click on "find.Station"</div><div  class="teststeppass"><span class="teststeppass-label">T </span>Then I click on "Station.abl"</div><div  class="teststeppass"><span class="teststeppass-label">T </span>Then I enter "30" to "bus.number"</div><div  class="teststeppass"><span class="teststeppass-label">T </span>Then I click on "status.button"</div></div>]]]>
              </value>
            </param>
          </params>
          <reporter-output>
          </reporter-output>
        </test-method> <!-- afterMethod -->
      </class> <!-- com.qmetry.qaf.automation.step.client.DataDrivenScenario -->
    </test> <!-- amtrck d1 -->
    <test name="amtrck d2" duration-ms="122637" started-at="2016-10-25T10:44:03Z" finished-at="2016-10-25T10:46:06Z">
      <class name="com.qmetry.qaf.automation.step.client.Scenario">
        <test-method status="PASS" signature="setupSuit(org.testng.ITestContext)[pri:0, instance:com.qmetry.qaf.automation.step.client.Scenario@3ec]" test-instance-name="amtrak - find station" name="setupSuit" is-config="true" duration-ms="12" started-at="2016-10-25T06:44:03Z" finished-at="2016-10-25T06:44:03Z">
          <params>
            <param index="0">
              <value>
                <![CDATA[org.testng.TestRunner@6dbb137d]]>
              </value>
            </param>
          </params>
          <reporter-output>
          </reporter-output>
        </test-method> <!-- setupSuit -->
        <test-method status="PASS" signature="setupTest(org.testng.ITestContext)[pri:0, instance:com.qmetry.qaf.automation.step.client.Scenario@3ec]" test-instance-name="amtrak - find station" name="setupTest" is-config="true" duration-ms="2" started-at="2016-10-25T06:44:03Z" finished-at="2016-10-25T06:44:03Z">
          <params>
            <param index="0">
              <value>
                <![CDATA[org.testng.TestRunner@6dbb137d]]>
              </value>
            </param>
          </params>
          <reporter-output>
          </reporter-output>
        </test-method> <!-- setupTest -->
        <test-method status="PASS" signature="setup(org.testng.ITestContext)[pri:0, instance:com.qmetry.qaf.automation.step.client.Scenario@3ec]" test-instance-name="amtrak - find station" name="setup" is-config="true" duration-ms="0" started-at="2016-10-25T06:44:03Z" finished-at="2016-10-25T06:44:03Z">
          <params>
            <param index="0">
              <value>
                <![CDATA[org.testng.TestRunner@6dbb137d]]>
              </value>
            </param>
          </params>
          <reporter-output>
          </reporter-output>
        </test-method> <!-- setup -->
        <test-method status="PASS" signature="setupMethod(java.lang.reflect.Method, org.testng.ITestContext)[pri:0, instance:com.qmetry.qaf.automation.step.client.Scenario@3ec]" test-instance-name="amtrak - find station" name="setupMethod" is-config="true" duration-ms="0" started-at="2016-10-25T06:44:03Z" finished-at="2016-10-25T06:44:03Z">
          <params>
            <param index="0">
              <value>
                <![CDATA[public void com.qmetry.qaf.automation.step.client.Scenario.scenario()]]>
              </value>
            </param>
            <param index="1">
              <value>
                <![CDATA[org.testng.TestRunner@6dbb137d]]>
              </value>
            </param>
          </params>
          <reporter-output>
          </reporter-output>
        </test-method> <!-- setupMethod -->
        <test-method status="PASS" signature="amtrak - find station()[pri:1003, instance:com.qmetry.qaf.automation.step.client.Scenario@3eb]" test-instance-name="amtrak - find station" name="amtrak - find station" duration-ms="24588" started-at="2016-10-25T06:44:03Z" finished-at="2016-10-25T06:44:28Z">
          <reporter-output>
            <line>
              <![CDATA[<div style="display:block;margin-left:10px;"><div  class="teststeppass"><span class="teststeppass-label">T </span>Given I open browser to webpage "http://amtrak.com"</div><div  class="teststeppass"><span class="teststeppass-label">T </span>Then I click on "train.status"</div><div  class="teststeppass"><span class="teststeppass-label">T </span>Then I click on "find.Station"</div><div  class="teststeppass"><span class="teststeppass-label">T </span>Then I click on "Station.abl"</div><div  class="teststeppass"><span class="teststeppass-label">T </span>Then I enter "45" to "bus.number"</div><div  class="teststeppass"><span class="teststeppass-label">T </span>Then I click on "status.button"</div></div>]]>
            </line>
          </reporter-output>
        </test-method> <!-- amtrak - find station -->
        <test-method status="PASS" signature="afterClass(org.testng.ITestContext)[pri:0, instance:com.qmetry.qaf.automation.step.client.Scenario@3ec]" test-instance-name="amtrak - find station" name="afterClass" is-config="true" duration-ms="0" started-at="2016-10-25T06:44:28Z" finished-at="2016-10-25T06:44:28Z">
          <params>
            <param index="0">
              <value>
                <![CDATA[org.testng.TestRunner@6dbb137d]]>
              </value>
            </param>
          </params>
          <reporter-output>
          </reporter-output>
        </test-method> <!-- afterClass -->
        <test-method status="PASS" signature="setup(org.testng.ITestContext)[pri:0, instance:com.qmetry.qaf.automation.step.client.Scenario@3ec]" test-instance-name="amtrak - buy ticket" name="setup" is-config="true" duration-ms="0" started-at="2016-10-25T06:44:28Z" finished-at="2016-10-25T06:44:28Z">
          <params>
            <param index="0">
              <value>
                <![CDATA[org.testng.TestRunner@6dbb137d]]>
              </value>
            </param>
          </params>
          <reporter-output>
          </reporter-output>
        </test-method> <!-- setup -->
        <test-method status="PASS" signature="afterMethod(org.testng.ITestContext, org.testng.ITestResult)[pri:0, instance:com.qmetry.qaf.automation.step.client.Scenario@3ec]" test-instance-name="amtrak - find station" name="afterMethod" is-config="true" duration-ms="0" started-at="2016-10-25T06:44:28Z" finished-at="2016-10-25T06:44:28Z">
          <params>
            <param index="0">
              <value>
                <![CDATA[org.testng.TestRunner@6dbb137d]]>
              </value>
            </param>
            <param index="1">
              <value>
                <![CDATA[[TestResult name=amtrak - find station status=SUCCESS method=scenarios.Amtrak.feature.amtrak - find station()[pri:1003, instance:com.qmetry.qaf.automation.step.client.Scenario@3eb] output=<div style="display:block;margin-left:10px;"><div  class="teststeppass"><span class="teststeppass-label">T </span>Given I open browser to webpage "http://amtrak.com"</div><div  class="teststeppass"><span class="teststeppass-label">T </span>Then I click on "train.status"</div><div  class="teststeppass"><span class="teststeppass-label">T </span>Then I click on "find.Station"</div><div  class="teststeppass"><span class="teststeppass-label">T </span>Then I click on "Station.abl"</div><div  class="teststeppass"><span class="teststeppass-label">T </span>Then I enter "45" to "bus.number"</div><div  class="teststeppass"><span class="teststeppass-label">T </span>Then I click on "status.button"</div></div>]]]>
              </value>
            </param>
          </params>
          <reporter-output>
          </reporter-output>
        </test-method> <!-- afterMethod -->
        <test-method status="PASS" signature="setupMethod(java.lang.reflect.Method, org.testng.ITestContext)[pri:0, instance:com.qmetry.qaf.automation.step.client.Scenario@3ec]" test-instance-name="amtrak - buy ticket" name="setupMethod" is-config="true" duration-ms="0" started-at="2016-10-25T06:44:28Z" finished-at="2016-10-25T06:44:28Z">
          <params>
            <param index="0">
              <value>
                <![CDATA[public void com.qmetry.qaf.automation.step.client.Scenario.scenario()]]>
              </value>
            </param>
            <param index="1">
              <value>
                <![CDATA[org.testng.TestRunner@6dbb137d]]>
              </value>
            </param>
          </params>
          <reporter-output>
          </reporter-output>
        </test-method> <!-- setupMethod -->
        <test-method status="PASS" signature="amtrak - buy ticket()[pri:1004, instance:com.qmetry.qaf.automation.step.client.Scenario@3ec]" test-instance-name="amtrak - buy ticket" name="amtrak - buy ticket" duration-ms="29142" started-at="2016-10-25T06:44:28Z" finished-at="2016-10-25T06:44:57Z">
          <reporter-output>
            <line>
              <![CDATA[<div style="display:block;margin-left:10px;"><div  class="teststeppass"><span class="teststeppass-label">T </span>Given I open browser to webpage "http://amtrak.com"</div><div  class="teststeppass"><span class="teststeppass-label">T </span>Then I wait 20 seconds for "buy.ticket" to appear</div><div  class="teststeppass"><span class="teststeppass-label">T </span>Then I click on "buy.ticket"</div><div  class="teststeppass"><span class="teststeppass-label">T </span>Then I enter "NYP" to "ticket.from"</div><div  class="teststeppass"><span class="teststeppass-label">T </span>Then I enter "BBY" to "ticket.to"</div><div  class="teststeppass"><span class="teststeppass-label">T </span>Then I scroll down</div><div  class="teststeppass"><span class="teststeppass-label">T </span>Then I click on "find.train"</div><div  class="teststeppass"><span class="teststeppass-label">T </span>Then I wait for "2" seconds</div><div  class="teststeppass"><span class="teststeppass-label">T </span>Then I click on "continue"</div><div  class="teststeppass"><span class="teststeppass-label">T </span>Then I must see text "Departure"</div><div  class="teststeppass"><span class="teststeppass-label">T </span>Then I should see text "Departure"</div><div style="display:block;margin-left:10px;"><div  class="pass"><span class="pass-label">P </span>
Expected: "true"
     Actual: was "true" <a href="img/amtrak - buy ticket_kgc9h26w0xyy21479.png" target="_blank">[View Screenshot]</a> </div></div></div>]]>
            </line>
          </reporter-output>
        </test-method> <!-- amtrak - buy ticket -->
        <test-method status="PASS" signature="afterMethod(org.testng.ITestContext, org.testng.ITestResult)[pri:0, instance:com.qmetry.qaf.automation.step.client.Scenario@3ec]" test-instance-name="amtrak - buy ticket" name="afterMethod" is-config="true" duration-ms="0" started-at="2016-10-25T06:44:57Z" finished-at="2016-10-25T06:44:57Z">
          <params>
            <param index="0">
              <value>
                <![CDATA[org.testng.TestRunner@6dbb137d]]>
              </value>
            </param>
            <param index="1">
              <value>
                <![CDATA[[TestResult name=amtrak - buy ticket status=SUCCESS method=scenarios.Amtrak.feature.amtrak - buy ticket()[pri:1004, instance:com.qmetry.qaf.automation.step.client.Scenario@3ec] output=<div style="display:block;margin-left:10px;"><div  class="teststeppass"><span class="teststeppass-label">T </span>Given I open browser to webpage "http://amtrak.com"</div><div  class="teststeppass"><span class="teststeppass-label">T </span>Then I wait 20 seconds for "buy.ticket" to appear</div><div  class="teststeppass"><span class="teststeppass-label">T </span>Then I click on "buy.ticket"</div><div  class="teststeppass"><span class="teststeppass-label">T </span>Then I enter "NYP" to "ticket.from"</div><div  class="teststeppass"><span class="teststeppass-label">T </span>Then I enter "BBY" to "ticket.to"</div><div  class="teststeppass"><span class="teststeppass-label">T </span>Then I scroll down</div><div  class="teststeppass"><span class="teststeppass-label">T </span>Then I click on "find.train"</div><div  class="teststeppass"><span class="teststeppass-label">T </span>Then I wait for "2" seconds</div><div  class="teststeppass"><span class="teststeppass-label">T </span>Then I click on "continue"</div><div  class="teststeppass"><span class="teststeppass-label">T </span>Then I must see text "Departure"</div><div  class="teststeppass"><span class="teststeppass-label">T </span>Then I should see text "Departure"</div><div style="display:block;margin-left:10px;"><div  class="pass"><span class="pass-label">P </span>
Expected: "true"
     Actual: was "true" <a href="img/amtrak - buy ticket_kgc9h26w0xyy21479.png" target="_blank">[View Screenshot]</a> </div></div></div>]]]>
              </value>
            </param>
          </params>
          <reporter-output>
          </reporter-output>
        </test-method> <!-- afterMethod -->
        <test-method status="PASS" signature="afterClass(org.testng.ITestContext)[pri:0, instance:com.qmetry.qaf.automation.step.client.Scenario@3ec]" test-instance-name="amtrak - buy ticket" name="afterClass" is-config="true" duration-ms="0" started-at="2016-10-25T06:44:57Z" finished-at="2016-10-25T06:44:57Z">
          <params>
            <param index="0">
              <value>
                <![CDATA[org.testng.TestRunner@6dbb137d]]>
              </value>
            </param>
          </params>
          <reporter-output>
          </reporter-output>
        </test-method> <!-- afterClass -->
        <test-method status="PASS" signature="afterTest(org.testng.ITestContext)[pri:0, instance:com.qmetry.qaf.automation.step.client.Scenario@3ec]" test-instance-name="amtrak - find station" name="afterTest" is-config="true" duration-ms="20620" started-at="2016-10-25T06:45:45Z" finished-at="2016-10-25T06:46:06Z">
          <params>
            <param index="0">
              <value>
                <![CDATA[org.testng.TestRunner@6dbb137d]]>
              </value>
            </param>
          </params>
          <reporter-output>
          </reporter-output>
        </test-method> <!-- afterTest -->
      </class> <!-- com.qmetry.qaf.automation.step.client.Scenario -->
      <class name="com.qmetry.qaf.automation.step.client.DataDrivenScenario">
        <test-method status="PASS" signature="setup(org.testng.ITestContext)[pri:0, instance:com.qmetry.qaf.automation.step.client.DataDrivenScenario@3ed]" test-instance-name="Amtrak-DT" name="setup" is-config="true" duration-ms="1" started-at="2016-10-25T06:44:57Z" finished-at="2016-10-25T06:44:57Z">
          <params>
            <param index="0">
              <value>
                <![CDATA[org.testng.TestRunner@6dbb137d]]>
              </value>
            </param>
          </params>
          <reporter-output>
          </reporter-output>
        </test-method> <!-- setup -->
        <test-method status="PASS" signature="setupMethod(java.lang.reflect.Method, org.testng.ITestContext)[pri:0, instance:com.qmetry.qaf.automation.step.client.DataDrivenScenario@3ed]" test-instance-name="Amtrak-DT" name="setupMethod" is-config="true" duration-ms="1" started-at="2016-10-25T06:44:57Z" finished-at="2016-10-25T06:44:57Z">
          <params>
            <param index="0">
              <value>
                <![CDATA[public void com.qmetry.qaf.automation.step.client.DataDrivenScenario.scenario(java.util.Map)]]>
              </value>
            </param>
            <param index="1">
              <value>
                <![CDATA[org.testng.TestRunner@6dbb137d]]>
              </value>
            </param>
          </params>
          <reporter-output>
          </reporter-output>
        </test-method> <!-- setupMethod -->
        <test-method status="PASS" signature="Amtrak-DT( java.util.Map)[pri:1005, instance:com.qmetry.qaf.automation.step.client.DataDrivenScenario@3ed]" test-instance-name="Amtrak-DT" name="Amtrak-DT" duration-ms="13007" started-at="2016-10-25T06:44:57Z" data-provider="scenariodp" finished-at="2016-10-25T06:45:10Z">
          <params>
            <param index="0">
              <value>
                <![CDATA[{number=20}]]>
              </value>
            </param>
          </params>
          <reporter-output>
            <line>
              <![CDATA[<div style="display:block;margin-left:10px;"><div  class="teststeppass"><span class="teststeppass-label">T </span>Given I open browser to webpage "http://amtrak.com"</div><div  class="teststeppass"><span class="teststeppass-label">T </span>Then I click on "train.status"</div><div  class="teststeppass"><span class="teststeppass-label">T </span>Then I click on "find.Station"</div><div  class="teststeppass"><span class="teststeppass-label">T </span>Then I click on "Station.abl"</div><div  class="teststeppass"><span class="teststeppass-label">T </span>Then I enter "20" to "bus.number"</div><div  class="teststeppass"><span class="teststeppass-label">T </span>Then I click on "status.button"</div></div>]]>
            </line>
          </reporter-output>
        </test-method> <!-- Amtrak-DT -->
        <test-method status="PASS" signature="setupMethod(java.lang.reflect.Method, org.testng.ITestContext)[pri:0, instance:com.qmetry.qaf.automation.step.client.DataDrivenScenario@3ed]" test-instance-name="Amtrak-DT" name="setupMethod" is-config="true" duration-ms="1" started-at="2016-10-25T06:45:10Z" finished-at="2016-10-25T06:45:10Z">
          <params>
            <param index="0">
              <value>
                <![CDATA[public void com.qmetry.qaf.automation.step.client.DataDrivenScenario.scenario(java.util.Map)]]>
              </value>
            </param>
            <param index="1">
              <value>
                <![CDATA[org.testng.TestRunner@6dbb137d]]>
              </value>
            </param>
          </params>
          <reporter-output>
          </reporter-output>
        </test-method> <!-- setupMethod -->
        <test-method status="PASS" signature="afterMethod(org.testng.ITestContext, org.testng.ITestResult)[pri:0, instance:com.qmetry.qaf.automation.step.client.DataDrivenScenario@3ed]" test-instance-name="Amtrak-DT" name="afterMethod" is-config="true" duration-ms="0" started-at="2016-10-25T06:45:10Z" finished-at="2016-10-25T06:45:10Z">
          <params>
            <param index="0">
              <value>
                <![CDATA[org.testng.TestRunner@6dbb137d]]>
              </value>
            </param>
            <param index="1">
              <value>
                <![CDATA[[TestResult name=Amtrak-DT status=SUCCESS method=scenarios.Amtrak.feature.Amtrak-DT( java.util.Map)[pri:1005, instance:com.qmetry.qaf.automation.step.client.DataDrivenScenario@3ed] output=<div style="display:block;margin-left:10px;"><div  class="teststeppass"><span class="teststeppass-label">T </span>Given I open browser to webpage "http://amtrak.com"</div><div  class="teststeppass"><span class="teststeppass-label">T </span>Then I click on "train.status"</div><div  class="teststeppass"><span class="teststeppass-label">T </span>Then I click on "find.Station"</div><div  class="teststeppass"><span class="teststeppass-label">T </span>Then I click on "Station.abl"</div><div  class="teststeppass"><span class="teststeppass-label">T </span>Then I enter "20" to "bus.number"</div><div  class="teststeppass"><span class="teststeppass-label">T </span>Then I click on "status.button"</div></div>]]]>
              </value>
            </param>
          </params>
          <reporter-output>
          </reporter-output>
        </test-method> <!-- afterMethod -->
        <test-method status="FAIL" signature="Amtrak-DT( java.util.Map)[pri:1005, instance:com.qmetry.qaf.automation.step.client.DataDrivenScenario@3ed]" test-instance-name="Amtrak-DT" name="Amtrak-DT" duration-ms="32082" started-at="2016-10-25T06:45:10Z" data-provider="scenariodp" finished-at="2016-10-25T06:45:42Z">
          <params>
            <param index="0">
              <value>
                <![CDATA[{number=30}]]>
              </value>
            </param>
          </params>
          <exception class="org.openqa.selenium.TimeoutException">
            <message>
              <![CDATA[Timed out after 30 seconds waiting for presence of element located by: By.xpath: (//*[@value='Find a Station' and @type='submit'])[2]
Build info: version: '2.53.0', revision: '35ae25b1534ae328c771e0856c93e187490ca824', time: '2016-03-15 10:43:46'
System info: host: 'UziMac', ip: '192.168.43.133', os.name: 'Mac OS X', os.arch: 'x86_64', os.version: '10.11.1', java.version: '1.8.0_45'
Driver info: driver.version: QAFExtendedWebDriver]]>
            </message>
            <full-stacktrace>
              <![CDATA[org.openqa.selenium.TimeoutException: Timed out after 30 seconds waiting for presence of element located by: By.xpath: (//*[@value='Find a Station' and @type='submit'])[2]
Build info: version: '2.53.0', revision: '35ae25b1534ae328c771e0856c93e187490ca824', time: '2016-03-15 10:43:46'
System info: host: 'UziMac', ip: '192.168.43.133', os.name: 'Mac OS X', os.arch: 'x86_64', os.version: '10.11.1', java.version: '1.8.0_45'
Driver info: driver.version: QAFExtendedWebDriver
	at .Then I click on "find.Station"(scenarios/Amtrak.feature:30)
	at org.openqa.selenium.support.ui.FluentWait.timeoutException(FluentWait.java:292)
	at org.openqa.selenium.support.ui.FluentWait.until(FluentWait.java:261)
	at com.qmetry.qaf.automation.ui.webdriver.QAFExtendedWebDriver.load(QAFExtendedWebDriver.java:202)
	at com.qmetry.qaf.automation.ui.webdriver.QAFExtendedWebElement.load(QAFExtendedWebElement.java:272)
	at com.qmetry.qaf.automation.ui.webdriver.QAFExtendedWebElement.execute(QAFExtendedWebElement.java:227)
	at org.openqa.selenium.remote.RemoteWebElement.click(RemoteWebElement.java:85)
	at com.qmetry.qaf.automation.step.CommonStep.click(CommonStep.java:612)
	at com.sample.automation.common.steps.PerfectoApplicationSteps.iClick(PerfectoApplicationSteps.java:223)
	at com.qmetry.qaf.automation.step.JavaStep.doExecute(JavaStep.java:154)
	at com.qmetry.qaf.automation.step.BaseTestStep.execute(BaseTestStep.java:148)
	at com.qmetry.qaf.automation.step.StringTestStep.execute(StringTestStep.java:130)
	at com.qmetry.qaf.automation.step.client.Scenario.execute(Scenario.java:148)
	at com.qmetry.qaf.automation.step.client.DataDrivenScenario.scenario(DataDrivenScenario.java:84)
	at java.util.concurrent.FutureTask.run(FutureTask.java:266)
	at java.util.concurrent.ThreadPoolExecutor.runWorker(ThreadPoolExecutor.java:1142)
	at java.util.concurrent.ThreadPoolExecutor$Worker.run(ThreadPoolExecutor.java:617)
	at java.lang.Thread.run(Thread.java:745)
Caused by: org.openqa.selenium.NoSuchElementException: Element with by xpath '(//*[@value='Find a Station' and @type='submit'])[2]' wasn't found.
For documentation on this error, please visit: http://seleniumhq.org/exceptions/no_such_element.html
Build info: version: '2.48.2', revision: '41bccdd10cf2c0560f637404c2d96164b67d9d67', time: '2015-10-09 13:08:06'
System info: host: 'Beta-MCM', ip: '1.1.95.10', os.name: 'Windows Server 2008 R2', os.arch: 'amd64', os.version: '6.1', java.version: '1.8.0_102'
Driver info: driver.version: EventFiringWebDriver
Command duration or timeout: 30.43 seconds
For documentation on this error, please visit: http://seleniumhq.org/exceptions/no_such_element.html
Build info: version: '2.53.0', revision: '35ae25b1534ae328c771e0856c93e187490ca824', time: '2016-03-15 10:43:46'
System info: host: 'UziMac', ip: '192.168.43.133', os.name: 'Mac OS X', os.arch: 'x86_64', os.version: '10.11.1', java.version: '1.8.0_45'
Driver info: com.qmetry.qaf.automation.ui.webdriver.QAFExtendedWebDriver
Capabilities [{rotatable=true, testGridReportUrl=https://beta.reporting-01.perfectomobile.com?externalId[0]=uzie@perfectomobile.com_RemoteWebDriver_16-10-25_10_44_04_5432, entityType=remote_web_driver, deviceName=988667325047395643, serverConnector=, platform=ANY, executionId=uzie@perfectomobile.com_RemoteWebDriver_16-10-25_10_44_04_5432, password=, webdriver.remote.sessionid=2aca9c3c-87e2-41e2-8e5a-7629b6e1782e, automationName=Appium, host=beta.perfectomobile.com, singleTestReportUrl=https://beta.perfectomobile.com/nexperience/singletest/report/?reportRepositoryKey=PRIVATE:RemoteWebDriver/161025/RemoteWebDriver_16-10-25_10_44_04_5432.xml&ownerId=uzie@perfectomobile.com&sharingCode=8b29fdba-f2dc-4021-bbf2-5e96bc3f8373, locationContextEnabled=true, takesScreenshot=true, browserName=MobileOS, scriptName=RemoteWebDriver, javascriptEnabled=true, reportKey=PRIVATE:RemoteWebDriver/161025/RemoteWebDriver_16-10-25_10_44_04_5432.xml, windTunnelReportUrl=https://beta.perfectomobile.com/nexperience/singletest/report/?reportRepositoryKey=PRIVATE:RemoteWebDriver/161025/RemoteWebDriver_16-10-25_10_44_04_5432.xml&ownerId=uzie@perfectomobile.com&sharingCode=8b29fdba-f2dc-4021-bbf2-5e96bc3f8373, user=, cssSelectorsEnabled=true}]
Session ID: 2aca9c3c-87e2-41e2-8e5a-7629b6e1782e
*** Element info: {Using=xpath, value=(//*[@value='Find a Station' and @type='submit'])[2]}
	at sun.reflect.NativeConstructorAccessorImpl.newInstance0(Native Method)
	at sun.reflect.NativeConstructorAccessorImpl.newInstance(NativeConstructorAccessorImpl.java:62)
	at sun.reflect.DelegatingConstructorAccessorImpl.newInstance(DelegatingConstructorAccessorImpl.java:45)
	at java.lang.reflect.Constructor.newInstance(Constructor.java:422)
	at org.openqa.selenium.remote.ErrorHandler.createThrowable(ErrorHandler.java:206)
	at org.openqa.selenium.remote.ErrorHandler.throwIfResponseFailed(ErrorHandler.java:158)
	at org.openqa.selenium.remote.RemoteWebDriver.execute(RemoteWebDriver.java:678)
	at com.qmetry.qaf.automation.ui.webdriver.QAFExtendedWebDriver.execute(QAFExtendedWebDriver.java:222)
	at org.openqa.selenium.remote.RemoteWebDriver.findElement(RemoteWebDriver.java:363)
	at org.openqa.selenium.remote.RemoteWebDriver.findElementByXPath(RemoteWebDriver.java:500)
	at com.qmetry.qaf.automation.ui.webdriver.QAFExtendedWebDriver.findElementByXPath(QAFExtendedWebDriver.java:384)
	at com.qmetry.qaf.automation.ui.webdriver.QAFExtendedWebDriver.findElementByXPath(QAFExtendedWebDriver.java:1)
	at org.openqa.selenium.By$ByXPath.findElement(By.java:361)
	at org.openqa.selenium.remote.RemoteWebDriver.findElement(RemoteWebDriver.java:355)
	at com.qmetry.qaf.automation.ui.webdriver.QAFExtendedWebDriver.findElement(QAFExtendedWebDriver.java:157)
	at com.qmetry.qaf.automation.ui.webdriver.QAFExtendedWebDriver.findElement(QAFExtendedWebDriver.java:1)
	at org.openqa.selenium.support.ui.ExpectedConditions.findElement(ExpectedConditions.java:899)
	at org.openqa.selenium.support.ui.ExpectedConditions.access$000(ExpectedConditions.java:41)
	at org.openqa.selenium.support.ui.ExpectedConditions$6.apply(ExpectedConditions.java:181)
	at org.openqa.selenium.support.ui.ExpectedConditions$6.apply(ExpectedConditions.java:178)
	at org.openqa.selenium.support.ui.FluentWait.until(FluentWait.java:238)
	at com.qmetry.qaf.automation.ui.webdriver.QAFExtendedWebDriver.load(QAFExtendedWebDriver.java:202)
	at com.qmetry.qaf.automation.ui.webdriver.QAFExtendedWebElement.load(QAFExtendedWebElement.java:272)
	at com.qmetry.qaf.automation.ui.webdriver.QAFExtendedWebElement.execute(QAFExtendedWebElement.java:227)
	at org.openqa.selenium.remote.RemoteWebElement.click(RemoteWebElement.java:85)
	at com.qmetry.qaf.automation.step.CommonStep.click(CommonStep.java:612)
	at com.sample.automation.common.steps.PerfectoApplicationSteps.iClick(PerfectoApplicationSteps.java:223)
	at sun.reflect.GeneratedMethodAccessor3.invoke(Unknown Source)
	at sun.reflect.DelegatingMethodAccessorImpl.invoke(DelegatingMethodAccessorImpl.java:43)
	at java.lang.reflect.Method.invoke(Method.java:497)
	at com.qmetry.qaf.automation.step.JavaStep.doExecute(JavaStep.java:154)
	at com.qmetry.qaf.automation.step.BaseTestStep.execute(BaseTestStep.java:148)
	at com.qmetry.qaf.automation.step.StringTestStep.execute(StringTestStep.java:130)
	at com.qmetry.qaf.automation.step.client.Scenario.execute(Scenario.java:148)
	at com.qmetry.qaf.automation.step.client.DataDrivenScenario.scenario(DataDrivenScenario.java:84)
	at sun.reflect.NativeMethodAccessorImpl.invoke0(Native Method)
	at sun.reflect.NativeMethodAccessorImpl.invoke(NativeMethodAccessorImpl.java:62)
	at sun.reflect.DelegatingMethodAccessorImpl.invoke(DelegatingMethodAccessorImpl.java:43)
	at java.lang.reflect.Method.invoke(Method.java:497)
	at org.testng.internal.MethodInvocationHelper.invokeMethod(MethodInvocationHelper.java:86)
	at org.testng.internal.Invoker.invokeMethod(Invoker.java:643)
	at org.testng.internal.Invoker.invokeTestMethod(Invoker.java:820)
	at org.testng.internal.Invoker.invokeTestMethods(Invoker.java:1128)
	at org.testng.internal.TestMethodWorker.invokeTestMethods(TestMethodWorker.java:129)
	at org.testng.internal.TestMethodWorker.run(TestMethodWorker.java:112)
	at org.testng.TestRunner.privateRun(TestRunner.java:806)
	at org.testng.TestRunner.run(TestRunner.java:656)
	at org.testng.SuiteRunner.runTest(SuiteRunner.java:366)
	at org.testng.SuiteRunner.access$000(SuiteRunner.java:39)
	at org.testng.SuiteRunner$SuiteWorker.run(SuiteRunner.java:400)
	at org.testng.internal.thread.ThreadUtil$2.call(ThreadUtil.java:64)
	... 4 more
Caused by: org.openqa.selenium.remote.ScreenshotException: Screen shot has been taken
Build info: version: '2.53.0', revision: '35ae25b1534ae328c771e0856c93e187490ca824', time: '2016-03-15 10:43:46'
System info: host: 'UziMac', ip: '192.168.43.133', os.name: 'Mac OS X', os.arch: 'x86_64', os.version: '10.11.1', java.version: '1.8.0_45'
Driver info: driver.version: QAFExtendedWebDriver
	at org.openqa.selenium.remote.ErrorHandler.throwIfResponseFailed(ErrorHandler.java:138)
	... 49 more
Caused by: org.openqa.selenium.NoSuchElementException: Element with by xpath '(//*[@value='Find a Station' and @type='submit'])[2]' wasn't found.
For documentation on this error, please visit: http://seleniumhq.org/exceptions/no_such_element.html
Build info: version: '2.48.2', revision: '41bccdd10cf2c0560f637404c2d96164b67d9d67', time: '2015-10-09 13:08:06'
System info: host: 'Beta-MCM', ip: '1.1.95.10', os.name: 'Windows Server 2008 R2', os.arch: 'amd64', os.version: '6.1', java.version: '1.8.0_102'
Driver info: driver.version: EventFiringWebDriver
For documentation on this error, please visit: http://seleniumhq.org/exceptions/no_such_element.html
Build info: version: '2.53.0', revision: '35ae25b1534ae328c771e0856c93e187490ca824', time: '2016-03-15 10:43:46'
System info: host: 'UziMac', ip: '192.168.43.133', os.name: 'Mac OS X', os.arch: 'x86_64', os.version: '10.11.1', java.version: '1.8.0_45'
Driver info: driver.version: EventFiringWebDriver
	at com.perfectomobile.selenium.MobileApplication.getSingleElement(MobileApplication.java:369)
	at com.perfectomobile.selenium.MobileApplication.findElementByXPath(MobileApplication.java:211)
	at org.openqa.selenium.By$ByXPath.findElement(By.java:361)
	at com.perfectomobile.selenium.MobileApplication.findElement(MobileApplication.java:150)
	at com.perfectomobile.selenium.server.PerfectoMobileDriver.findElement(PerfectoMobileDriver.java:612)
	at sun.reflect.GeneratedMethodAccessor1180.invoke(Unknown Source)
	at sun.reflect.DelegatingMethodAccessorImpl.invoke(DelegatingMethodAccessorImpl.java:43)
	at java.lang.reflect.Method.invoke(Method.java:498)
	at org.openqa.selenium.support.events.EventFiringWebDriver$2.invoke(EventFiringWebDriver.java:102)
	at com.sun.proxy.$Proxy279.findElement(Unknown Source)
	at org.openqa.selenium.support.events.EventFiringWebDriver.findElement(EventFiringWebDriver.java:187)
	at org.openqa.selenium.remote.server.handler.FindElement.call(FindElement.java:48)
	at org.openqa.selenium.remote.server.handler.FindElement.call(FindElement.java:33)
	at java.util.concurrent.FutureTask.run(FutureTask.java:266)
	at org.openqa.selenium.remote.server.MobileDefaultSession$1.run(MobileDefaultSession.java:182)
	... 3 more
]]>
            </full-stacktrace>
          </exception> <!-- org.openqa.selenium.TimeoutException -->
          <reporter-output>
            <line>
              <![CDATA[<div style="display:block;margin-left:10px;"><div  class="teststeppass"><span class="teststeppass-label">T </span>Given I open browser to webpage "http://amtrak.com"</div><div  class="teststeppass"><span class="teststeppass-label">T </span>Then I click on "train.status"</div><div  class="teststepfail"><span class="teststepfail-label">T </span>Then I click on "find.Station" <a href="img/Amtrak-DT_t8z60qp89pb521480.png" target="_blank">[View Screenshot]</a> </div><div style="display:block;margin-left:10px;"><div  class="fail"><span class="fail-label">F </span>Timed out after 30 seconds waiting for presence of element located by: By.xpath: (//*[@value='Find a Station' and @type='submit'])[2]
Build info: version: '2.53.0', revision: '35ae25b1534ae328c771e0856c93e187490ca824', time: '2016-03-15 10:43:46'
System info: host: 'UziMac', ip: '192.168.43.133', os.name: 'Mac OS X', os.arch: 'x86_64', os.version: '10.11.1', java.version: '1.8.0_45'
Driver info: driver.version: QAFExtendedWebDriver</div></div><div  class="teststep"><span class="teststep-label">T </span>Then I click on "Station.abl"</div><div  class="teststep"><span class="teststep-label">T </span>Then I enter "${number}" to "bus.number"</div><div  class="teststep"><span class="teststep-label">T </span>Then I click on "status.button"</div></div>]]>
            </line>
          </reporter-output>
        </test-method> <!-- Amtrak-DT -->
        <test-method status="PASS" signature="afterMethod(org.testng.ITestContext, org.testng.ITestResult)[pri:0, instance:com.qmetry.qaf.automation.step.client.DataDrivenScenario@3ed]" test-instance-name="Amtrak-DT" name="afterMethod" is-config="true" duration-ms="0" started-at="2016-10-25T06:45:45Z" finished-at="2016-10-25T06:45:45Z">
          <params>
            <param index="0">
              <value>
                <![CDATA[org.testng.TestRunner@6dbb137d]]>
              </value>
            </param>
            <param index="1">
              <value>
                <![CDATA[[TestResult name=Amtrak-DT status=FAILURE method=scenarios.Amtrak.feature.Amtrak-DT( java.util.Map)[pri:1005, instance:com.qmetry.qaf.automation.step.client.DataDrivenScenario@3ed] output=<div style="display:block;margin-left:10px;"><div  class="teststeppass"><span class="teststeppass-label">T </span>Given I open browser to webpage "http://amtrak.com"</div><div  class="teststeppass"><span class="teststeppass-label">T </span>Then I click on "train.status"</div><div  class="teststepfail"><span class="teststepfail-label">T </span>Then I click on "find.Station" <a href="img/Amtrak-DT_t8z60qp89pb521480.png" target="_blank">[View Screenshot]</a> </div><div style="display:block;margin-left:10px;"><div  class="fail"><span class="fail-label">F </span>Timed out after 30 seconds waiting for presence of element located by: By.xpath: (//*[@value='Find a Station' and @type='submit'])[2]
Build info: version: '2.53.0', revision: '35ae25b1534ae328c771e0856c93e187490ca824', time: '2016-03-15 10:43:46'
System info: host: 'UziMac', ip: '192.168.43.133', os.name: 'Mac OS X', os.arch: 'x86_64', os.version: '10.11.1', java.version: '1.8.0_45'
Driver info: driver.version: QAFExtendedWebDriver</div></div><div  class="teststep"><span class="teststep-label">T </span>Then I click on "Station.abl"</div><div  class="teststep"><span class="teststep-label">T </span>Then I enter "${number}" to "bus.number"</div><div  class="teststep"><span class="teststep-label">T </span>Then I click on "status.button"</div></div>]]]>
              </value>
            </param>
          </params>
          <reporter-output>
          </reporter-output>
        </test-method> <!-- afterMethod -->
        <test-method status="PASS" signature="afterClass(org.testng.ITestContext)[pri:0, instance:com.qmetry.qaf.automation.step.client.DataDrivenScenario@3ed]" test-instance-name="Amtrak-DT" name="afterClass" is-config="true" duration-ms="1" started-at="2016-10-25T06:45:45Z" finished-at="2016-10-25T06:45:45Z">
          <params>
            <param index="0">
              <value>
                <![CDATA[org.testng.TestRunner@6dbb137d]]>
              </value>
            </param>
          </params>
          <reporter-output>
          </reporter-output>
        </test-method> <!-- afterClass -->
      </class> <!-- com.qmetry.qaf.automation.step.client.DataDrivenScenario -->
    </test> <!-- amtrck d2 -->
  </suite> <!-- QAF-Gherkin-Demo -->
</testng-results>
