<!DOCTYPE html PUBLIC "-//W3C//DTD XHTML 1.1//EN" "http://www.w3.org/TR/xhtml11/DTD/xhtml11.dtd">
<html xmlns="http://www.w3.org/1999/xhtml"><head><title>TestNG Report</title><style type="text/css">table {margin-bottom:10px;border-collapse:collapse;empty-cells:show}th,td {border:1px solid #009;padding:.25em .5em}th {vertical-align:bottom}td {vertical-align:top}table a {font-weight:bold}.stripe td {background-color: #E6EBF9}.num {text-align:right}.passedodd td {background-color: #3F3}.passedeven td {background-color: #0A0}.skippedodd td {background-color: #DDD}.skippedeven td {background-color: #CCC}.failedodd td,.attn {background-color: #F33}.failedeven td,.stripe .attn {background-color: #D00}.stacktrace {white-space:pre;font-family:monospace}.totop {font-size:85%;text-align:center;border-bottom:2px solid #000}</style></head><body><table><tr><th>Test</th><th># Passed</th><th># Skipped</th><th># Failed</th><th>Time (ms)</th><th>Included Groups</th><th>Excluded Groups</th></tr><tr><th colspan="7">QAF-Gherkin-Demo</th></tr><tr><td><a href="#t0">BDD Test android</a></td><td class="num">1</td><td class="num">0</td><td class="num">0</td><td class="num">48,875</td><td></td><td></td></tr><tr class="stripe"><td><a href="#t1">BDD Test ios</a></td><td class="num">1</td><td class="num">0</td><td class="num">0</td><td class="num">58,529</td><td></td><td></td></tr><tr><td><a href="#t2">GherkinTest</a></td><td class="num">3</td><td class="num">0</td><td class="num attn">1</td><td class="num">73,819</td><td>@Web</td><td></td></tr><tr><th>Total</th><th class="num">5</th><th class="num">0</th><th class="num attn">1</th><th class="num">181,223</th><th colspan="2"></th></tr></table><table><thead><tr><th>Class</th><th>Method</th><th>Start</th><th>Time (ms)</th></tr></thead><tbody><tr><th colspan="4">QAF-Gherkin-Demo</th></tr></tbody><tbody id="t0"><tr><th colspan="4">BDD Test android &#8212; passed</th></tr><tr class="passedeven"><td rowspan="1">com.qmetry.qaf.automation.step.client.Scenario</td><td><a href="#m0">SampleTest</a></td><td rowspan="1">1476987568681</td><td rowspan="1">24851</td></tr></tbody><tbody id="t1"><tr><th colspan="4">BDD Test ios &#8212; passed</th></tr><tr class="passedeven"><td rowspan="1">com.qmetry.qaf.automation.step.client.Scenario</td><td><a href="#m1">SampleTest</a></td><td rowspan="1">1476987568684</td><td rowspan="1">48491</td></tr></tbody><tbody id="t2"><tr><th colspan="4">GherkinTest &#8212; failed</th></tr><tr class="failedeven"><td rowspan="1">com.qmetry.qaf.automation.step.client.Scenario</td><td><a href="#m2">Search QMetry</a></td><td rowspan="1">1476987568671</td><td rowspan="1">41764</td></tr><tr><th colspan="4">GherkinTest &#8212; passed</th></tr><tr class="passedeven"><td rowspan="2">com.qmetry.qaf.automation.step.client.DataDrivenScenario</td><td><a href="#m3">Search Keyword</a></td><td rowspan="2">1476987628088</td><td rowspan="2">14335</td></tr><tr class="passedeven"><td><a href="#m4">Search Keyword</a></td></tr><tr class="passedodd"><td rowspan="1">com.qmetry.qaf.automation.step.client.Scenario</td><td><a href="#m5">Search QMetry with results</a></td><td rowspan="1">1476987568672</td><td rowspan="1">34124</td></tr></tbody></table><h2>BDD Test android</h2><h3 id="m0">com.qmetry.qaf.automation.step.client.Scenario#SampleTest</h3><table class="result"><tr><th>Messages</th></tr><tr><td><div class="messages">&lt;div style=&quot;display:block;margin-left:10px;&quot;&gt;&lt;div  class=&quot;teststeppass&quot;&gt;&lt;span class=&quot;teststeppass-label&quot;&gt;T &lt;/span&gt;Given open calculator&lt;/div&gt;&lt;div  class=&quot;teststeppass&quot;&gt;&lt;span class=&quot;teststeppass-label&quot;&gt;T &lt;/span&gt;When add 3 into 5&lt;/div&gt;&lt;div  class=&quot;teststeppass&quot;&gt;&lt;span class=&quot;teststeppass-label&quot;&gt;T &lt;/span&gt;Then result should be 8&lt;/div&gt;&lt;div style=&quot;display:block;margin-left:10px;&quot;&gt;&lt;div  class=&quot;pass&quot;&gt;&lt;span class=&quot;pass-label&quot;&gt;P &lt;/span&gt;Expected Input box text should be in:8 : Actual Input box text is 3+5
=8. Editing &lt;a href=&quot;../img/SampleTest_17fh1npnoktel57228.png&quot; target=&quot;_blank&quot;&gt;[View Screenshot]&lt;/a&gt; &lt;/div&gt;&lt;/div&gt;&lt;/div&gt;</div></td></tr></table><p class="totop"><a href="#summary">back to summary</a></p><h2>BDD Test ios</h2><h3 id="m1">com.qmetry.qaf.automation.step.client.Scenario#SampleTest</h3><table class="result"><tr><th>Messages</th></tr><tr><td><div class="messages">&lt;div style=&quot;display:block;margin-left:10px;&quot;&gt;&lt;div  class=&quot;teststeppass&quot;&gt;&lt;span class=&quot;teststeppass-label&quot;&gt;T &lt;/span&gt;Given open calculator&lt;/div&gt;&lt;div  class=&quot;teststeppass&quot;&gt;&lt;span class=&quot;teststeppass-label&quot;&gt;T &lt;/span&gt;When add 3 into 5&lt;/div&gt;&lt;div  class=&quot;teststeppass&quot;&gt;&lt;span class=&quot;teststeppass-label&quot;&gt;T &lt;/span&gt;Then result should be 8&lt;/div&gt;&lt;div style=&quot;display:block;margin-left:10px;&quot;&gt;&lt;div  class=&quot;pass&quot;&gt;&lt;span class=&quot;pass-label&quot;&gt;P &lt;/span&gt;Expected Input box text should be 8 : Actual Input box text is 8 &lt;a href=&quot;../img/SampleTest_14jjxdcok7h2r57232.png&quot; target=&quot;_blank&quot;&gt;[View Screenshot]&lt;/a&gt; &lt;/div&gt;&lt;/div&gt;&lt;/div&gt;</div></td></tr></table><p class="totop"><a href="#summary">back to summary</a></p><h2>GherkinTest</h2><h3 id="m2">com.qmetry.qaf.automation.step.client.Scenario#Search QMetry</h3><table class="result"><tr><th>Messages</th></tr><tr><td><div class="messages">&lt;div style=&quot;display:block;margin-left:10px;&quot;&gt;&lt;div  class=&quot;teststeppass&quot;&gt;&lt;span class=&quot;teststeppass-label&quot;&gt;T &lt;/span&gt;Given I am on Google Search Page&lt;/div&gt;&lt;div  class=&quot;teststepfail&quot;&gt;&lt;span class=&quot;teststepfail-label&quot;&gt;T &lt;/span&gt;When I search for &quot;git qmetry&quot; &lt;a href=&quot;../img/Search QMetry_1iyt84ctv6ih857231.png&quot; target=&quot;_blank&quot;&gt;[View Screenshot]&lt;/a&gt; &lt;/div&gt;&lt;div style=&quot;display:block;margin-left:10px;&quot;&gt;&lt;div  class=&quot;fail&quot;&gt;&lt;span class=&quot;fail-label&quot;&gt;F &lt;/span&gt;Failed to execute command webpage.element find: findElements command failed. Reason: handset server: timeout expired.
Command duration or timeout: 30.52 seconds
Build info: version: &apos;2.53.0&apos;, revision: &apos;35ae25b1534ae328c771e0856c93e187490ca824&apos;, time: &apos;2016-03-15 10:43:46&apos;
System info: host: &apos;UziMac.local&apos;, ip: &apos;172.21.31.20&apos;, os.name: &apos;Mac OS X&apos;, os.arch: &apos;x86_64&apos;, os.version: &apos;10.11.1&apos;, java.version: &apos;1.8.0_45&apos;
Driver info: com.qmetry.qaf.automation.ui.webdriver.QAFExtendedWebDriver
Capabilities [{rotatable=true, testGridReportUrl=https://beta.reporting-01.perfectomobile.com?externalId[0]=uzie@perfectomobile.com_RemoteWebDriver_16-10-20_18_19_29_5113, entityType=remote_web_driver, serverConnector=, deviceName=18023FA6, platform=ANY, executionId=uzie@perfectomobile.com_RemoteWebDriver_16-10-20_18_19_29_5113, password=, webdriver.remote.sessionid=e97ed2b4-e0d7-42dc-bb39-ca388656cee3, automationName=Appium, host=beta.perfectomobile.com, singleTestReportUrl=https://beta.perfectomobile.com/nexperience/singletest/report/?reportRepositoryKey=PRIVATE:RemoteWebDriver/161020/RemoteWebDriver_16-10-20_18_19_29_5113.xml&amp;ownerId=uzie@perfectomobile.com&amp;sharingCode=a78b077b-b970-45ea-95ab-e4b991cbe82c, locationContextEnabled=true, takesScreenshot=true, browserName=MobileOS, scriptName=RemoteWebDriver, javascriptEnabled=true, reportKey=PRIVATE:RemoteWebDriver/161020/RemoteWebDriver_16-10-20_18_19_29_5113.xml, windTunnelReportUrl=https://beta.perfectomobile.com/nexperience/singletest/report/?reportRepositoryKey=PRIVATE:RemoteWebDriver/161020/RemoteWebDriver_16-10-20_18_19_29_5113.xml&amp;ownerId=uzie@perfectomobile.com&amp;sharingCode=a78b077b-b970-45ea-95ab-e4b991cbe82c, user=, cssSelectorsEnabled=true}]
Session ID: e97ed2b4-e0d7-42dc-bb39-ca388656cee3
*** Element info: {Using=name, value=q}&lt;/div&gt;&lt;/div&gt;&lt;div  class=&quot;teststep&quot;&gt;&lt;span class=&quot;teststep-label&quot;&gt;T &lt;/span&gt;Then it should have &quot;QMetry Automation Framework&quot; in search results&lt;/div&gt;&lt;/div&gt;</div></td></tr><tr><th>Exception</th></tr><tr><td><div class="stacktrace">org.openqa.selenium.WebDriverException: Failed to execute command webpage.element find: findElements command failed. Reason: handset server: timeout expired.
Command duration or timeout: 30.52 seconds
Build info: version: &apos;2.53.0&apos;, revision: &apos;35ae25b1534ae328c771e0856c93e187490ca824&apos;, time: &apos;2016-03-15 10:43:46&apos;
System info: host: &apos;UziMac.local&apos;, ip: &apos;172.21.31.20&apos;, os.name: &apos;Mac OS X&apos;, os.arch: &apos;x86_64&apos;, os.version: &apos;10.11.1&apos;, java.version: &apos;1.8.0_45&apos;
Driver info: com.qmetry.qaf.automation.ui.webdriver.QAFExtendedWebDriver
Capabilities [{rotatable=true, testGridReportUrl=https://beta.reporting-01.perfectomobile.com?externalId[0]=uzie@perfectomobile.com_RemoteWebDriver_16-10-20_18_19_29_5113, entityType=remote_web_driver, serverConnector=, deviceName=18023FA6, platform=ANY, executionId=uzie@perfectomobile.com_RemoteWebDriver_16-10-20_18_19_29_5113, password=, webdriver.remote.sessionid=e97ed2b4-e0d7-42dc-bb39-ca388656cee3, automationName=Appium, host=beta.perfectomobile.com, singleTestReportUrl=https://beta.perfectomobile.com/nexperience/singletest/report/?reportRepositoryKey=PRIVATE:RemoteWebDriver/161020/RemoteWebDriver_16-10-20_18_19_29_5113.xml&amp;ownerId=uzie@perfectomobile.com&amp;sharingCode=a78b077b-b970-45ea-95ab-e4b991cbe82c, locationContextEnabled=true, takesScreenshot=true, browserName=MobileOS, scriptName=RemoteWebDriver, javascriptEnabled=true, reportKey=PRIVATE:RemoteWebDriver/161020/RemoteWebDriver_16-10-20_18_19_29_5113.xml, windTunnelReportUrl=https://beta.perfectomobile.com/nexperience/singletest/report/?reportRepositoryKey=PRIVATE:RemoteWebDriver/161020/RemoteWebDriver_16-10-20_18_19_29_5113.xml&amp;ownerId=uzie@perfectomobile.com&amp;sharingCode=a78b077b-b970-45ea-95ab-e4b991cbe82c, user=, cssSelectorsEnabled=true}]
Session ID: e97ed2b4-e0d7-42dc-bb39-ca388656cee3
*** Element info: {Using=name, value=q}
	at .When I search for &quot;git qmetry&quot;(scenarios/goolge.feature:6)
	at org.openqa.selenium.remote.ErrorHandler.createThrowable(ErrorHandler.java:206)
	at org.openqa.selenium.remote.ErrorHandler.throwIfResponseFailed(ErrorHandler.java:158)
	at org.openqa.selenium.remote.RemoteWebDriver.execute(RemoteWebDriver.java:678)
	at com.qmetry.qaf.automation.ui.webdriver.QAFExtendedWebDriver.execute(QAFExtendedWebDriver.java:223)
	at org.openqa.selenium.remote.RemoteWebDriver.findElement(RemoteWebDriver.java:363)
	at org.openqa.selenium.remote.RemoteWebDriver.findElementByName(RemoteWebDriver.java:461)
	at com.qmetry.qaf.automation.ui.webdriver.QAFExtendedWebDriver.findElementByName(QAFExtendedWebDriver.java:370)
	at com.qmetry.qaf.automation.ui.webdriver.QAFExtendedWebDriver.findElementByName(QAFExtendedWebDriver.java:1)
	at org.openqa.selenium.By$ByName.findElement(By.java:303)
	at org.openqa.selenium.remote.RemoteWebDriver.findElement(RemoteWebDriver.java:355)
	at com.qmetry.qaf.automation.ui.webdriver.QAFExtendedWebDriver.findElement(QAFExtendedWebDriver.java:158)
	at com.qmetry.qaf.automation.ui.webdriver.QAFExtendedWebDriver.findElement(QAFExtendedWebDriver.java:1)
	at org.openqa.selenium.support.ui.ExpectedConditions.findElement(ExpectedConditions.java:899)
	at org.openqa.selenium.support.ui.ExpectedConditions.access$000(ExpectedConditions.java:41)
	at org.openqa.selenium.support.ui.ExpectedConditions$6.apply(ExpectedConditions.java:181)
	at org.openqa.selenium.support.ui.ExpectedConditions$6.apply(ExpectedConditions.java:178)
	at org.openqa.selenium.support.ui.FluentWait.until(FluentWait.java:238)
	at com.qmetry.qaf.automation.ui.webdriver.QAFExtendedWebDriver.load(QAFExtendedWebDriver.java:203)
	at com.qmetry.qaf.automation.ui.webdriver.QAFExtendedWebElement.load(QAFExtendedWebElement.java:253)
	at com.qmetry.qaf.automation.ui.webdriver.QAFExtendedWebElement.execute(QAFExtendedWebElement.java:208)
	at org.openqa.selenium.remote.RemoteWebElement.clear(RemoteWebElement.java:140)
	at com.qmetry.qaf.examples.steps.cucumber.GoogleStepDefs.I_search_for(GoogleStepDefs.java:24)
	at com.qmetry.qaf.automation.step.JavaStep.doExecute(JavaStep.java:149)
	at com.qmetry.qaf.automation.step.BaseTestStep.execute(BaseTestStep.java:148)
	at com.qmetry.qaf.automation.step.StringTestStep.execute(StringTestStep.java:130)
	at com.qmetry.qaf.automation.step.client.Scenario.execute(Scenario.java:148)
	at com.qmetry.qaf.automation.step.client.Scenario.scenario(Scenario.java:196)
	at java.util.concurrent.ThreadPoolExecutor.runWorker(ThreadPoolExecutor.java:1142)
	at java.util.concurrent.ThreadPoolExecutor$Worker.run(ThreadPoolExecutor.java:617)
	at java.lang.Thread.run(Thread.java:745)
Caused by: org.openqa.selenium.remote.ScreenshotException: Screen shot has been taken
Build info: version: &apos;2.53.0&apos;, revision: &apos;35ae25b1534ae328c771e0856c93e187490ca824&apos;, time: &apos;2016-03-15 10:43:46&apos;
System info: host: &apos;UziMac.local&apos;, ip: &apos;172.21.31.20&apos;, os.name: &apos;Mac OS X&apos;, os.arch: &apos;x86_64&apos;, os.version: &apos;10.11.1&apos;, java.version: &apos;1.8.0_45&apos;
Driver info: driver.version: QAFExtendedWebDriver
	at org.openqa.selenium.remote.ErrorHandler.throwIfResponseFailed(ErrorHandler.java:138)
	at org.openqa.selenium.remote.RemoteWebDriver.execute(RemoteWebDriver.java:678)
	at com.qmetry.qaf.automation.ui.webdriver.QAFExtendedWebDriver.execute(QAFExtendedWebDriver.java:223)
	at org.openqa.selenium.remote.RemoteWebDriver.findElement(RemoteWebDriver.java:363)
	at org.openqa.selenium.remote.RemoteWebDriver.findElementByName(RemoteWebDriver.java:461)
	at com.qmetry.qaf.automation.ui.webdriver.QAFExtendedWebDriver.findElementByName(QAFExtendedWebDriver.java:370)
	at com.qmetry.qaf.automation.ui.webdriver.QAFExtendedWebDriver.findElementByName(QAFExtendedWebDriver.java:1)
	at org.openqa.selenium.By$ByName.findElement(By.java:303)
	at org.openqa.selenium.remote.RemoteWebDriver.findElement(RemoteWebDriver.java:355)
	at com.qmetry.qaf.automation.ui.webdriver.QAFExtendedWebDriver.findElement(QAFExtendedWebDriver.java:158)
	at com.qmetry.qaf.automation.ui.webdriver.QAFExtendedWebDriver.findElement(QAFExtendedWebDriver.java:1)
	at org.openqa.selenium.support.ui.ExpectedConditions.findElement(ExpectedConditions.java:899)
	at org.openqa.selenium.support.ui.ExpectedConditions.access$000(ExpectedConditions.java:41)
	at org.openqa.selenium.support.ui.ExpectedConditions$6.apply(ExpectedConditions.java:181)
	at org.openqa.selenium.support.ui.ExpectedConditions$6.apply(ExpectedConditions.java:178)
	at org.openqa.selenium.support.ui.FluentWait.until(FluentWait.java:238)
	at com.qmetry.qaf.automation.ui.webdriver.QAFExtendedWebDriver.load(QAFExtendedWebDriver.java:203)
	at com.qmetry.qaf.automation.ui.webdriver.QAFExtendedWebElement.load(QAFExtendedWebElement.java:253)
	at com.qmetry.qaf.automation.ui.webdriver.QAFExtendedWebElement.execute(QAFExtendedWebElement.java:208)
	at org.openqa.selenium.remote.RemoteWebElement.clear(RemoteWebElement.java:140)
	at com.qmetry.qaf.examples.steps.cucumber.GoogleStepDefs.I_search_for(GoogleStepDefs.java:24)
	at com.qmetry.qaf.automation.step.JavaStep.doExecute(JavaStep.java:149)
	at com.qmetry.qaf.automation.step.BaseTestStep.execute(BaseTestStep.java:148)
	at com.qmetry.qaf.automation.step.StringTestStep.execute(StringTestStep.java:130)
	at com.qmetry.qaf.automation.step.client.Scenario.execute(Scenario.java:148)
	at com.qmetry.qaf.automation.step.client.Scenario.scenario(Scenario.java:196)
	... 3 more
Caused by: java.lang.RuntimeException: Failed to execute command webpage.element find: findElements command failed. Reason: handset server: timeout expired.
	at com.perfectomobile.selenium.MobileEntity.processCommonResponse(MobileEntity.java:98)
	at com.perfectomobile.selenium.MobileDevice.processResponse(MobileDevice.java:510)
	at com.perfectomobile.selenium.MobileApplication.processResponse(MobileApplication.java:54)
	at com.perfectomobile.selenium.dom.MobileDOMApplication.processResponse(MobileDOMApplication.java:463)
	at com.perfectomobile.selenium.MobileEntity.executeCommand(MobileEntity.java:57)
	at com.perfectomobile.selenium.MobileEntity.executeCommand(MobileEntity.java:50)
	at com.perfectomobile.selenium.MobileApplication.findElementsImpl(MobileApplication.java:290)
	at com.perfectomobile.selenium.dom.MobileDOMApplication.findElementsImpl(MobileDOMApplication.java:485)
	at com.perfectomobile.selenium.MobileApplication.findElementsImpl(MobileApplication.java:270)
	at com.perfectomobile.selenium.MobileApplication.findElementsByName(MobileApplication.java:184)
	at com.perfectomobile.selenium.MobileApplication.findElementByName(MobileApplication.java:177)
	at org.openqa.selenium.By$ByName.findElement(By.java:303)
	at com.perfectomobile.selenium.MobileApplication.findElement(MobileApplication.java:150)
	at com.perfectomobile.selenium.server.PerfectoMobileDriver.findElement(PerfectoMobileDriver.java:612)
	at org.openqa.selenium.support.events.EventFiringWebDriver$2.invoke(EventFiringWebDriver.java:102)
	at com.sun.proxy.$Proxy279.findElement(Unknown Source)
	at org.openqa.selenium.support.events.EventFiringWebDriver.findElement(EventFiringWebDriver.java:187)
	at org.openqa.selenium.remote.server.handler.FindElement.call(FindElement.java:48)
	at org.openqa.selenium.remote.server.handler.FindElement.call(FindElement.java:33)
	at java.util.concurrent.FutureTask.run(FutureTask.java:266)
	at org.openqa.selenium.remote.server.MobileDefaultSession$1.run(MobileDefaultSession.java:182)
	... 3 more
... Removed 17 stack frames</div></td></tr></table><p class="totop"><a href="#summary">back to summary</a></p><h3 id="m3">com.qmetry.qaf.automation.step.client.DataDrivenScenario#Search Keyword</h3><table class="result"><tr class="param"><th>Parameter #1</th></tr><tr class="param stripe"><td>{searchResult=InfoStretch Test Automation Framework, searchKey=Selenium ISFW, recId=ISFW}</td></tr><tr><th>Messages</th></tr><tr><td><div class="messages">&lt;div style=&quot;display:block;margin-left:10px;&quot;&gt;&lt;div  class=&quot;teststeppass&quot;&gt;&lt;span class=&quot;teststeppass-label&quot;&gt;T &lt;/span&gt;Given I am on Google Search Page&lt;/div&gt;&lt;div  class=&quot;teststeppass&quot;&gt;&lt;span class=&quot;teststeppass-label&quot;&gt;T &lt;/span&gt;When I search for &quot;Selenium ISFW&quot;&lt;/div&gt;&lt;div  class=&quot;teststeppass&quot;&gt;&lt;span class=&quot;teststeppass-label&quot;&gt;T &lt;/span&gt;Then it should have &quot;InfoStretch Test Automation Framework&quot; in search results&lt;/div&gt;&lt;div style=&quot;display:block;margin-left:10px;&quot;&gt;&lt;div  class=&quot;pass&quot;&gt;&lt;span class=&quot;pass-label&quot;&gt;P &lt;/span&gt;Expected InfoStretch Test Automation Framework present : Actual InfoStretch Test Automation Framework present &lt;a href=&quot;../img/Search Keyword_yodwp4zlsuij57234.png&quot; target=&quot;_blank&quot;&gt;[View Screenshot]&lt;/a&gt; &lt;/div&gt;&lt;/div&gt;&lt;/div&gt;</div></td></tr></table><p class="totop"><a href="#summary">back to summary</a></p><h3 id="m4">com.qmetry.qaf.automation.step.client.DataDrivenScenario#Search Keyword</h3><table class="result"><tr class="param"><th>Parameter #1</th></tr><tr class="param stripe"><td>{searchResult=using QAF, searchKey=QAF StackOverflow, recId=StackOverflow}</td></tr><tr><th>Messages</th></tr><tr><td><div class="messages">&lt;div style=&quot;display:block;margin-left:10px;&quot;&gt;&lt;div  class=&quot;teststeppass&quot;&gt;&lt;span class=&quot;teststeppass-label&quot;&gt;T &lt;/span&gt;Given I am on Google Search Page&lt;/div&gt;&lt;div  class=&quot;teststeppass&quot;&gt;&lt;span class=&quot;teststeppass-label&quot;&gt;T &lt;/span&gt;When I search for &quot;QAF StackOverflow&quot;&lt;/div&gt;&lt;div  class=&quot;teststeppass&quot;&gt;&lt;span class=&quot;teststeppass-label&quot;&gt;T &lt;/span&gt;Then it should have &quot;using QAF&quot; in search results&lt;/div&gt;&lt;div style=&quot;display:block;margin-left:10px;&quot;&gt;&lt;div  class=&quot;pass&quot;&gt;&lt;span class=&quot;pass-label&quot;&gt;P &lt;/span&gt;Expected using QAF present : Actual using QAF present &lt;a href=&quot;../img/Search Keyword_d85klc4h9oa057233.png&quot; target=&quot;_blank&quot;&gt;[View Screenshot]&lt;/a&gt; &lt;/div&gt;&lt;/div&gt;&lt;/div&gt;</div></td></tr></table><p class="totop"><a href="#summary">back to summary</a></p><h3 id="m5">com.qmetry.qaf.automation.step.client.Scenario#Search QMetry with results</h3><table class="result"><tr><th>Messages</th></tr><tr><td><div class="messages">&lt;div style=&quot;display:block;margin-left:10px;&quot;&gt;&lt;div  class=&quot;teststeppass&quot;&gt;&lt;span class=&quot;teststeppass-label&quot;&gt;T &lt;/span&gt;Given I am on Google Search Page&lt;/div&gt;&lt;div  class=&quot;teststeppass&quot;&gt;&lt;span class=&quot;teststeppass-label&quot;&gt;T &lt;/span&gt;When I search for &quot;QAFTestStep&quot;&lt;/div&gt;&lt;div  class=&quot;teststeppass&quot;&gt;&lt;span class=&quot;teststeppass-label&quot;&gt;T &lt;/span&gt;Then it should have following search results:[&quot;QMetry Automation Framework&quot;,&quot;QAFTestStep&quot;]&lt;/div&gt;&lt;div style=&quot;display:block;margin-left:10px;&quot;&gt;&lt;div  class=&quot;pass&quot;&gt;&lt;span class=&quot;pass-label&quot;&gt;P &lt;/span&gt;Expected QMetry Automation Framework present : Actual QMetry Automation Framework present &lt;a href=&quot;../img/Search QMetry with results_1ka91sww4lvoj57229.png&quot; target=&quot;_blank&quot;&gt;[View Screenshot]&lt;/a&gt; &lt;/div&gt;&lt;div  class=&quot;pass&quot;&gt;&lt;span class=&quot;pass-label&quot;&gt;P &lt;/span&gt;Expected QAFTestStep present : Actual QAFTestStep present &lt;a href=&quot;../img/Search QMetry with results_c9npmtcdk3cu57230.png&quot; target=&quot;_blank&quot;&gt;[View Screenshot]&lt;/a&gt; &lt;/div&gt;&lt;/div&gt;&lt;/div&gt;</div></td></tr></table><p class="totop"><a href="#summary">back to summary</a></p></body></html>