14:19:28 scenario.file.loc[Ljava.lang.String;@33c7e1bb
14:19:28 loading feature file: /Users/uzie/Documents/dev/workspace/QAFGherkin/./scenarios/Amtrak.feature
14:19:28 Excluded SCENARIO - amtrak - find station:null
14:19:28 Excluded SCENARIO - amtrak - buy ticket:null
14:19:28 loading feature file: /Users/uzie/Documents/dev/workspace/QAFGherkin/./scenarios/demo.feature
14:19:28 Excluded SCENARIO - Say Hi:null
14:19:28 Excluded SCENARIO - Say hello should skip:null
14:19:28 Excluded SCENARIO - Using Gherkin examples table:null
14:19:28 Excluded SCENARIO - Using QAF data-provider:null
14:19:28 loading feature file: /Users/uzie/Documents/dev/workspace/QAFGherkin/./scenarios/goolge.feature
14:19:28 loading feature file: /Users/uzie/Documents/dev/workspace/QAFGherkin/./scenarios/restwsdemo.feature
14:19:28 Excluded SCENARIO - Basic example:null
14:19:28 total test found: 3
14:19:28 scenario.file.loc[Ljava.lang.String;@797badd3
14:19:28 loading BDD file: /Users/uzie/Documents/dev/workspace/QAFGherkin/./scenarios/suite1.bdd
14:19:28 total test found: 1
14:19:28 scenario.file.loc[Ljava.lang.String;@58fdd99
14:19:28 loading BDD file: /Users/uzie/Documents/dev/workspace/QAFGherkin/./scenarios/suite1.bdd
14:19:28 total test found: 1
14:19:39 

Executing scenario: Search QMetry - 
14:19:39 Invoking Teststep: Given I am on Google Search Page
14:19:39 Completed Teststep: Given I am on Google Search Page
14:19:39 Invoking Teststep: When I search for "git qmetry" with arguments: [git qmetry]
14:19:40 

Executing scenario: Search QMetry with results - 
14:19:40 Invoking Teststep: Given I am on Google Search Page
14:19:41 

Executing scenario: Search Keyword - 
14:19:41 Test Data{searchResult=using QAF, searchKey=QAF StackOverflow, recId=StackOverflow}
14:19:41 Invoking Teststep: Given I am on Google Search Page
14:19:43 

Executing scenario: SampleTest - Sample Test Scenario
14:19:43 Invoking Teststep: Given open calculator
14:19:43 Completed Teststep: Given open calculator
14:19:43 Invoking Teststep: When add 3 into 5 with arguments: [3, 5]
14:19:46 Completed Teststep: Given I am on Google Search Page
14:19:46 Invoking Teststep: When I search for "QAFTestStep" with arguments: [QAFTestStep]
14:19:49 

Executing scenario: SampleTest - Sample Test Scenario
14:19:50 Invoking Teststep: Given open calculator
14:19:50 Completed Teststep: Given open calculator
14:19:50 Invoking Teststep: When add 3 into 5 with arguments: [3, 5]
14:19:50 Completed Teststep: When add 3 into 5 with arguments: [3, 5]
14:19:50 Invoking Teststep: Then result should be 8 with arguments: [8]
14:19:52 Completed Teststep: When I search for "QAFTestStep" with arguments: [QAFTestStep]
14:19:52 Invoking Teststep: Then it should have following search results:["QMetry Automation Framework","QAFTestStep"] with arguments: [["QMetry Automation Framework","QAFTestStep"]]
14:19:52 Completed Teststep: Given I am on Google Search Page
14:19:52 Invoking Teststep: When I search for "${searchKey}" with arguments: [QAF StackOverflow]
14:19:53 Completed Teststep: Then result should be 8 with arguments: [8]
14:19:53 Competed scenario: SampleTest with status SUCESS
14:20:02 Completed Teststep: Then it should have following search results:["QMetry Automation Framework","QAFTestStep"] with arguments: [["QMetry Automation Framework","QAFTestStep"]]
14:20:02 Competed scenario: Search QMetry with results with status SUCESS
14:20:03 Completed Teststep: When add 3 into 5 with arguments: [3, 5]
14:20:03 Invoking Teststep: Then result should be 8 with arguments: [8]
14:20:10 Failure Teststep: When I search for "git qmetry" with arguments: [git qmetry]
org.openqa.selenium.WebDriverException: Failed to execute command webpage.element find: findElements command failed. Reason: handset server: timeout expired.
Command duration or timeout: 30.52 seconds
Build info: version: '2.53.0', revision: '35ae25b1534ae328c771e0856c93e187490ca824', time: '2016-03-15 10:43:46'
System info: host: 'UziMac.local', ip: '172.21.31.20', os.name: 'Mac OS X', os.arch: 'x86_64', os.version: '10.11.1', java.version: '1.8.0_45'
Driver info: com.qmetry.qaf.automation.ui.webdriver.QAFExtendedWebDriver
Capabilities [{rotatable=true, testGridReportUrl=https://beta.reporting-01.perfectomobile.com?externalId[0]=uzie@perfectomobile.com_RemoteWebDriver_16-10-20_18_19_29_5113, entityType=remote_web_driver, serverConnector=, deviceName=18023FA6, platform=ANY, executionId=uzie@perfectomobile.com_RemoteWebDriver_16-10-20_18_19_29_5113, password=, webdriver.remote.sessionid=e97ed2b4-e0d7-42dc-bb39-ca388656cee3, automationName=Appium, host=beta.perfectomobile.com, singleTestReportUrl=https://beta.perfectomobile.com/nexperience/singletest/report/?reportRepositoryKey=PRIVATE:RemoteWebDriver/161020/RemoteWebDriver_16-10-20_18_19_29_5113.xml&ownerId=uzie@perfectomobile.com&sharingCode=a78b077b-b970-45ea-95ab-e4b991cbe82c, locationContextEnabled=true, takesScreenshot=true, browserName=MobileOS, scriptName=RemoteWebDriver, javascriptEnabled=true, reportKey=PRIVATE:RemoteWebDriver/161020/RemoteWebDriver_16-10-20_18_19_29_5113.xml, windTunnelReportUrl=https://beta.perfectomobile.com/nexperience/singletest/report/?reportRepositoryKey=PRIVATE:RemoteWebDriver/161020/RemoteWebDriver_16-10-20_18_19_29_5113.xml&ownerId=uzie@perfectomobile.com&sharingCode=a78b077b-b970-45ea-95ab-e4b991cbe82c, user=, cssSelectorsEnabled=true}]
Session ID: e97ed2b4-e0d7-42dc-bb39-ca388656cee3
*** Element info: {Using=name, value=q}
	at sun.reflect.NativeConstructorAccessorImpl.newInstance0(Native Method)
	at sun.reflect.NativeConstructorAccessorImpl.newInstance(NativeConstructorAccessorImpl.java:62)
	at sun.reflect.DelegatingConstructorAccessorImpl.newInstance(DelegatingConstructorAccessorImpl.java:45)
	at java.lang.reflect.Constructor.newInstance(Constructor.java:422)
	at org.openqa.selenium.remote.ErrorHandler.createThrowable(ErrorHandler.java:206)
	at org.openqa.selenium.remote.ErrorHandler.throwIfResponseFailed(ErrorHandler.java:158)
	at org.openqa.selenium.remote.RemoteWebDriver.execute(RemoteWebDriver.java:678)
	at com.qmetry.qaf.automation.ui.webdriver.QAFExtendedWebDriver.execute(QAFExtendedWebDriver.java:223)
	at org.openqa.selenium.remote.RemoteWebDriver.findElement(RemoteWebDriver.java:363)
	at org.openqa.selenium.remote.RemoteWebDriver.findElementByName(RemoteWebDriver.java:461)
	at com.qmetry.qaf.automation.ui.webdriver.QAFExtendedWebDriver.findElementByName(QAFExtendedWebDriver.java:370)
	at com.qmetry.qaf.automation.ui.webdriver.QAFExtendedWebDriver.findElementByName(QAFExtendedWebDriver.java:1)
	at org.openqa.selenium.By$ByName.findElement(By.java:303)
	at org.openqa.selenium.remote.RemoteWebDriver.findElement(RemoteWebDriver.java:355)
	at com.qmetry.qaf.automation.ui.webdriver.QAFExtendedWebDriver.findElement(QAFExtendedWebDriver.java:158)
	at com.qmetry.qaf.automation.ui.webdriver.QAFExtendedWebDriver.findElement(QAFExtendedWebDriver.java:1)
	at org.openqa.selenium.support.ui.ExpectedConditions.findElement(ExpectedConditions.java:899)
	at org.openqa.selenium.support.ui.ExpectedConditions.access$000(ExpectedConditions.java:41)
	at org.openqa.selenium.support.ui.ExpectedConditions$6.apply(ExpectedConditions.java:181)
	at org.openqa.selenium.support.ui.ExpectedConditions$6.apply(ExpectedConditions.java:178)
	at org.openqa.selenium.support.ui.FluentWait.until(FluentWait.java:238)
	at com.qmetry.qaf.automation.ui.webdriver.QAFExtendedWebDriver.load(QAFExtendedWebDriver.java:203)
	at com.qmetry.qaf.automation.ui.webdriver.QAFExtendedWebElement.load(QAFExtendedWebElement.java:253)
	at com.qmetry.qaf.automation.ui.webdriver.QAFExtendedWebElement.execute(QAFExtendedWebElement.java:208)
	at org.openqa.selenium.remote.RemoteWebElement.clear(RemoteWebElement.java:140)
	at com.qmetry.qaf.examples.steps.cucumber.GoogleStepDefs.I_search_for(GoogleStepDefs.java:24)
	at sun.reflect.NativeMethodAccessorImpl.invoke0(Native Method)
	at sun.reflect.NativeMethodAccessorImpl.invoke(NativeMethodAccessorImpl.java:62)
	at sun.reflect.DelegatingMethodAccessorImpl.invoke(DelegatingMethodAccessorImpl.java:43)
	at java.lang.reflect.Method.invoke(Method.java:497)
	at com.qmetry.qaf.automation.step.JavaStep.doExecute(JavaStep.java:149)
	at com.qmetry.qaf.automation.step.BaseTestStep.execute(BaseTestStep.java:148)
	at com.qmetry.qaf.automation.step.StringTestStep.execute(StringTestStep.java:130)
	at com.qmetry.qaf.automation.step.client.Scenario.execute(Scenario.java:148)
	at com.qmetry.qaf.automation.step.client.Scenario.scenario(Scenario.java:196)
	at sun.reflect.NativeMethodAccessorImpl.invoke0(Native Method)
	at sun.reflect.NativeMethodAccessorImpl.invoke(NativeMethodAccessorImpl.java:62)
	at sun.reflect.DelegatingMethodAccessorImpl.invoke(DelegatingMethodAccessorImpl.java:43)
	at java.lang.reflect.Method.invoke(Method.java:497)
	at org.testng.internal.MethodInvocationHelper.invokeMethod(MethodInvocationHelper.java:86)
	at org.testng.internal.Invoker.invokeMethod(Invoker.java:643)
	at org.testng.internal.Invoker.invokeTestMethod(Invoker.java:820)
	at org.testng.internal.Invoker.invokeTestMethods(Invoker.java:1128)
	at org.testng.internal.TestMethodWorker.invokeTestMethods(TestMethodWorker.java:129)
	at org.testng.internal.TestMethodWorker.run(TestMethodWorker.java:112)
	at java.util.concurrent.ThreadPoolExecutor.runWorker(ThreadPoolExecutor.java:1142)
	at java.util.concurrent.ThreadPoolExecutor$Worker.run(ThreadPoolExecutor.java:617)
	at java.lang.Thread.run(Thread.java:745)
Caused by: org.openqa.selenium.remote.ScreenshotException: Screen shot has been taken
Build info: version: '2.53.0', revision: '35ae25b1534ae328c771e0856c93e187490ca824', time: '2016-03-15 10:43:46'
System info: host: 'UziMac.local', ip: '172.21.31.20', os.name: 'Mac OS X', os.arch: 'x86_64', os.version: '10.11.1', java.version: '1.8.0_45'
Driver info: driver.version: QAFExtendedWebDriver
	at org.openqa.selenium.remote.ErrorHandler.throwIfResponseFailed(ErrorHandler.java:138)
	... 42 more
Caused by: java.lang.RuntimeException: Failed to execute command webpage.element find: findElements command failed. Reason: handset server: timeout expired.
	at com.perfectomobile.selenium.MobileEntity.processCommonResponse(MobileEntity.java:98)
	at com.perfectomobile.selenium.MobileDevice.processResponse(MobileDevice.java:510)
	at com.perfectomobile.selenium.MobileApplication.processResponse(MobileApplication.java:54)
	at com.perfectomobile.selenium.dom.MobileDOMApplication.processResponse(MobileDOMApplication.java:463)
	at com.perfectomobile.selenium.MobileEntity.executeCommand(MobileEntity.java:57)
	at com.perfectomobile.selenium.MobileEntity.executeCommand(MobileEntity.java:50)
	at com.perfectomobile.selenium.MobileApplication.findElementsImpl(MobileApplication.java:290)
	at com.perfectomobile.selenium.dom.MobileDOMApplication.findElementsImpl(MobileDOMApplication.java:485)
	at com.perfectomobile.selenium.MobileApplication.findElementsImpl(MobileApplication.java:270)
	at com.perfectomobile.selenium.MobileApplication.findElementsByName(MobileApplication.java:184)
	at com.perfectomobile.selenium.MobileApplication.findElementByName(MobileApplication.java:177)
	at org.openqa.selenium.By$ByName.findElement(By.java:303)
	at com.perfectomobile.selenium.MobileApplication.findElement(MobileApplication.java:150)
	at com.perfectomobile.selenium.server.PerfectoMobileDriver.findElement(PerfectoMobileDriver.java:612)
	at sun.reflect.GeneratedMethodAccessor1180.invoke(Unknown Source)
	at sun.reflect.DelegatingMethodAccessorImpl.invoke(DelegatingMethodAccessorImpl.java:43)
	at java.lang.reflect.Method.invoke(Method.java:498)
	at org.openqa.selenium.support.events.EventFiringWebDriver$2.invoke(EventFiringWebDriver.java:102)
	at com.sun.proxy.$Proxy279.findElement(Unknown Source)
	at org.openqa.selenium.support.events.EventFiringWebDriver.findElement(EventFiringWebDriver.java:187)
	at org.openqa.selenium.remote.server.handler.FindElement.call(FindElement.java:48)
	at org.openqa.selenium.remote.server.handler.FindElement.call(FindElement.java:33)
	at java.util.concurrent.FutureTask.run(FutureTask.java:266)
	at org.openqa.selenium.remote.server.MobileDefaultSession$1.run(MobileDefaultSession.java:182)
	... 3 more
14:20:10 Completed Teststep: When I search for "git qmetry" with arguments: [git qmetry]
14:20:10 Competed scenario: Search QMetry with status FAILURE
14:20:17 Completed Teststep: Then result should be 8 with arguments: [8]
14:20:17 Competed scenario: SampleTest with status SUCESS
14:20:23 Completed Teststep: When I search for "QAF StackOverflow" with arguments: [QAF StackOverflow]
14:20:23 Invoking Teststep: Then it should have "${searchResult}" in search results with arguments: [using QAF]
14:20:28 Completed Teststep: Then it should have "using QAF" in search results with arguments: [using QAF]
14:20:28 Competed scenario: Search Keyword with status SUCESS
14:20:28 

Executing scenario: Search Keyword - 
14:20:28 Test Data{searchResult=InfoStretch Test Automation Framework, searchKey=Selenium ISFW, recId=ISFW}
14:20:28 Invoking Teststep: Given I am on Google Search Page
14:20:31 Completed Teststep: Given I am on Google Search Page
14:20:31 Invoking Teststep: When I search for "${searchKey}" with arguments: [Selenium ISFW]
14:20:37 Completed Teststep: When I search for "Selenium ISFW" with arguments: [Selenium ISFW]
14:20:37 Invoking Teststep: Then it should have "${searchResult}" in search results with arguments: [InfoStretch Test Automation Framework]
14:20:42 Completed Teststep: Then it should have "InfoStretch Test Automation Framework" in search results with arguments: [InfoStretch Test Automation Framework]
14:20:42 Competed scenario: Search Keyword with status SUCESS
