<?xml version="1.0" encoding="UTF-8"?>
<testng-results skipped="0" failed="1" total="6" passed="5">
  <reporter-output>
    <line>
      <![CDATA[<div style="display:block;margin-left:10px;"><div  class="teststeppass"><span class="teststeppass-label">T </span>Given open calculator</div><div  class="teststeppass"><span class="teststeppass-label">T </span>When add 3 into 5</div><div  class="teststeppass"><span class="teststeppass-label">T </span>Then result should be 8</div><div style="display:block;margin-left:10px;"><div  class="pass"><span class="pass-label">P </span>Expected Input box text should be in:8 : Actual Input box text is 3+5
=8. Editing <a href="../img/SampleTest_17fh1npnoktel57228.png" target="_blank">[View Screenshot]</a> </div></div></div>]]>
    </line>
    <line>
      <![CDATA[<div style="display:block;margin-left:10px;"><div  class="teststeppass"><span class="teststeppass-label">T </span>Given I am on Google Search Page</div><div  class="teststeppass"><span class="teststeppass-label">T </span>When I search for "QAFTestStep"</div><div  class="teststeppass"><span class="teststeppass-label">T </span>Then it should have following search results:["QMetry Automation Framework","QAFTestStep"]</div><div style="display:block;margin-left:10px;"><div  class="pass"><span class="pass-label">P </span>Expected QMetry Automation Framework present : Actual QMetry Automation Framework present <a href="../img/Search QMetry with results_1ka91sww4lvoj57229.png" target="_blank">[View Screenshot]</a> </div><div  class="pass"><span class="pass-label">P </span>Expected QAFTestStep present : Actual QAFTestStep present <a href="../img/Search QMetry with results_c9npmtcdk3cu57230.png" target="_blank">[View Screenshot]</a> </div></div></div>]]>
    </line>
    <line>
      <![CDATA[<div style="display:block;margin-left:10px;"><div  class="teststeppass"><span class="teststeppass-label">T </span>Given I am on Google Search Page</div><div  class="teststepfail"><span class="teststepfail-label">T </span>When I search for "git qmetry" <a href="../img/Search QMetry_1iyt84ctv6ih857231.png" target="_blank">[View Screenshot]</a> </div><div style="display:block;margin-left:10px;"><div  class="fail"><span class="fail-label">F </span>Failed to execute command webpage.element find: findElements command failed. Reason: handset server: timeout expired.
Command duration or timeout: 30.52 seconds
Build info: version: '2.53.0', revision: '35ae25b1534ae328c771e0856c93e187490ca824', time: '2016-03-15 10:43:46'
System info: host: 'UziMac.local', ip: '172.21.31.20', os.name: 'Mac OS X', os.arch: 'x86_64', os.version: '10.11.1', java.version: '1.8.0_45'
Driver info: com.qmetry.qaf.automation.ui.webdriver.QAFExtendedWebDriver
Capabilities [{rotatable=true, testGridReportUrl=https://beta.reporting-01.perfectomobile.com?externalId[0]=uzie@perfectomobile.com_RemoteWebDriver_16-10-20_18_19_29_5113, entityType=remote_web_driver, serverConnector=, deviceName=18023FA6, platform=ANY, executionId=uzie@perfectomobile.com_RemoteWebDriver_16-10-20_18_19_29_5113, password=, webdriver.remote.sessionid=e97ed2b4-e0d7-42dc-bb39-ca388656cee3, automationName=Appium, host=beta.perfectomobile.com, singleTestReportUrl=https://beta.perfectomobile.com/nexperience/singletest/report/?reportRepositoryKey=PRIVATE:RemoteWebDriver/161020/RemoteWebDriver_16-10-20_18_19_29_5113.xml&ownerId=uzie@perfectomobile.com&sharingCode=a78b077b-b970-45ea-95ab-e4b991cbe82c, locationContextEnabled=true, takesScreenshot=true, browserName=MobileOS, scriptName=RemoteWebDriver, javascriptEnabled=true, reportKey=PRIVATE:RemoteWebDriver/161020/RemoteWebDriver_16-10-20_18_19_29_5113.xml, windTunnelReportUrl=https://beta.perfectomobile.com/nexperience/singletest/report/?reportRepositoryKey=PRIVATE:RemoteWebDriver/161020/RemoteWebDriver_16-10-20_18_19_29_5113.xml&ownerId=uzie@perfectomobile.com&sharingCode=a78b077b-b970-45ea-95ab-e4b991cbe82c, user=, cssSelectorsEnabled=true}]
Session ID: e97ed2b4-e0d7-42dc-bb39-ca388656cee3
*** Element info: {Using=name, value=q}</div></div><div  class="teststep"><span class="teststep-label">T </span>Then it should have "QMetry Automation Framework" in search results</div></div>]]>
    </line>
    <line>
      <![CDATA[<div style="display:block;margin-left:10px;"><div  class="teststeppass"><span class="teststeppass-label">T </span>Given open calculator</div><div  class="teststeppass"><span class="teststeppass-label">T </span>When add 3 into 5</div><div  class="teststeppass"><span class="teststeppass-label">T </span>Then result should be 8</div><div style="display:block;margin-left:10px;"><div  class="pass"><span class="pass-label">P </span>Expected Input box text should be 8 : Actual Input box text is 8 <a href="../img/SampleTest_14jjxdcok7h2r57232.png" target="_blank">[View Screenshot]</a> </div></div></div>]]>
    </line>
    <line>
      <![CDATA[<div style="display:block;margin-left:10px;"><div  class="teststeppass"><span class="teststeppass-label">T </span>Given I am on Google Search Page</div><div  class="teststeppass"><span class="teststeppass-label">T </span>When I search for "QAF StackOverflow"</div><div  class="teststeppass"><span class="teststeppass-label">T </span>Then it should have "using QAF" in search results</div><div style="display:block;margin-left:10px;"><div  class="pass"><span class="pass-label">P </span>Expected using QAF present : Actual using QAF present <a href="../img/Search Keyword_d85klc4h9oa057233.png" target="_blank">[View Screenshot]</a> </div></div></div>]]>
    </line>
    <line>
      <![CDATA[<div style="display:block;margin-left:10px;"><div  class="teststeppass"><span class="teststeppass-label">T </span>Given I am on Google Search Page</div><div  class="teststeppass"><span class="teststeppass-label">T </span>When I search for "Selenium ISFW"</div><div  class="teststeppass"><span class="teststeppass-label">T </span>Then it should have "InfoStretch Test Automation Framework" in search results</div><div style="display:block;margin-left:10px;"><div  class="pass"><span class="pass-label">P </span>Expected InfoStretch Test Automation Framework present : Actual InfoStretch Test Automation Framework present <a href="../img/Search Keyword_yodwp4zlsuij57234.png" target="_blank">[View Screenshot]</a> </div></div></div>]]>
    </line>
  </reporter-output>
  <suite name="QAF-Gherkin-Demo" duration-ms="73819" started-at="2016-10-20T18:19:28Z" finished-at="2016-10-20T18:20:42Z">
    <groups>
      <group name="@Web">
        <method signature="scenarios.goolge.feature.Search Keyword( java.util.Map)[pri:1002, instance:com.qmetry.qaf.automation.step.client.DataDrivenScenario@3ea]" name="Search Keyword" class="com.qmetry.qaf.automation.step.client.DataDrivenScenario"/>
        <method signature="scenarios.goolge.feature.Search QMetry with results()[pri:1001, instance:com.qmetry.qaf.automation.step.client.Scenario@3e9]" name="Search QMetry with results" class="com.qmetry.qaf.automation.step.client.Scenario"/>
        <method signature="scenarios.goolge.feature.Search QMetry()[pri:1000, instance:com.qmetry.qaf.automation.step.client.Scenario@3e8]" name="Search QMetry" class="com.qmetry.qaf.automation.step.client.Scenario"/>
      </group> <!-- @Web -->
      <group name="SMOKE">
        <method signature="scenarios.suite1.bdd.SampleTest()[pri:1003, instance:com.qmetry.qaf.automation.step.client.Scenario@3eb]" name="SampleTest" class="com.qmetry.qaf.automation.step.client.Scenario"/>
        <method signature="scenarios.suite1.bdd.SampleTest()[pri:1004, instance:com.qmetry.qaf.automation.step.client.Scenario@3ec]" name="SampleTest" class="com.qmetry.qaf.automation.step.client.Scenario"/>
      </group> <!-- SMOKE -->
    </groups>
    <test name="BDD Test android" duration-ms="48875" started-at="2016-10-20T18:19:28Z" finished-at="2016-10-20T18:20:17Z">
      <class name="com.qmetry.qaf.automation.step.client.Scenario">
        <test-method status="PASS" signature="setupTest(org.testng.ITestContext)[pri:0, instance:com.qmetry.qaf.automation.step.client.Scenario@3eb]" test-instance-name="SampleTest" name="setupTest" is-config="true" duration-ms="25" started-at="2016-10-20T14:19:28Z" finished-at="2016-10-20T14:19:28Z">
          <params>
            <param index="0">
              <value>
                <![CDATA[org.testng.TestRunner@5b136678]]>
              </value>
            </param>
          </params>
          <reporter-output>
          </reporter-output>
        </test-method> <!-- setupTest -->
        <test-method status="PASS" signature="setup(org.testng.ITestContext)[pri:0, instance:com.qmetry.qaf.automation.step.client.Scenario@3eb]" test-instance-name="SampleTest" name="setup" is-config="true" duration-ms="1" started-at="2016-10-20T14:19:28Z" finished-at="2016-10-20T14:19:28Z">
          <params>
            <param index="0">
              <value>
                <![CDATA[org.testng.TestRunner@5b136678]]>
              </value>
            </param>
          </params>
          <reporter-output>
          </reporter-output>
        </test-method> <!-- setup -->
        <test-method status="PASS" signature="setupMethod(java.lang.reflect.Method, org.testng.ITestContext)[pri:0, instance:com.qmetry.qaf.automation.step.client.Scenario@3eb]" test-instance-name="SampleTest" name="setupMethod" is-config="true" duration-ms="2" started-at="2016-10-20T14:19:28Z" finished-at="2016-10-20T14:19:28Z">
          <params>
            <param index="0">
              <value>
                <![CDATA[public void com.qmetry.qaf.automation.step.client.Scenario.scenario()]]>
              </value>
            </param>
            <param index="1">
              <value>
                <![CDATA[org.testng.TestRunner@5b136678]]>
              </value>
            </param>
          </params>
          <reporter-output>
          </reporter-output>
        </test-method> <!-- setupMethod -->
        <test-method status="PASS" signature="SampleTest()[pri:1003, instance:com.qmetry.qaf.automation.step.client.Scenario@3eb]" test-instance-name="SampleTest" name="SampleTest" duration-ms="24851" started-at="2016-10-20T14:19:28Z" description="Sample Test Scenario" finished-at="2016-10-20T14:19:53Z">
          <reporter-output>
            <line>
              <![CDATA[<div style="display:block;margin-left:10px;"><div  class="teststeppass"><span class="teststeppass-label">T </span>Given open calculator</div><div  class="teststeppass"><span class="teststeppass-label">T </span>When add 3 into 5</div><div  class="teststeppass"><span class="teststeppass-label">T </span>Then result should be 8</div><div style="display:block;margin-left:10px;"><div  class="pass"><span class="pass-label">P </span>Expected Input box text should be in:8 : Actual Input box text is 3+5
=8. Editing <a href="../img/SampleTest_17fh1npnoktel57228.png" target="_blank">[View Screenshot]</a> </div></div></div>]]>
            </line>
          </reporter-output>
        </test-method> <!-- SampleTest -->
        <test-method status="PASS" signature="afterMethod(org.testng.ITestContext, org.testng.ITestResult)[pri:0, instance:com.qmetry.qaf.automation.step.client.Scenario@3eb]" test-instance-name="SampleTest" name="afterMethod" is-config="true" duration-ms="0" started-at="2016-10-20T14:19:53Z" finished-at="2016-10-20T14:19:53Z">
          <params>
            <param index="0">
              <value>
                <![CDATA[org.testng.TestRunner@5b136678]]>
              </value>
            </param>
            <param index="1">
              <value>
                <![CDATA[[TestResult name=SampleTest status=SUCCESS method=scenarios.suite1.bdd.SampleTest()[pri:1003, instance:com.qmetry.qaf.automation.step.client.Scenario@3eb] output=<div style="display:block;margin-left:10px;"><div  class="teststeppass"><span class="teststeppass-label">T </span>Given open calculator</div><div  class="teststeppass"><span class="teststeppass-label">T </span>When add 3 into 5</div><div  class="teststeppass"><span class="teststeppass-label">T </span>Then result should be 8</div><div style="display:block;margin-left:10px;"><div  class="pass"><span class="pass-label">P </span>Expected Input box text should be in:8 : Actual Input box text is 3+5
=8. Editing <a href="../img/SampleTest_17fh1npnoktel57228.png" target="_blank">[View Screenshot]</a> </div></div></div>]]]>
              </value>
            </param>
          </params>
          <reporter-output>
          </reporter-output>
        </test-method> <!-- afterMethod -->
        <test-method status="PASS" signature="afterClass(org.testng.ITestContext)[pri:0, instance:com.qmetry.qaf.automation.step.client.Scenario@3eb]" test-instance-name="SampleTest" name="afterClass" is-config="true" duration-ms="0" started-at="2016-10-20T14:19:53Z" finished-at="2016-10-20T14:19:53Z">
          <params>
            <param index="0">
              <value>
                <![CDATA[org.testng.TestRunner@5b136678]]>
              </value>
            </param>
          </params>
          <reporter-output>
          </reporter-output>
        </test-method> <!-- afterClass -->
        <test-method status="PASS" signature="afterTest(org.testng.ITestContext)[pri:0, instance:com.qmetry.qaf.automation.step.client.Scenario@3eb]" test-instance-name="SampleTest" name="afterTest" is-config="true" duration-ms="23942" started-at="2016-10-20T14:19:53Z" finished-at="2016-10-20T14:20:17Z">
          <params>
            <param index="0">
              <value>
                <![CDATA[org.testng.TestRunner@5b136678]]>
              </value>
            </param>
          </params>
          <reporter-output>
          </reporter-output>
        </test-method> <!-- afterTest -->
      </class> <!-- com.qmetry.qaf.automation.step.client.Scenario -->
    </test> <!-- BDD Test android -->
    <test name="BDD Test ios" duration-ms="58529" started-at="2016-10-20T18:19:28Z" finished-at="2016-10-20T18:20:27Z">
      <class name="com.qmetry.qaf.automation.step.client.Scenario">
        <test-method status="PASS" signature="setupSuit(org.testng.ITestContext)[pri:0, instance:com.qmetry.qaf.automation.step.client.Scenario@3ec]" test-instance-name="SampleTest" name="setupSuit" is-config="true" duration-ms="14" started-at="2016-10-20T14:19:28Z" finished-at="2016-10-20T14:19:28Z">
          <params>
            <param index="0">
              <value>
                <![CDATA[org.testng.TestRunner@2893de87]]>
              </value>
            </param>
          </params>
          <reporter-output>
          </reporter-output>
        </test-method> <!-- setupSuit -->
        <test-method status="PASS" signature="setupTest(org.testng.ITestContext)[pri:0, instance:com.qmetry.qaf.automation.step.client.Scenario@3ec]" test-instance-name="SampleTest" name="setupTest" is-config="true" duration-ms="24" started-at="2016-10-20T14:19:28Z" finished-at="2016-10-20T14:19:28Z">
          <params>
            <param index="0">
              <value>
                <![CDATA[org.testng.TestRunner@2893de87]]>
              </value>
            </param>
          </params>
          <reporter-output>
          </reporter-output>
        </test-method> <!-- setupTest -->
        <test-method status="PASS" signature="setup(org.testng.ITestContext)[pri:0, instance:com.qmetry.qaf.automation.step.client.Scenario@3ec]" test-instance-name="SampleTest" name="setup" is-config="true" duration-ms="1" started-at="2016-10-20T14:19:28Z" finished-at="2016-10-20T14:19:28Z">
          <params>
            <param index="0">
              <value>
                <![CDATA[org.testng.TestRunner@2893de87]]>
              </value>
            </param>
          </params>
          <reporter-output>
          </reporter-output>
        </test-method> <!-- setup -->
        <test-method status="PASS" signature="setupMethod(java.lang.reflect.Method, org.testng.ITestContext)[pri:0, instance:com.qmetry.qaf.automation.step.client.Scenario@3ec]" test-instance-name="SampleTest" name="setupMethod" is-config="true" duration-ms="1" started-at="2016-10-20T14:19:28Z" finished-at="2016-10-20T14:19:28Z">
          <params>
            <param index="0">
              <value>
                <![CDATA[public void com.qmetry.qaf.automation.step.client.Scenario.scenario()]]>
              </value>
            </param>
            <param index="1">
              <value>
                <![CDATA[org.testng.TestRunner@2893de87]]>
              </value>
            </param>
          </params>
          <reporter-output>
          </reporter-output>
        </test-method> <!-- setupMethod -->
        <test-method status="PASS" signature="SampleTest()[pri:1004, instance:com.qmetry.qaf.automation.step.client.Scenario@3ec]" test-instance-name="SampleTest" name="SampleTest" duration-ms="48491" started-at="2016-10-20T14:19:28Z" description="Sample Test Scenario" finished-at="2016-10-20T14:20:17Z">
          <reporter-output>
            <line>
              <![CDATA[<div style="display:block;margin-left:10px;"><div  class="teststeppass"><span class="teststeppass-label">T </span>Given open calculator</div><div  class="teststeppass"><span class="teststeppass-label">T </span>When add 3 into 5</div><div  class="teststeppass"><span class="teststeppass-label">T </span>Then result should be 8</div><div style="display:block;margin-left:10px;"><div  class="pass"><span class="pass-label">P </span>Expected Input box text should be 8 : Actual Input box text is 8 <a href="../img/SampleTest_14jjxdcok7h2r57232.png" target="_blank">[View Screenshot]</a> </div></div></div>]]>
            </line>
          </reporter-output>
        </test-method> <!-- SampleTest -->
        <test-method status="PASS" signature="afterMethod(org.testng.ITestContext, org.testng.ITestResult)[pri:0, instance:com.qmetry.qaf.automation.step.client.Scenario@3ec]" test-instance-name="SampleTest" name="afterMethod" is-config="true" duration-ms="0" started-at="2016-10-20T14:20:17Z" finished-at="2016-10-20T14:20:17Z">
          <params>
            <param index="0">
              <value>
                <![CDATA[org.testng.TestRunner@2893de87]]>
              </value>
            </param>
            <param index="1">
              <value>
                <![CDATA[[TestResult name=SampleTest status=SUCCESS method=scenarios.suite1.bdd.SampleTest()[pri:1004, instance:com.qmetry.qaf.automation.step.client.Scenario@3ec] output=<div style="display:block;margin-left:10px;"><div  class="teststeppass"><span class="teststeppass-label">T </span>Given open calculator</div><div  class="teststeppass"><span class="teststeppass-label">T </span>When add 3 into 5</div><div  class="teststeppass"><span class="teststeppass-label">T </span>Then result should be 8</div><div style="display:block;margin-left:10px;"><div  class="pass"><span class="pass-label">P </span>Expected Input box text should be 8 : Actual Input box text is 8 <a href="../img/SampleTest_14jjxdcok7h2r57232.png" target="_blank">[View Screenshot]</a> </div></div></div>]]]>
              </value>
            </param>
          </params>
          <reporter-output>
          </reporter-output>
        </test-method> <!-- afterMethod -->
        <test-method status="PASS" signature="afterClass(org.testng.ITestContext)[pri:0, instance:com.qmetry.qaf.automation.step.client.Scenario@3ec]" test-instance-name="SampleTest" name="afterClass" is-config="true" duration-ms="0" started-at="2016-10-20T14:20:17Z" finished-at="2016-10-20T14:20:17Z">
          <params>
            <param index="0">
              <value>
                <![CDATA[org.testng.TestRunner@2893de87]]>
              </value>
            </param>
          </params>
          <reporter-output>
          </reporter-output>
        </test-method> <!-- afterClass -->
        <test-method status="PASS" signature="afterTest(org.testng.ITestContext)[pri:0, instance:com.qmetry.qaf.automation.step.client.Scenario@3ec]" test-instance-name="SampleTest" name="afterTest" is-config="true" duration-ms="9969" started-at="2016-10-20T14:20:17Z" finished-at="2016-10-20T14:20:27Z">
          <params>
            <param index="0">
              <value>
                <![CDATA[org.testng.TestRunner@2893de87]]>
              </value>
            </param>
          </params>
          <reporter-output>
          </reporter-output>
        </test-method> <!-- afterTest -->
        <test-method status="PASS" signature="afterSuit(org.testng.ITestContext)[pri:0, instance:com.qmetry.qaf.automation.step.client.Scenario@3ec]" test-instance-name="SampleTest" name="afterSuit" is-config="true" duration-ms="52126" started-at="2016-10-20T14:20:42Z" finished-at="2016-10-20T14:21:34Z">
          <params>
            <param index="0">
              <value>
                <![CDATA[org.testng.TestRunner@2893de87]]>
              </value>
            </param>
          </params>
          <reporter-output>
          </reporter-output>
        </test-method> <!-- afterSuit -->
      </class> <!-- com.qmetry.qaf.automation.step.client.Scenario -->
    </test> <!-- BDD Test ios -->
    <test name="GherkinTest" duration-ms="73819" started-at="2016-10-20T18:19:28Z" finished-at="2016-10-20T18:20:42Z">
      <class name="com.qmetry.qaf.automation.step.client.Scenario">
        <test-method status="PASS" signature="setupTest(org.testng.ITestContext)[pri:0, instance:com.qmetry.qaf.automation.step.client.Scenario@3e9]" test-instance-name="Search QMetry" name="setupTest" is-config="true" duration-ms="3" started-at="2016-10-20T14:19:28Z" finished-at="2016-10-20T14:19:28Z">
          <params>
            <param index="0">
              <value>
                <![CDATA[org.testng.TestRunner@6aed248d]]>
              </value>
            </param>
          </params>
          <reporter-output>
          </reporter-output>
        </test-method> <!-- setupTest -->
        <test-method status="PASS" signature="setup(org.testng.ITestContext)[pri:0, instance:com.qmetry.qaf.automation.step.client.Scenario@3e9]" test-instance-name="Search QMetry" name="setup" is-config="true" duration-ms="3" started-at="2016-10-20T14:19:28Z" finished-at="2016-10-20T14:19:28Z">
          <params>
            <param index="0">
              <value>
                <![CDATA[org.testng.TestRunner@6aed248d]]>
              </value>
            </param>
          </params>
          <reporter-output>
          </reporter-output>
        </test-method> <!-- setup -->
        <test-method status="PASS" signature="setup(org.testng.ITestContext)[pri:0, instance:com.qmetry.qaf.automation.step.client.Scenario@3e9]" test-instance-name="Search QMetry with results" name="setup" is-config="true" duration-ms="2" started-at="2016-10-20T14:19:28Z" finished-at="2016-10-20T14:19:28Z">
          <params>
            <param index="0">
              <value>
                <![CDATA[org.testng.TestRunner@6aed248d]]>
              </value>
            </param>
          </params>
          <reporter-output>
          </reporter-output>
        </test-method> <!-- setup -->
        <test-method status="PASS" signature="setupMethod(java.lang.reflect.Method, org.testng.ITestContext)[pri:0, instance:com.qmetry.qaf.automation.step.client.Scenario@3e9]" test-instance-name="Search QMetry" name="setupMethod" is-config="true" duration-ms="2" started-at="2016-10-20T14:19:28Z" finished-at="2016-10-20T14:19:28Z">
          <params>
            <param index="0">
              <value>
                <![CDATA[public void com.qmetry.qaf.automation.step.client.Scenario.scenario()]]>
              </value>
            </param>
            <param index="1">
              <value>
                <![CDATA[org.testng.TestRunner@6aed248d]]>
              </value>
            </param>
          </params>
          <reporter-output>
          </reporter-output>
        </test-method> <!-- setupMethod -->
        <test-method status="PASS" signature="setupMethod(java.lang.reflect.Method, org.testng.ITestContext)[pri:0, instance:com.qmetry.qaf.automation.step.client.Scenario@3e9]" test-instance-name="Search QMetry with results" name="setupMethod" is-config="true" duration-ms="1" started-at="2016-10-20T14:19:28Z" finished-at="2016-10-20T14:19:28Z">
          <params>
            <param index="0">
              <value>
                <![CDATA[public void com.qmetry.qaf.automation.step.client.Scenario.scenario()]]>
              </value>
            </param>
            <param index="1">
              <value>
                <![CDATA[org.testng.TestRunner@6aed248d]]>
              </value>
            </param>
          </params>
          <reporter-output>
          </reporter-output>
        </test-method> <!-- setupMethod -->
        <test-method status="FAIL" signature="Search QMetry()[pri:1000, instance:com.qmetry.qaf.automation.step.client.Scenario@3e8]" test-instance-name="Search QMetry" name="Search QMetry" duration-ms="41764" started-at="2016-10-20T14:19:28Z" finished-at="2016-10-20T14:20:10Z">
          <exception class="org.openqa.selenium.WebDriverException">
            <message>
              <![CDATA[Failed to execute command webpage.element find: findElements command failed. Reason: handset server: timeout expired.
Command duration or timeout: 30.52 seconds
Build info: version: '2.53.0', revision: '35ae25b1534ae328c771e0856c93e187490ca824', time: '2016-03-15 10:43:46'
System info: host: 'UziMac.local', ip: '172.21.31.20', os.name: 'Mac OS X', os.arch: 'x86_64', os.version: '10.11.1', java.version: '1.8.0_45'
Driver info: com.qmetry.qaf.automation.ui.webdriver.QAFExtendedWebDriver
Capabilities [{rotatable=true, testGridReportUrl=https://beta.reporting-01.perfectomobile.com?externalId[0]=uzie@perfectomobile.com_RemoteWebDriver_16-10-20_18_19_29_5113, entityType=remote_web_driver, serverConnector=, deviceName=18023FA6, platform=ANY, executionId=uzie@perfectomobile.com_RemoteWebDriver_16-10-20_18_19_29_5113, password=, webdriver.remote.sessionid=e97ed2b4-e0d7-42dc-bb39-ca388656cee3, automationName=Appium, host=beta.perfectomobile.com, singleTestReportUrl=https://beta.perfectomobile.com/nexperience/singletest/report/?reportRepositoryKey=PRIVATE:RemoteWebDriver/161020/RemoteWebDriver_16-10-20_18_19_29_5113.xml&ownerId=uzie@perfectomobile.com&sharingCode=a78b077b-b970-45ea-95ab-e4b991cbe82c, locationContextEnabled=true, takesScreenshot=true, browserName=MobileOS, scriptName=RemoteWebDriver, javascriptEnabled=true, reportKey=PRIVATE:RemoteWebDriver/161020/RemoteWebDriver_16-10-20_18_19_29_5113.xml, windTunnelReportUrl=https://beta.perfectomobile.com/nexperience/singletest/report/?reportRepositoryKey=PRIVATE:RemoteWebDriver/161020/RemoteWebDriver_16-10-20_18_19_29_5113.xml&ownerId=uzie@perfectomobile.com&sharingCode=a78b077b-b970-45ea-95ab-e4b991cbe82c, user=, cssSelectorsEnabled=true}]
Session ID: e97ed2b4-e0d7-42dc-bb39-ca388656cee3
*** Element info: {Using=name, value=q}]]>
            </message>
            <full-stacktrace>
              <![CDATA[org.openqa.selenium.WebDriverException: Failed to execute command webpage.element find: findElements command failed. Reason: handset server: timeout expired.
Command duration or timeout: 30.52 seconds
Build info: version: '2.53.0', revision: '35ae25b1534ae328c771e0856c93e187490ca824', time: '2016-03-15 10:43:46'
System info: host: 'UziMac.local', ip: '172.21.31.20', os.name: 'Mac OS X', os.arch: 'x86_64', os.version: '10.11.1', java.version: '1.8.0_45'
Driver info: com.qmetry.qaf.automation.ui.webdriver.QAFExtendedWebDriver
Capabilities [{rotatable=true, testGridReportUrl=https://beta.reporting-01.perfectomobile.com?externalId[0]=uzie@perfectomobile.com_RemoteWebDriver_16-10-20_18_19_29_5113, entityType=remote_web_driver, serverConnector=, deviceName=18023FA6, platform=ANY, executionId=uzie@perfectomobile.com_RemoteWebDriver_16-10-20_18_19_29_5113, password=, webdriver.remote.sessionid=e97ed2b4-e0d7-42dc-bb39-ca388656cee3, automationName=Appium, host=beta.perfectomobile.com, singleTestReportUrl=https://beta.perfectomobile.com/nexperience/singletest/report/?reportRepositoryKey=PRIVATE:RemoteWebDriver/161020/RemoteWebDriver_16-10-20_18_19_29_5113.xml&ownerId=uzie@perfectomobile.com&sharingCode=a78b077b-b970-45ea-95ab-e4b991cbe82c, locationContextEnabled=true, takesScreenshot=true, browserName=MobileOS, scriptName=RemoteWebDriver, javascriptEnabled=true, reportKey=PRIVATE:RemoteWebDriver/161020/RemoteWebDriver_16-10-20_18_19_29_5113.xml, windTunnelReportUrl=https://beta.perfectomobile.com/nexperience/singletest/report/?reportRepositoryKey=PRIVATE:RemoteWebDriver/161020/RemoteWebDriver_16-10-20_18_19_29_5113.xml&ownerId=uzie@perfectomobile.com&sharingCode=a78b077b-b970-45ea-95ab-e4b991cbe82c, user=, cssSelectorsEnabled=true}]
Session ID: e97ed2b4-e0d7-42dc-bb39-ca388656cee3
*** Element info: {Using=name, value=q}
	at .When I search for "git qmetry"(scenarios/goolge.feature:6)
	at org.openqa.selenium.remote.ErrorHandler.createThrowable(ErrorHandler.java:206)
	at org.openqa.selenium.remote.ErrorHandler.throwIfResponseFailed(ErrorHandler.java:158)
	at org.openqa.selenium.remote.RemoteWebDriver.execute(RemoteWebDriver.java:678)
	at com.qmetry.qaf.automation.ui.webdriver.QAFExtendedWebDriver.execute(QAFExtendedWebDriver.java:223)
	at org.openqa.selenium.remote.RemoteWebDriver.findElement(RemoteWebDriver.java:363)
	at org.openqa.selenium.remote.RemoteWebDriver.findElementByName(RemoteWebDriver.java:461)
	at com.qmetry.qaf.automation.ui.webdriver.QAFExtendedWebDriver.findElementByName(QAFExtendedWebDriver.java:370)
	at com.qmetry.qaf.automation.ui.webdriver.QAFExtendedWebDriver.findElementByName(QAFExtendedWebDriver.java:1)
	at org.openqa.selenium.By$ByName.findElement(By.java:303)
	at org.openqa.selenium.remote.RemoteWebDriver.findElement(RemoteWebDriver.java:355)
	at com.qmetry.qaf.automation.ui.webdriver.QAFExtendedWebDriver.findElement(QAFExtendedWebDriver.java:158)
	at com.qmetry.qaf.automation.ui.webdriver.QAFExtendedWebDriver.findElement(QAFExtendedWebDriver.java:1)
	at org.openqa.selenium.support.ui.ExpectedConditions.findElement(ExpectedConditions.java:899)
	at org.openqa.selenium.support.ui.ExpectedConditions.access$000(ExpectedConditions.java:41)
	at org.openqa.selenium.support.ui.ExpectedConditions$6.apply(ExpectedConditions.java:181)
	at org.openqa.selenium.support.ui.ExpectedConditions$6.apply(ExpectedConditions.java:178)
	at org.openqa.selenium.support.ui.FluentWait.until(FluentWait.java:238)
	at com.qmetry.qaf.automation.ui.webdriver.QAFExtendedWebDriver.load(QAFExtendedWebDriver.java:203)
	at com.qmetry.qaf.automation.ui.webdriver.QAFExtendedWebElement.load(QAFExtendedWebElement.java:253)
	at com.qmetry.qaf.automation.ui.webdriver.QAFExtendedWebElement.execute(QAFExtendedWebElement.java:208)
	at org.openqa.selenium.remote.RemoteWebElement.clear(RemoteWebElement.java:140)
	at com.qmetry.qaf.examples.steps.cucumber.GoogleStepDefs.I_search_for(GoogleStepDefs.java:24)
	at com.qmetry.qaf.automation.step.JavaStep.doExecute(JavaStep.java:149)
	at com.qmetry.qaf.automation.step.BaseTestStep.execute(BaseTestStep.java:148)
	at com.qmetry.qaf.automation.step.StringTestStep.execute(StringTestStep.java:130)
	at com.qmetry.qaf.automation.step.client.Scenario.execute(Scenario.java:148)
	at com.qmetry.qaf.automation.step.client.Scenario.scenario(Scenario.java:196)
	at java.util.concurrent.ThreadPoolExecutor.runWorker(ThreadPoolExecutor.java:1142)
	at java.util.concurrent.ThreadPoolExecutor$Worker.run(ThreadPoolExecutor.java:617)
	at java.lang.Thread.run(Thread.java:745)
Caused by: org.openqa.selenium.remote.ScreenshotException: Screen shot has been taken
Build info: version: '2.53.0', revision: '35ae25b1534ae328c771e0856c93e187490ca824', time: '2016-03-15 10:43:46'
System info: host: 'UziMac.local', ip: '172.21.31.20', os.name: 'Mac OS X', os.arch: 'x86_64', os.version: '10.11.1', java.version: '1.8.0_45'
Driver info: driver.version: QAFExtendedWebDriver
	at org.openqa.selenium.remote.ErrorHandler.throwIfResponseFailed(ErrorHandler.java:138)
	at org.openqa.selenium.remote.RemoteWebDriver.execute(RemoteWebDriver.java:678)
	at com.qmetry.qaf.automation.ui.webdriver.QAFExtendedWebDriver.execute(QAFExtendedWebDriver.java:223)
	at org.openqa.selenium.remote.RemoteWebDriver.findElement(RemoteWebDriver.java:363)
	at org.openqa.selenium.remote.RemoteWebDriver.findElementByName(RemoteWebDriver.java:461)
	at com.qmetry.qaf.automation.ui.webdriver.QAFExtendedWebDriver.findElementByName(QAFExtendedWebDriver.java:370)
	at com.qmetry.qaf.automation.ui.webdriver.QAFExtendedWebDriver.findElementByName(QAFExtendedWebDriver.java:1)
	at org.openqa.selenium.By$ByName.findElement(By.java:303)
	at org.openqa.selenium.remote.RemoteWebDriver.findElement(RemoteWebDriver.java:355)
	at com.qmetry.qaf.automation.ui.webdriver.QAFExtendedWebDriver.findElement(QAFExtendedWebDriver.java:158)
	at com.qmetry.qaf.automation.ui.webdriver.QAFExtendedWebDriver.findElement(QAFExtendedWebDriver.java:1)
	at org.openqa.selenium.support.ui.ExpectedConditions.findElement(ExpectedConditions.java:899)
	at org.openqa.selenium.support.ui.ExpectedConditions.access$000(ExpectedConditions.java:41)
	at org.openqa.selenium.support.ui.ExpectedConditions$6.apply(ExpectedConditions.java:181)
	at org.openqa.selenium.support.ui.ExpectedConditions$6.apply(ExpectedConditions.java:178)
	at org.openqa.selenium.support.ui.FluentWait.until(FluentWait.java:238)
	at com.qmetry.qaf.automation.ui.webdriver.QAFExtendedWebDriver.load(QAFExtendedWebDriver.java:203)
	at com.qmetry.qaf.automation.ui.webdriver.QAFExtendedWebElement.load(QAFExtendedWebElement.java:253)
	at com.qmetry.qaf.automation.ui.webdriver.QAFExtendedWebElement.execute(QAFExtendedWebElement.java:208)
	at org.openqa.selenium.remote.RemoteWebElement.clear(RemoteWebElement.java:140)
	at com.qmetry.qaf.examples.steps.cucumber.GoogleStepDefs.I_search_for(GoogleStepDefs.java:24)
	at sun.reflect.NativeMethodAccessorImpl.invoke0(Native Method)
	at sun.reflect.NativeMethodAccessorImpl.invoke(NativeMethodAccessorImpl.java:62)
	at sun.reflect.DelegatingMethodAccessorImpl.invoke(DelegatingMethodAccessorImpl.java:43)
	at java.lang.reflect.Method.invoke(Method.java:497)
	at com.qmetry.qaf.automation.step.JavaStep.doExecute(JavaStep.java:149)
	at com.qmetry.qaf.automation.step.BaseTestStep.execute(BaseTestStep.java:148)
	at com.qmetry.qaf.automation.step.StringTestStep.execute(StringTestStep.java:130)
	at com.qmetry.qaf.automation.step.client.Scenario.execute(Scenario.java:148)
	at com.qmetry.qaf.automation.step.client.Scenario.scenario(Scenario.java:196)
	at sun.reflect.NativeMethodAccessorImpl.invoke0(Native Method)
	at sun.reflect.NativeMethodAccessorImpl.invoke(NativeMethodAccessorImpl.java:62)
	at sun.reflect.DelegatingMethodAccessorImpl.invoke(DelegatingMethodAccessorImpl.java:43)
	at java.lang.reflect.Method.invoke(Method.java:497)
	at org.testng.internal.MethodInvocationHelper.invokeMethod(MethodInvocationHelper.java:86)
	at org.testng.internal.Invoker.invokeMethod(Invoker.java:643)
	at org.testng.internal.Invoker.invokeTestMethod(Invoker.java:820)
	at org.testng.internal.Invoker.invokeTestMethods(Invoker.java:1128)
	at org.testng.internal.TestMethodWorker.invokeTestMethods(TestMethodWorker.java:129)
	at org.testng.internal.TestMethodWorker.run(TestMethodWorker.java:112)
	... 3 more
Caused by: java.lang.RuntimeException: Failed to execute command webpage.element find: findElements command failed. Reason: handset server: timeout expired.
	at com.perfectomobile.selenium.MobileEntity.processCommonResponse(MobileEntity.java:98)
	at com.perfectomobile.selenium.MobileDevice.processResponse(MobileDevice.java:510)
	at com.perfectomobile.selenium.MobileApplication.processResponse(MobileApplication.java:54)
	at com.perfectomobile.selenium.dom.MobileDOMApplication.processResponse(MobileDOMApplication.java:463)
	at com.perfectomobile.selenium.MobileEntity.executeCommand(MobileEntity.java:57)
	at com.perfectomobile.selenium.MobileEntity.executeCommand(MobileEntity.java:50)
	at com.perfectomobile.selenium.MobileApplication.findElementsImpl(MobileApplication.java:290)
	at com.perfectomobile.selenium.dom.MobileDOMApplication.findElementsImpl(MobileDOMApplication.java:485)
	at com.perfectomobile.selenium.MobileApplication.findElementsImpl(MobileApplication.java:270)
	at com.perfectomobile.selenium.MobileApplication.findElementsByName(MobileApplication.java:184)
	at com.perfectomobile.selenium.MobileApplication.findElementByName(MobileApplication.java:177)
	at org.openqa.selenium.By$ByName.findElement(By.java:303)
	at com.perfectomobile.selenium.MobileApplication.findElement(MobileApplication.java:150)
	at com.perfectomobile.selenium.server.PerfectoMobileDriver.findElement(PerfectoMobileDriver.java:612)
	at sun.reflect.GeneratedMethodAccessor1180.invoke(Unknown Source)
	at sun.reflect.DelegatingMethodAccessorImpl.invoke(DelegatingMethodAccessorImpl.java:43)
	at java.lang.reflect.Method.invoke(Method.java:498)
	at org.openqa.selenium.support.events.EventFiringWebDriver$2.invoke(EventFiringWebDriver.java:102)
	at com.sun.proxy.$Proxy279.findElement(Unknown Source)
	at org.openqa.selenium.support.events.EventFiringWebDriver.findElement(EventFiringWebDriver.java:187)
	at org.openqa.selenium.remote.server.handler.FindElement.call(FindElement.java:48)
	at org.openqa.selenium.remote.server.handler.FindElement.call(FindElement.java:33)
	at java.util.concurrent.FutureTask.run(FutureTask.java:266)
	at org.openqa.selenium.remote.server.MobileDefaultSession$1.run(MobileDefaultSession.java:182)
	... 3 more
]]>
            </full-stacktrace>
          </exception> <!-- org.openqa.selenium.WebDriverException -->
          <reporter-output>
            <line>
              <![CDATA[<div style="display:block;margin-left:10px;"><div  class="teststeppass"><span class="teststeppass-label">T </span>Given I am on Google Search Page</div><div  class="teststepfail"><span class="teststepfail-label">T </span>When I search for "git qmetry" <a href="../img/Search QMetry_1iyt84ctv6ih857231.png" target="_blank">[View Screenshot]</a> </div><div style="display:block;margin-left:10px;"><div  class="fail"><span class="fail-label">F </span>Failed to execute command webpage.element find: findElements command failed. Reason: handset server: timeout expired.
Command duration or timeout: 30.52 seconds
Build info: version: '2.53.0', revision: '35ae25b1534ae328c771e0856c93e187490ca824', time: '2016-03-15 10:43:46'
System info: host: 'UziMac.local', ip: '172.21.31.20', os.name: 'Mac OS X', os.arch: 'x86_64', os.version: '10.11.1', java.version: '1.8.0_45'
Driver info: com.qmetry.qaf.automation.ui.webdriver.QAFExtendedWebDriver
Capabilities [{rotatable=true, testGridReportUrl=https://beta.reporting-01.perfectomobile.com?externalId[0]=uzie@perfectomobile.com_RemoteWebDriver_16-10-20_18_19_29_5113, entityType=remote_web_driver, serverConnector=, deviceName=18023FA6, platform=ANY, executionId=uzie@perfectomobile.com_RemoteWebDriver_16-10-20_18_19_29_5113, password=, webdriver.remote.sessionid=e97ed2b4-e0d7-42dc-bb39-ca388656cee3, automationName=Appium, host=beta.perfectomobile.com, singleTestReportUrl=https://beta.perfectomobile.com/nexperience/singletest/report/?reportRepositoryKey=PRIVATE:RemoteWebDriver/161020/RemoteWebDriver_16-10-20_18_19_29_5113.xml&ownerId=uzie@perfectomobile.com&sharingCode=a78b077b-b970-45ea-95ab-e4b991cbe82c, locationContextEnabled=true, takesScreenshot=true, browserName=MobileOS, scriptName=RemoteWebDriver, javascriptEnabled=true, reportKey=PRIVATE:RemoteWebDriver/161020/RemoteWebDriver_16-10-20_18_19_29_5113.xml, windTunnelReportUrl=https://beta.perfectomobile.com/nexperience/singletest/report/?reportRepositoryKey=PRIVATE:RemoteWebDriver/161020/RemoteWebDriver_16-10-20_18_19_29_5113.xml&ownerId=uzie@perfectomobile.com&sharingCode=a78b077b-b970-45ea-95ab-e4b991cbe82c, user=, cssSelectorsEnabled=true}]
Session ID: e97ed2b4-e0d7-42dc-bb39-ca388656cee3
*** Element info: {Using=name, value=q}</div></div><div  class="teststep"><span class="teststep-label">T </span>Then it should have "QMetry Automation Framework" in search results</div></div>]]>
            </line>
          </reporter-output>
        </test-method> <!-- Search QMetry -->
        <test-method status="PASS" signature="Search QMetry with results()[pri:1001, instance:com.qmetry.qaf.automation.step.client.Scenario@3e9]" test-instance-name="Search QMetry with results" name="Search QMetry with results" duration-ms="34124" started-at="2016-10-20T14:19:28Z" finished-at="2016-10-20T14:20:02Z">
          <reporter-output>
            <line>
              <![CDATA[<div style="display:block;margin-left:10px;"><div  class="teststeppass"><span class="teststeppass-label">T </span>Given I am on Google Search Page</div><div  class="teststeppass"><span class="teststeppass-label">T </span>When I search for "QAFTestStep"</div><div  class="teststeppass"><span class="teststeppass-label">T </span>Then it should have following search results:["QMetry Automation Framework","QAFTestStep"]</div><div style="display:block;margin-left:10px;"><div  class="pass"><span class="pass-label">P </span>Expected QMetry Automation Framework present : Actual QMetry Automation Framework present <a href="../img/Search QMetry with results_1ka91sww4lvoj57229.png" target="_blank">[View Screenshot]</a> </div><div  class="pass"><span class="pass-label">P </span>Expected QAFTestStep present : Actual QAFTestStep present <a href="../img/Search QMetry with results_c9npmtcdk3cu57230.png" target="_blank">[View Screenshot]</a> </div></div></div>]]>
            </line>
          </reporter-output>
        </test-method> <!-- Search QMetry with results -->
        <test-method status="PASS" signature="afterMethod(org.testng.ITestContext, org.testng.ITestResult)[pri:0, instance:com.qmetry.qaf.automation.step.client.Scenario@3e9]" test-instance-name="Search QMetry with results" name="afterMethod" is-config="true" duration-ms="0" started-at="2016-10-20T14:20:02Z" finished-at="2016-10-20T14:20:02Z">
          <params>
            <param index="0">
              <value>
                <![CDATA[org.testng.TestRunner@6aed248d]]>
              </value>
            </param>
            <param index="1">
              <value>
                <![CDATA[[TestResult name=Search QMetry with results status=SUCCESS method=scenarios.goolge.feature.Search QMetry with results()[pri:1001, instance:com.qmetry.qaf.automation.step.client.Scenario@3e9] output=<div style="display:block;margin-left:10px;"><div  class="teststeppass"><span class="teststeppass-label">T </span>Given I am on Google Search Page</div><div  class="teststeppass"><span class="teststeppass-label">T </span>When I search for "QAFTestStep"</div><div  class="teststeppass"><span class="teststeppass-label">T </span>Then it should have following search results:["QMetry Automation Framework","QAFTestStep"]</div><div style="display:block;margin-left:10px;"><div  class="pass"><span class="pass-label">P </span>Expected QMetry Automation Framework present : Actual QMetry Automation Framework present <a href="../img/Search QMetry with results_1ka91sww4lvoj57229.png" target="_blank">[View Screenshot]</a> </div><div  class="pass"><span class="pass-label">P </span>Expected QAFTestStep present : Actual QAFTestStep present <a href="../img/Search QMetry with results_c9npmtcdk3cu57230.png" target="_blank">[View Screenshot]</a> </div></div></div>]]]>
              </value>
            </param>
          </params>
          <reporter-output>
          </reporter-output>
        </test-method> <!-- afterMethod -->
        <test-method status="PASS" signature="afterClass(org.testng.ITestContext)[pri:0, instance:com.qmetry.qaf.automation.step.client.Scenario@3e9]" test-instance-name="Search QMetry with results" name="afterClass" is-config="true" duration-ms="1" started-at="2016-10-20T14:20:02Z" finished-at="2016-10-20T14:20:02Z">
          <params>
            <param index="0">
              <value>
                <![CDATA[org.testng.TestRunner@6aed248d]]>
              </value>
            </param>
          </params>
          <reporter-output>
          </reporter-output>
        </test-method> <!-- afterClass -->
        <test-method status="PASS" signature="afterClass(org.testng.ITestContext)[pri:0, instance:com.qmetry.qaf.automation.step.client.Scenario@3e9]" test-instance-name="Search QMetry" name="afterClass" is-config="true" duration-ms="1" started-at="2016-10-20T14:20:12Z" finished-at="2016-10-20T14:20:12Z">
          <params>
            <param index="0">
              <value>
                <![CDATA[org.testng.TestRunner@6aed248d]]>
              </value>
            </param>
          </params>
          <reporter-output>
          </reporter-output>
        </test-method> <!-- afterClass -->
        <test-method status="PASS" signature="afterMethod(org.testng.ITestContext, org.testng.ITestResult)[pri:0, instance:com.qmetry.qaf.automation.step.client.Scenario@3e9]" test-instance-name="Search QMetry" name="afterMethod" is-config="true" duration-ms="0" started-at="2016-10-20T14:20:12Z" finished-at="2016-10-20T14:20:12Z">
          <params>
            <param index="0">
              <value>
                <![CDATA[org.testng.TestRunner@6aed248d]]>
              </value>
            </param>
            <param index="1">
              <value>
                <![CDATA[[TestResult name=Search QMetry status=FAILURE method=scenarios.goolge.feature.Search QMetry()[pri:1000, instance:com.qmetry.qaf.automation.step.client.Scenario@3e8] output=<div style="display:block;margin-left:10px;"><div  class="teststeppass"><span class="teststeppass-label">T </span>Given I am on Google Search Page</div><div  class="teststepfail"><span class="teststepfail-label">T </span>When I search for "git qmetry" <a href="../img/Search QMetry_1iyt84ctv6ih857231.png" target="_blank">[View Screenshot]</a> </div><div style="display:block;margin-left:10px;"><div  class="fail"><span class="fail-label">F </span>Failed to execute command webpage.element find: findElements command failed. Reason: handset server: timeout expired.
Command duration or timeout: 30.52 seconds
Build info: version: '2.53.0', revision: '35ae25b1534ae328c771e0856c93e187490ca824', time: '2016-03-15 10:43:46'
System info: host: 'UziMac.local', ip: '172.21.31.20', os.name: 'Mac OS X', os.arch: 'x86_64', os.version: '10.11.1', java.version: '1.8.0_45'
Driver info: com.qmetry.qaf.automation.ui.webdriver.QAFExtendedWebDriver
Capabilities [{rotatable=true, testGridReportUrl=https://beta.reporting-01.perfectomobile.com?externalId[0]=uzie@perfectomobile.com_RemoteWebDriver_16-10-20_18_19_29_5113, entityType=remote_web_driver, serverConnector=, deviceName=18023FA6, platform=ANY, executionId=uzie@perfectomobile.com_RemoteWebDriver_16-10-20_18_19_29_5113, password=, webdriver.remote.sessionid=e97ed2b4-e0d7-42dc-bb39-ca388656cee3, automationName=Appium, host=beta.perfectomobile.com, singleTestReportUrl=https://beta.perfectomobile.com/nexperience/singletest/report/?reportRepositoryKey=PRIVATE:RemoteWebDriver/161020/RemoteWebDriver_16-10-20_18_19_29_5113.xml&ownerId=uzie@perfectomobile.com&sharingCode=a78b077b-b970-45ea-95ab-e4b991cbe82c, locationContextEnabled=true, takesScreenshot=true, browserName=MobileOS, scriptName=RemoteWebDriver, javascriptEnabled=true, reportKey=PRIVATE:RemoteWebDriver/161020/RemoteWebDriver_16-10-20_18_19_29_5113.xml, windTunnelReportUrl=https://beta.perfectomobile.com/nexperience/singletest/report/?reportRepositoryKey=PRIVATE:RemoteWebDriver/161020/RemoteWebDriver_16-10-20_18_19_29_5113.xml&ownerId=uzie@perfectomobile.com&sharingCode=a78b077b-b970-45ea-95ab-e4b991cbe82c, user=, cssSelectorsEnabled=true}]
Session ID: e97ed2b4-e0d7-42dc-bb39-ca388656cee3
*** Element info: {Using=name, value=q}</div></div><div  class="teststep"><span class="teststep-label">T </span>Then it should have "QMetry Automation Framework" in search results</div></div>]]]>
              </value>
            </param>
          </params>
          <reporter-output>
          </reporter-output>
        </test-method> <!-- afterMethod -->
        <test-method status="PASS" signature="afterTest(org.testng.ITestContext)[pri:0, instance:com.qmetry.qaf.automation.step.client.Scenario@3e9]" test-instance-name="Search QMetry" name="afterTest" is-config="true" duration-ms="0" started-at="2016-10-20T14:20:42Z" finished-at="2016-10-20T14:20:42Z">
          <params>
            <param index="0">
              <value>
                <![CDATA[org.testng.TestRunner@6aed248d]]>
              </value>
            </param>
          </params>
          <reporter-output>
          </reporter-output>
        </test-method> <!-- afterTest -->
      </class> <!-- com.qmetry.qaf.automation.step.client.Scenario -->
      <class name="com.qmetry.qaf.automation.step.client.DataDrivenScenario">
        <test-method status="PASS" signature="setup(org.testng.ITestContext)[pri:0, instance:com.qmetry.qaf.automation.step.client.DataDrivenScenario@3ea]" test-instance-name="Search Keyword" name="setup" is-config="true" duration-ms="2" started-at="2016-10-20T14:19:28Z" finished-at="2016-10-20T14:19:28Z">
          <params>
            <param index="0">
              <value>
                <![CDATA[org.testng.TestRunner@6aed248d]]>
              </value>
            </param>
          </params>
          <reporter-output>
          </reporter-output>
        </test-method> <!-- setup -->
        <test-method status="PASS" signature="setupMethod(java.lang.reflect.Method, org.testng.ITestContext)[pri:0, instance:com.qmetry.qaf.automation.step.client.DataDrivenScenario@3ea]" test-instance-name="Search Keyword" name="setupMethod" is-config="true" duration-ms="1" started-at="2016-10-20T14:19:28Z" finished-at="2016-10-20T14:19:28Z">
          <params>
            <param index="0">
              <value>
                <![CDATA[public void com.qmetry.qaf.automation.step.client.DataDrivenScenario.scenario(java.util.Map)]]>
              </value>
            </param>
            <param index="1">
              <value>
                <![CDATA[org.testng.TestRunner@6aed248d]]>
              </value>
            </param>
          </params>
          <reporter-output>
          </reporter-output>
        </test-method> <!-- setupMethod -->
        <test-method status="PASS" signature="Search Keyword( java.util.Map)[pri:1002, instance:com.qmetry.qaf.automation.step.client.DataDrivenScenario@3ea]" test-instance-name="Search Keyword" name="Search Keyword" duration-ms="59354" started-at="2016-10-20T14:19:28Z" data-provider="scenariodp" finished-at="2016-10-20T14:20:28Z">
          <params>
            <param index="0">
              <value>
                <![CDATA[{searchResult=using QAF, searchKey=QAF StackOverflow, recId=StackOverflow}]]>
              </value>
            </param>
          </params>
          <reporter-output>
            <line>
              <![CDATA[<div style="display:block;margin-left:10px;"><div  class="teststeppass"><span class="teststeppass-label">T </span>Given I am on Google Search Page</div><div  class="teststeppass"><span class="teststeppass-label">T </span>When I search for "QAF StackOverflow"</div><div  class="teststeppass"><span class="teststeppass-label">T </span>Then it should have "using QAF" in search results</div><div style="display:block;margin-left:10px;"><div  class="pass"><span class="pass-label">P </span>Expected using QAF present : Actual using QAF present <a href="../img/Search Keyword_d85klc4h9oa057233.png" target="_blank">[View Screenshot]</a> </div></div></div>]]>
            </line>
          </reporter-output>
        </test-method> <!-- Search Keyword -->
        <test-method status="PASS" signature="afterMethod(org.testng.ITestContext, org.testng.ITestResult)[pri:0, instance:com.qmetry.qaf.automation.step.client.DataDrivenScenario@3ea]" test-instance-name="Search Keyword" name="afterMethod" is-config="true" duration-ms="0" started-at="2016-10-20T14:20:28Z" finished-at="2016-10-20T14:20:28Z">
          <params>
            <param index="0">
              <value>
                <![CDATA[org.testng.TestRunner@6aed248d]]>
              </value>
            </param>
            <param index="1">
              <value>
                <![CDATA[[TestResult name=Search Keyword status=SUCCESS method=scenarios.goolge.feature.Search Keyword( java.util.Map)[pri:1002, instance:com.qmetry.qaf.automation.step.client.DataDrivenScenario@3ea] output=<div style="display:block;margin-left:10px;"><div  class="teststeppass"><span class="teststeppass-label">T </span>Given I am on Google Search Page</div><div  class="teststeppass"><span class="teststeppass-label">T </span>When I search for "QAF StackOverflow"</div><div  class="teststeppass"><span class="teststeppass-label">T </span>Then it should have "using QAF" in search results</div><div style="display:block;margin-left:10px;"><div  class="pass"><span class="pass-label">P </span>Expected using QAF present : Actual using QAF present <a href="../img/Search Keyword_d85klc4h9oa057233.png" target="_blank">[View Screenshot]</a> </div></div></div>]]]>
              </value>
            </param>
          </params>
          <reporter-output>
          </reporter-output>
        </test-method> <!-- afterMethod -->
        <test-method status="PASS" signature="setupMethod(java.lang.reflect.Method, org.testng.ITestContext)[pri:0, instance:com.qmetry.qaf.automation.step.client.DataDrivenScenario@3ea]" test-instance-name="Search Keyword" name="setupMethod" is-config="true" duration-ms="1" started-at="2016-10-20T14:20:28Z" finished-at="2016-10-20T14:20:28Z">
          <params>
            <param index="0">
              <value>
                <![CDATA[public void com.qmetry.qaf.automation.step.client.DataDrivenScenario.scenario(java.util.Map)]]>
              </value>
            </param>
            <param index="1">
              <value>
                <![CDATA[org.testng.TestRunner@6aed248d]]>
              </value>
            </param>
          </params>
          <reporter-output>
          </reporter-output>
        </test-method> <!-- setupMethod -->
        <test-method status="PASS" signature="Search Keyword( java.util.Map)[pri:1002, instance:com.qmetry.qaf.automation.step.client.DataDrivenScenario@3ea]" test-instance-name="Search Keyword" name="Search Keyword" duration-ms="14335" started-at="2016-10-20T14:20:28Z" data-provider="scenariodp" finished-at="2016-10-20T14:20:42Z">
          <params>
            <param index="0">
              <value>
                <![CDATA[{searchResult=InfoStretch Test Automation Framework, searchKey=Selenium ISFW, recId=ISFW}]]>
              </value>
            </param>
          </params>
          <reporter-output>
            <line>
              <![CDATA[<div style="display:block;margin-left:10px;"><div  class="teststeppass"><span class="teststeppass-label">T </span>Given I am on Google Search Page</div><div  class="teststeppass"><span class="teststeppass-label">T </span>When I search for "Selenium ISFW"</div><div  class="teststeppass"><span class="teststeppass-label">T </span>Then it should have "InfoStretch Test Automation Framework" in search results</div><div style="display:block;margin-left:10px;"><div  class="pass"><span class="pass-label">P </span>Expected InfoStretch Test Automation Framework present : Actual InfoStretch Test Automation Framework present <a href="../img/Search Keyword_yodwp4zlsuij57234.png" target="_blank">[View Screenshot]</a> </div></div></div>]]>
            </line>
          </reporter-output>
        </test-method> <!-- Search Keyword -->
        <test-method status="PASS" signature="afterMethod(org.testng.ITestContext, org.testng.ITestResult)[pri:0, instance:com.qmetry.qaf.automation.step.client.DataDrivenScenario@3ea]" test-instance-name="Search Keyword" name="afterMethod" is-config="true" duration-ms="0" started-at="2016-10-20T14:20:42Z" finished-at="2016-10-20T14:20:42Z">
          <params>
            <param index="0">
              <value>
                <![CDATA[org.testng.TestRunner@6aed248d]]>
              </value>
            </param>
            <param index="1">
              <value>
                <![CDATA[[TestResult name=Search Keyword status=SUCCESS method=scenarios.goolge.feature.Search Keyword( java.util.Map)[pri:1002, instance:com.qmetry.qaf.automation.step.client.DataDrivenScenario@3ea] output=<div style="display:block;margin-left:10px;"><div  class="teststeppass"><span class="teststeppass-label">T </span>Given I am on Google Search Page</div><div  class="teststeppass"><span class="teststeppass-label">T </span>When I search for "Selenium ISFW"</div><div  class="teststeppass"><span class="teststeppass-label">T </span>Then it should have "InfoStretch Test Automation Framework" in search results</div><div style="display:block;margin-left:10px;"><div  class="pass"><span class="pass-label">P </span>Expected InfoStretch Test Automation Framework present : Actual InfoStretch Test Automation Framework present <a href="../img/Search Keyword_yodwp4zlsuij57234.png" target="_blank">[View Screenshot]</a> </div></div></div>]]]>
              </value>
            </param>
          </params>
          <reporter-output>
          </reporter-output>
        </test-method> <!-- afterMethod -->
        <test-method status="PASS" signature="afterClass(org.testng.ITestContext)[pri:0, instance:com.qmetry.qaf.automation.step.client.DataDrivenScenario@3ea]" test-instance-name="Search Keyword" name="afterClass" is-config="true" duration-ms="0" started-at="2016-10-20T14:20:42Z" finished-at="2016-10-20T14:20:42Z">
          <params>
            <param index="0">
              <value>
                <![CDATA[org.testng.TestRunner@6aed248d]]>
              </value>
            </param>
          </params>
          <reporter-output>
          </reporter-output>
        </test-method> <!-- afterClass -->
      </class> <!-- com.qmetry.qaf.automation.step.client.DataDrivenScenario -->
    </test> <!-- GherkinTest -->
  </suite> <!-- QAF-Gherkin-Demo -->
</testng-results>
